{"/Users/alexander/dev/LawAndOrder/src/bot/index.ts": {"path":"/Users/alexander/dev/LawAndOrder/src/bot/index.ts","statementMap":{"0":{"start":{"line":1,"column":0},"end":{"line":1,"column":9}},"1":{"start":{"line":1,"column":9},"end":{"line":1,"column":51}},"2":{"start":{"line":2,"column":0},"end":{"line":2,"column":9}},"3":{"start":{"line":2,"column":9},"end":{"line":2,"column":55}},"4":{"start":{"line":3,"column":0},"end":{"line":3,"column":9}},"5":{"start":{"line":3,"column":9},"end":{"line":3,"column":56}},"6":{"start":{"line":4,"column":0},"end":{"line":4,"column":24}}},"fnMap":{"0":{"name":"(anonymous_4)","decl":{"start":{"line":1,"column":9},"end":{"line":1,"column":19}},"loc":{"start":{"line":1,"column":9},"end":{"line":1,"column":51}}},"1":{"name":"(anonymous_5)","decl":{"start":{"line":2,"column":9},"end":{"line":2,"column":21}},"loc":{"start":{"line":2,"column":9},"end":{"line":2,"column":55}}},"2":{"name":"(anonymous_6)","decl":{"start":{"line":3,"column":9},"end":{"line":3,"column":25}},"loc":{"start":{"line":3,"column":9},"end":{"line":3,"column":56}}}},"branchMap":{},"s":{"0":0,"1":0,"2":0,"3":0,"4":0,"5":0,"6":0},"f":{"0":0,"1":0,"2":0},"b":{}}
,"/Users/alexander/dev/LawAndOrder/src/bot/services/botService.ts": {"path":"/Users/alexander/dev/LawAndOrder/src/bot/services/botService.ts","statementMap":{"0":{"start":{"line":1,"column":0},"end":{"line":1,"column":62}},"1":{"start":{"line":2,"column":0},"end":{"line":2,"column":46}},"2":{"start":{"line":3,"column":0},"end":{"line":3,"column":47}},"3":{"start":{"line":13,"column":4},"end":{"line":13,"column":25}},"4":{"start":{"line":14,"column":4},"end":{"line":14,"column":37}},"5":{"start":{"line":15,"column":4},"end":{"line":15,"column":43}},"6":{"start":{"line":16,"column":4},"end":{"line":16,"column":94}},"7":{"start":{"line":18,"column":4},"end":{"line":18,"column":25}},"8":{"start":{"line":19,"column":4},"end":{"line":19,"column":30}},"9":{"start":{"line":24,"column":4},"end":{"line":40,"column":7}},"10":{"start":{"line":25,"column":25},"end":{"line":25,"column":41}},"11":{"start":{"line":26,"column":19},"end":{"line":26,"column":27}},"12":{"start":{"line":28,"column":6},"end":{"line":39,"column":7}},"13":{"start":{"line":29,"column":8},"end":{"line":29,"column":87}},"14":{"start":{"line":30,"column":8},"end":{"line":30,"column":40}},"15":{"start":{"line":32,"column":8},"end":{"line":35,"column":10}},"16":{"start":{"line":36,"column":13},"end":{"line":39,"column":7}},"17":{"start":{"line":37,"column":8},"end":{"line":37,"column":57}},"18":{"start":{"line":38,"column":8},"end":{"line":38,"column":43}},"19":{"start":{"line":43,"column":4},"end":{"line":63,"column":7}},"20":{"start":{"line":44,"column":21},"end":{"line":44,"column":33}},"21":{"start":{"line":45,"column":21},"end":{"line":45,"column":32}},"22":{"start":{"line":48,"column":6},"end":{"line":62,"column":7}},"23":{"start":{"line":49,"column":21},"end":{"line":49,"column":42}},"24":{"start":{"line":52,"column":8},"end":{"line":61,"column":9}},"25":{"start":{"line":53,"column":10},"end":{"line":53,"column":66}},"26":{"start":{"line":54,"column":10},"end":{"line":54,"column":99}},"27":{"start":{"line":57,"column":33},"end":{"line":57,"column":110}},"28":{"start":{"line":58,"column":10},"end":{"line":60,"column":11}},"29":{"start":{"line":59,"column":12},"end":{"line":59,"column":79}},"30":{"start":{"line":66,"column":4},"end":{"line":89,"column":7}},"31":{"start":{"line":67,"column":6},"end":{"line":70,"column":7}},"32":{"start":{"line":68,"column":8},"end":{"line":68,"column":67}},"33":{"start":{"line":69,"column":8},"end":{"line":69,"column":15}},"34":{"start":{"line":72,"column":19},"end":{"line":72,"column":40}},"35":{"start":{"line":73,"column":21},"end":{"line":73,"column":32}},"36":{"start":{"line":74,"column":27},"end":{"line":74,"column":74}},"37":{"start":{"line":75,"column":29},"end":{"line":75,"column":106}},"38":{"start":{"line":76,"column":28},"end":{"line":76,"column":76}},"39":{"start":{"line":78,"column":26},"end":{"line":78,"column":66}},"40":{"start":{"line":79,"column":6},"end":{"line":79,"column":96}},"41":{"start":{"line":80,"column":6},"end":{"line":80,"column":64}},"42":{"start":{"line":82,"column":6},"end":{"line":86,"column":7}},"43":{"start":{"line":83,"column":8},"end":{"line":83,"column":82}},"44":{"start":{"line":85,"column":8},"end":{"line":85,"column":63}},"45":{"start":{"line":88,"column":6},"end":{"line":88,"column":37}},"46":{"start":{"line":92,"column":4},"end":{"line":111,"column":7}},"47":{"start":{"line":93,"column":26},"end":{"line":108,"column":8}},"48":{"start":{"line":110,"column":6},"end":{"line":110,"column":63}},"49":{"start":{"line":115,"column":4},"end":{"line":127,"column":7}},"50":{"start":{"line":116,"column":18},"end":{"line":116,"column":25}},"51":{"start":{"line":117,"column":6},"end":{"line":117,"column":76}},"52":{"start":{"line":118,"column":16},"end":{"line":118,"column":25}},"53":{"start":{"line":120,"column":6},"end":{"line":126,"column":7}},"54":{"start":{"line":121,"column":8},"end":{"line":121,"column":58}},"55":{"start":{"line":122,"column":13},"end":{"line":126,"column":7}},"56":{"start":{"line":123,"column":8},"end":{"line":123,"column":56}},"57":{"start":{"line":125,"column":8},"end":{"line":125,"column":43}},"58":{"start":{"line":131,"column":4},"end":{"line":131,"column":50}},"59":{"start":{"line":135,"column":4},"end":{"line":135,"column":47}},"60":{"start":{"line":138,"column":4},"end":{"line":138,"column":27}},"61":{"start":{"line":141,"column":4},"end":{"line":141,"column":27}},"62":{"start":{"line":142,"column":4},"end":{"line":142,"column":56}},"63":{"start":{"line":146,"column":4},"end":{"line":146,"column":47}},"64":{"start":{"line":147,"column":4},"end":{"line":147,"column":26}},"65":{"start":{"line":148,"column":4},"end":{"line":148,"column":43}},"66":{"start":{"line":153,"column":4},"end":{"line":153,"column":20}},"67":{"start":{"line":157,"column":4},"end":{"line":157,"column":29}},"68":{"start":{"line":161,"column":4},"end":{"line":161,"column":26}},"69":{"start":{"line":6,"column":0},"end":{"line":6,"column":13}}},"fnMap":{"0":{"name":"(anonymous_0)","decl":{"start":{"line":12,"column":2},"end":{"line":12,"column":14}},"loc":{"start":{"line":12,"column":31},"end":{"line":20,"column":3}}},"1":{"name":"(anonymous_1)","decl":{"start":{"line":22,"column":10},"end":{"line":22,"column":23}},"loc":{"start":{"line":22,"column":23},"end":{"line":112,"column":3}}},"2":{"name":"(anonymous_2)","decl":{"start":{"line":24,"column":34},"end":{"line":24,"column":39}},"loc":{"start":{"line":24,"column":48},"end":{"line":40,"column":5}}},"3":{"name":"(anonymous_3)","decl":{"start":{"line":43,"column":32},"end":{"line":43,"column":37}},"loc":{"start":{"line":43,"column":46},"end":{"line":63,"column":5}}},"4":{"name":"(anonymous_4)","decl":{"start":{"line":66,"column":31},"end":{"line":66,"column":36}},"loc":{"start":{"line":66,"column":45},"end":{"line":89,"column":5}}},"5":{"name":"(anonymous_5)","decl":{"start":{"line":92,"column":29},"end":{"line":92,"column":34}},"loc":{"start":{"line":92,"column":43},"end":{"line":111,"column":5}}},"6":{"name":"(anonymous_6)","decl":{"start":{"line":114,"column":10},"end":{"line":114,"column":28}},"loc":{"start":{"line":114,"column":28},"end":{"line":128,"column":3}}},"7":{"name":"(anonymous_7)","decl":{"start":{"line":115,"column":19},"end":{"line":115,"column":20}},"loc":{"start":{"line":115,"column":27},"end":{"line":127,"column":5}}},"8":{"name":"(anonymous_8)","decl":{"start":{"line":130,"column":10},"end":{"line":130,"column":24}},"loc":{"start":{"line":130,"column":24},"end":{"line":132,"column":3}}},"9":{"name":"(anonymous_9)","decl":{"start":{"line":134,"column":9},"end":{"line":134,"column":14}},"loc":{"start":{"line":134,"column":20},"end":{"line":143,"column":3}}},"10":{"name":"(anonymous_10)","decl":{"start":{"line":145,"column":9},"end":{"line":145,"column":14}},"loc":{"start":{"line":145,"column":19},"end":{"line":149,"column":3}}},"11":{"name":"(anonymous_11)","decl":{"start":{"line":152,"column":9},"end":{"line":152,"column":15}},"loc":{"start":{"line":152,"column":15},"end":{"line":154,"column":3}}},"12":{"name":"(anonymous_12)","decl":{"start":{"line":156,"column":9},"end":{"line":156,"column":24}},"loc":{"start":{"line":156,"column":24},"end":{"line":158,"column":3}}},"13":{"name":"(anonymous_13)","decl":{"start":{"line":160,"column":9},"end":{"line":160,"column":21}},"loc":{"start":{"line":160,"column":21},"end":{"line":162,"column":3}}}},"branchMap":{"0":{"loc":{"start":{"line":28,"column":6},"end":{"line":39,"column":7}},"type":"if","locations":[{"start":{"line":28,"column":6},"end":{"line":39,"column":7}},{"start":{"line":36,"column":13},"end":{"line":39,"column":7}}]},"1":{"loc":{"start":{"line":28,"column":10},"end":{"line":28,"column":113}},"type":"binary-expr","locations":[{"start":{"line":28,"column":10},"end":{"line":28,"column":56}},{"start":{"line":28,"column":60},"end":{"line":28,"column":113}}]},"2":{"loc":{"start":{"line":29,"column":54},"end":{"line":29,"column":82}},"type":"binary-expr","locations":[{"start":{"line":29,"column":54},"end":{"line":29,"column":64}},{"start":{"line":29,"column":68},"end":{"line":29,"column":82}}]},"3":{"loc":{"start":{"line":36,"column":13},"end":{"line":39,"column":7}},"type":"if","locations":[{"start":{"line":36,"column":13},"end":{"line":39,"column":7}}]},"4":{"loc":{"start":{"line":36,"column":17},"end":{"line":36,"column":111}},"type":"binary-expr","locations":[{"start":{"line":36,"column":17},"end":{"line":36,"column":61}},{"start":{"line":36,"column":65},"end":{"line":36,"column":111}}]},"5":{"loc":{"start":{"line":48,"column":6},"end":{"line":62,"column":7}},"type":"if","locations":[{"start":{"line":48,"column":6},"end":{"line":62,"column":7}}]},"6":{"loc":{"start":{"line":48,"column":10},"end":{"line":48,"column":94}},"type":"binary-expr","locations":[{"start":{"line":48,"column":10},"end":{"line":48,"column":16}},{"start":{"line":48,"column":20},"end":{"line":48,"column":63}},{"start":{"line":48,"column":67},"end":{"line":48,"column":94}}]},"7":{"loc":{"start":{"line":52,"column":8},"end":{"line":61,"column":9}},"type":"if","locations":[{"start":{"line":52,"column":8},"end":{"line":61,"column":9}}]},"8":{"loc":{"start":{"line":58,"column":10},"end":{"line":60,"column":11}},"type":"if","locations":[{"start":{"line":58,"column":10},"end":{"line":60,"column":11}}]},"9":{"loc":{"start":{"line":67,"column":6},"end":{"line":70,"column":7}},"type":"if","locations":[{"start":{"line":67,"column":6},"end":{"line":70,"column":7}}]},"10":{"loc":{"start":{"line":82,"column":6},"end":{"line":86,"column":7}},"type":"if","locations":[{"start":{"line":82,"column":6},"end":{"line":86,"column":7}},{"start":{"line":84,"column":13},"end":{"line":86,"column":7}}]},"11":{"loc":{"start":{"line":120,"column":6},"end":{"line":126,"column":7}},"type":"if","locations":[{"start":{"line":120,"column":6},"end":{"line":126,"column":7}},{"start":{"line":122,"column":13},"end":{"line":126,"column":7}}]},"12":{"loc":{"start":{"line":122,"column":13},"end":{"line":126,"column":7}},"type":"if","locations":[{"start":{"line":122,"column":13},"end":{"line":126,"column":7}},{"start":{"line":124,"column":13},"end":{"line":126,"column":7}}]}},"s":{"0":1,"1":1,"2":1,"3":13,"4":13,"5":13,"6":13,"7":13,"8":13,"9":13,"10":2,"11":2,"12":2,"13":1,"14":1,"15":1,"16":1,"17":1,"18":1,"19":13,"20":4,"21":4,"22":4,"23":2,"24":2,"25":2,"26":2,"27":2,"28":2,"29":1,"30":13,"31":2,"32":1,"33":1,"34":1,"35":1,"36":1,"37":1,"38":1,"39":1,"40":1,"41":1,"42":1,"43":1,"44":0,"45":1,"46":13,"47":1,"48":1,"49":13,"50":0,"51":0,"52":0,"53":0,"54":0,"55":0,"56":0,"57":0,"58":3,"59":1,"60":1,"61":1,"62":1,"63":1,"64":1,"65":1,"66":0,"67":5,"68":2,"69":1},"f":{"0":13,"1":13,"2":2,"3":4,"4":2,"5":1,"6":13,"7":0,"8":3,"9":1,"10":1,"11":0,"12":5,"13":2},"b":{"0":[1,1],"1":[2,1],"2":[1,0],"3":[1],"4":[1,0],"5":[2],"6":[4,4,3],"7":[2],"8":[1],"9":[1],"10":[1,0],"11":[0,0],"12":[0,0]}}
,"/Users/alexander/dev/LawAndOrder/src/bot/services/scheduler.ts": {"path":"/Users/alexander/dev/LawAndOrder/src/bot/services/scheduler.ts","statementMap":{"0":{"start":{"line":1,"column":0},"end":{"line":1,"column":34}},"1":{"start":{"line":10,"column":10},"end":{"line":10,"column":47}},"2":{"start":{"line":13,"column":4},"end":{"line":13,"column":19}},"3":{"start":{"line":14,"column":4},"end":{"line":14,"column":37}},"4":{"start":{"line":15,"column":4},"end":{"line":15,"column":41}},"5":{"start":{"line":19,"column":4},"end":{"line":19,"column":33}},"6":{"start":{"line":23,"column":4},"end":{"line":23,"column":36}},"7":{"start":{"line":28,"column":4},"end":{"line":32,"column":7}},"8":{"start":{"line":29,"column":6},"end":{"line":29,"column":39}},"9":{"start":{"line":35,"column":4},"end":{"line":39,"column":7}},"10":{"start":{"line":36,"column":6},"end":{"line":36,"column":40}},"11":{"start":{"line":41,"column":4},"end":{"line":41,"column":57}},"12":{"start":{"line":45,"column":16},"end":{"line":45,"column":26}},"13":{"start":{"line":46,"column":4},"end":{"line":46,"column":43}},"14":{"start":{"line":50,"column":17},"end":{"line":50,"column":38}},"15":{"start":{"line":52,"column":4},"end":{"line":69,"column":5}},"16":{"start":{"line":53,"column":6},"end":{"line":68,"column":7}},"17":{"start":{"line":54,"column":22},"end":{"line":54,"column":62}},"18":{"start":{"line":57,"column":8},"end":{"line":59,"column":9}},"19":{"start":{"line":58,"column":10},"end":{"line":58,"column":60}},"20":{"start":{"line":61,"column":24},"end":{"line":61,"column":56}},"21":{"start":{"line":62,"column":8},"end":{"line":62,"column":56}},"22":{"start":{"line":63,"column":8},"end":{"line":63,"column":63}},"23":{"start":{"line":65,"column":8},"end":{"line":65,"column":80}},"24":{"start":{"line":67,"column":8},"end":{"line":67,"column":82}},"25":{"start":{"line":73,"column":17},"end":{"line":73,"column":38}},"26":{"start":{"line":75,"column":4},"end":{"line":99,"column":5}},"27":{"start":{"line":76,"column":6},"end":{"line":98,"column":7}},"28":{"start":{"line":77,"column":22},"end":{"line":77,"column":62}},"29":{"start":{"line":80,"column":8},"end":{"line":82,"column":9}},"30":{"start":{"line":81,"column":10},"end":{"line":81,"column":19}},"31":{"start":{"line":84,"column":31},"end":{"line":84,"column":101}},"32":{"start":{"line":87,"column":8},"end":{"line":89,"column":9}},"33":{"start":{"line":88,"column":10},"end":{"line":88,"column":19}},"34":{"start":{"line":91,"column":24},"end":{"line":91,"column":85}},"35":{"start":{"line":92,"column":8},"end":{"line":92,"column":56}},"36":{"start":{"line":93,"column":8},"end":{"line":93,"column":63}},"37":{"start":{"line":95,"column":8},"end":{"line":95,"column":122}},"38":{"start":{"line":97,"column":8},"end":{"line":97,"column":84}},"39":{"start":{"line":103,"column":4},"end":{"line":103,"column":77}},"40":{"start":{"line":107,"column":31},"end":{"line":107,"column":33}},"41":{"start":{"line":109,"column":4},"end":{"line":124,"column":5}},"42":{"start":{"line":110,"column":6},"end":{"line":123,"column":7}},"43":{"start":{"line":111,"column":27},"end":{"line":111,"column":75}},"44":{"start":{"line":112,"column":21},"end":{"line":112,"column":36}},"45":{"start":{"line":114,"column":8},"end":{"line":119,"column":9}},"46":{"start":{"line":115,"column":10},"end":{"line":115,"column":45}},"47":{"start":{"line":117,"column":23},"end":{"line":117,"column":85}},"48":{"start":{"line":118,"column":10},"end":{"line":118,"column":61}},"49":{"start":{"line":121,"column":8},"end":{"line":121,"column":70}},"50":{"start":{"line":122,"column":8},"end":{"line":122,"column":66}},"51":{"start":{"line":126,"column":24},"end":{"line":126,"column":43}},"52":{"start":{"line":127,"column":4},"end":{"line":127,"column":97}},"53":{"start":{"line":131,"column":4},"end":{"line":131,"column":37}},"54":{"start":{"line":6,"column":0},"end":{"line":6,"column":13}}},"fnMap":{"0":{"name":"(anonymous_9)","decl":{"start":{"line":12,"column":2},"end":{"line":12,"column":14}},"loc":{"start":{"line":12,"column":76},"end":{"line":16,"column":3}}},"1":{"name":"(anonymous_10)","decl":{"start":{"line":18,"column":9},"end":{"line":18,"column":16}},"loc":{"start":{"line":18,"column":31},"end":{"line":20,"column":3}}},"2":{"name":"(anonymous_11)","decl":{"start":{"line":22,"column":9},"end":{"line":22,"column":19}},"loc":{"start":{"line":22,"column":34},"end":{"line":24,"column":3}}},"3":{"name":"(anonymous_12)","decl":{"start":{"line":26,"column":9},"end":{"line":26,"column":14}},"loc":{"start":{"line":26,"column":14},"end":{"line":42,"column":3}}},"4":{"name":"(anonymous_13)","decl":{"start":{"line":28,"column":33},"end":{"line":28,"column":38}},"loc":{"start":{"line":28,"column":44},"end":{"line":30,"column":5}}},"5":{"name":"(anonymous_14)","decl":{"start":{"line":35,"column":39},"end":{"line":35,"column":44}},"loc":{"start":{"line":35,"column":50},"end":{"line":37,"column":5}}},"6":{"name":"(anonymous_15)","decl":{"start":{"line":44,"column":10},"end":{"line":44,"column":24}},"loc":{"start":{"line":44,"column":24},"end":{"line":47,"column":3}}},"7":{"name":"(anonymous_16)","decl":{"start":{"line":49,"column":10},"end":{"line":49,"column":15}},"loc":{"start":{"line":49,"column":35},"end":{"line":70,"column":3}}},"8":{"name":"(anonymous_17)","decl":{"start":{"line":72,"column":10},"end":{"line":72,"column":15}},"loc":{"start":{"line":72,"column":36},"end":{"line":100,"column":3}}},"9":{"name":"(anonymous_18)","decl":{"start":{"line":102,"column":10},"end":{"line":102,"column":35}},"loc":{"start":{"line":102,"column":35},"end":{"line":104,"column":3}}},"10":{"name":"(anonymous_19)","decl":{"start":{"line":106,"column":10},"end":{"line":106,"column":15}},"loc":{"start":{"line":106,"column":85},"end":{"line":128,"column":3}}},"11":{"name":"(anonymous_20)","decl":{"start":{"line":130,"column":9},"end":{"line":130,"column":23}},"loc":{"start":{"line":130,"column":23},"end":{"line":132,"column":3}}}},"branchMap":{"0":{"loc":{"start":{"line":57,"column":8},"end":{"line":59,"column":9}},"type":"if","locations":[{"start":{"line":57,"column":8},"end":{"line":59,"column":9}}]},"1":{"loc":{"start":{"line":80,"column":8},"end":{"line":82,"column":9}},"type":"if","locations":[{"start":{"line":80,"column":8},"end":{"line":82,"column":9}}]},"2":{"loc":{"start":{"line":87,"column":8},"end":{"line":89,"column":9}},"type":"if","locations":[{"start":{"line":87,"column":8},"end":{"line":89,"column":9}}]},"3":{"loc":{"start":{"line":114,"column":8},"end":{"line":119,"column":9}},"type":"if","locations":[{"start":{"line":114,"column":8},"end":{"line":119,"column":9}},{"start":{"line":116,"column":15},"end":{"line":119,"column":9}}]},"4":{"loc":{"start":{"line":117,"column":42},"end":{"line":117,"column":84}},"type":"cond-expr","locations":[{"start":{"line":117,"column":59},"end":{"line":117,"column":79}},{"start":{"line":117,"column":82},"end":{"line":117,"column":84}}]}},"s":{"0":2,"1":26,"2":26,"3":26,"4":26,"5":15,"6":2,"7":9,"8":3,"9":9,"10":4,"11":9,"12":7,"13":7,"14":3,"15":3,"16":4,"17":4,"18":4,"19":4,"20":4,"21":4,"22":3,"23":3,"24":1,"25":4,"26":4,"27":4,"28":4,"29":4,"30":1,"31":3,"32":3,"33":1,"34":2,"35":2,"36":2,"37":2,"38":0,"39":4,"40":2,"41":2,"42":2,"43":2,"44":2,"45":2,"46":1,"47":1,"48":1,"49":0,"50":0,"51":2,"52":2,"53":10,"54":2},"f":{"0":26,"1":15,"2":2,"3":9,"4":3,"5":4,"6":7,"7":3,"8":4,"9":4,"10":2,"11":10},"b":{"0":[4],"1":[1],"2":[1],"3":[1,1],"4":[1,0]}}
,"/Users/alexander/dev/LawAndOrder/src/bot/services/stateManager.ts": {"path":"/Users/alexander/dev/LawAndOrder/src/bot/services/stateManager.ts","statementMap":{"0":{"start":{"line":4,"column":10},"end":{"line":4,"column":58}},"1":{"start":{"line":7,"column":4},"end":{"line":7,"column":31}},"2":{"start":{"line":11,"column":16},"end":{"line":11,"column":46}},"3":{"start":{"line":12,"column":4},"end":{"line":19,"column":5}},"4":{"start":{"line":13,"column":6},"end":{"line":18,"column":9}},"5":{"start":{"line":20,"column":4},"end":{"line":20,"column":33}},"6":{"start":{"line":24,"column":18},"end":{"line":24,"column":45}},"7":{"start":{"line":25,"column":4},"end":{"line":25,"column":35}},"8":{"start":{"line":29,"column":18},"end":{"line":29,"column":45}},"9":{"start":{"line":30,"column":4},"end":{"line":30,"column":26}},"10":{"start":{"line":31,"column":4},"end":{"line":31,"column":40}},"11":{"start":{"line":35,"column":4},"end":{"line":35,"column":52}},"12":{"start":{"line":39,"column":4},"end":{"line":39,"column":53}},"13":{"start":{"line":43,"column":25},"end":{"line":43,"column":59}},"14":{"start":{"line":44,"column":4},"end":{"line":44,"column":70}},"15":{"start":{"line":44,"column":43},"end":{"line":44,"column":68}},"16":{"start":{"line":48,"column":4},"end":{"line":48,"column":58}},"17":{"start":{"line":52,"column":16},"end":{"line":52,"column":46}},"18":{"start":{"line":53,"column":4},"end":{"line":53,"column":28}},"19":{"start":{"line":57,"column":4},"end":{"line":57,"column":32}},"20":{"start":{"line":3,"column":0},"end":{"line":3,"column":13}}},"fnMap":{"0":{"name":"(anonymous_0)","decl":{"start":{"line":3,"column":0},"end":{"line":3,"column":13}},"loc":{"start":{"line":3,"column":0},"end":{"line":59,"column":1}}},"1":{"name":"(anonymous_1)","decl":{"start":{"line":6,"column":10},"end":{"line":6,"column":21}},"loc":{"start":{"line":6,"column":50},"end":{"line":8,"column":3}}},"2":{"name":"(anonymous_2)","decl":{"start":{"line":10,"column":9},"end":{"line":10,"column":17}},"loc":{"start":{"line":10,"column":46},"end":{"line":21,"column":3}}},"3":{"name":"(anonymous_3)","decl":{"start":{"line":23,"column":9},"end":{"line":23,"column":24}},"loc":{"start":{"line":23,"column":69},"end":{"line":26,"column":3}}},"4":{"name":"(anonymous_4)","decl":{"start":{"line":28,"column":9},"end":{"line":28,"column":31}},"loc":{"start":{"line":28,"column":60},"end":{"line":32,"column":3}}},"5":{"name":"(anonymous_5)","decl":{"start":{"line":34,"column":9},"end":{"line":34,"column":24}},"loc":{"start":{"line":34,"column":53},"end":{"line":36,"column":3}}},"6":{"name":"(anonymous_6)","decl":{"start":{"line":38,"column":9},"end":{"line":38,"column":25}},"loc":{"start":{"line":38,"column":54},"end":{"line":40,"column":3}}},"7":{"name":"(anonymous_7)","decl":{"start":{"line":42,"column":9},"end":{"line":42,"column":26}},"loc":{"start":{"line":42,"column":81},"end":{"line":45,"column":3}}},"8":{"name":"(anonymous_8)","decl":{"start":{"line":44,"column":33},"end":{"line":44,"column":39}},"loc":{"start":{"line":44,"column":43},"end":{"line":44,"column":68}}},"9":{"name":"(anonymous_9)","decl":{"start":{"line":47,"column":9},"end":{"line":47,"column":23}},"loc":{"start":{"line":47,"column":68},"end":{"line":49,"column":3}}},"10":{"name":"(anonymous_10)","decl":{"start":{"line":51,"column":9},"end":{"line":51,"column":26}},"loc":{"start":{"line":51,"column":55},"end":{"line":54,"column":3}}},"11":{"name":"(anonymous_11)","decl":{"start":{"line":56,"column":9},"end":{"line":56,"column":21}},"loc":{"start":{"line":56,"column":21},"end":{"line":58,"column":3}}}},"branchMap":{"0":{"loc":{"start":{"line":12,"column":4},"end":{"line":19,"column":5}},"type":"if","locations":[{"start":{"line":12,"column":4},"end":{"line":19,"column":5}}]}},"s":{"0":38,"1":87,"2":81,"3":81,"4":32,"5":81,"6":21,"7":21,"8":19,"9":19,"10":19,"11":23,"12":6,"13":9,"14":9,"15":21,"16":11,"17":6,"18":6,"19":2,"20":3},"f":{"0":38,"1":87,"2":81,"3":21,"4":19,"5":23,"6":6,"7":9,"8":21,"9":11,"10":6,"11":2},"b":{"0":[32]}}
,"/Users/alexander/dev/LawAndOrder/src/bot/types/index.ts": {"path":"/Users/alexander/dev/LawAndOrder/src/bot/types/index.ts","statementMap":{"0":{"start":{"line":21,"column":13},"end":{"line":26,"column":2}},"1":{"start":{"line":28,"column":13},"end":{"line":28,"column":44}}},"fnMap":{},"branchMap":{},"s":{"0":0,"1":0},"f":{},"b":{}}
,"/Users/alexander/dev/LawAndOrder/src/config/database.ts": {"path":"/Users/alexander/dev/LawAndOrder/src/config/database.ts","statementMap":{"0":{"start":{"line":1,"column":0},"end":{"line":1,"column":37}},"1":{"start":{"line":2,"column":0},"end":{"line":2,"column":29}},"2":{"start":{"line":3,"column":0},"end":{"line":3,"column":31}},"3":{"start":{"line":6,"column":0},"end":{"line":6,"column":27}},"4":{"start":{"line":9,"column":0},"end":{"line":9,"column":102}},"5":{"start":{"line":9,"column":66},"end":{"line":9,"column":99}},"6":{"start":{"line":11,"column":13},"end":{"line":23,"column":3}},"7":{"start":{"line":26,"column":34},"end":{"line":34,"column":1}},"8":{"start":{"line":27,"column":2},"end":{"line":33,"column":3}},"9":{"start":{"line":28,"column":4},"end":{"line":28,"column":37}},"10":{"start":{"line":29,"column":4},"end":{"line":29,"column":64}},"11":{"start":{"line":31,"column":4},"end":{"line":31,"column":68}},"12":{"start":{"line":32,"column":4},"end":{"line":32,"column":16}},"13":{"start":{"line":26,"column":13},"end":{"line":26,"column":34}}},"fnMap":{"0":{"name":"(anonymous_9)","decl":{"start":{"line":9,"column":41},"end":{"line":9,"column":42}},"loc":{"start":{"line":9,"column":66},"end":{"line":9,"column":99}}},"1":{"name":"(anonymous_10)","decl":{"start":{"line":26,"column":34},"end":{"line":26,"column":39}},"loc":{"start":{"line":26,"column":60},"end":{"line":34,"column":1}}}},"branchMap":{"0":{"loc":{"start":{"line":9,"column":66},"end":{"line":9,"column":99}},"type":"cond-expr","locations":[{"start":{"line":9,"column":81},"end":{"line":9,"column":85}},{"start":{"line":9,"column":88},"end":{"line":9,"column":99}}]}},"s":{"0":0,"1":0,"2":0,"3":0,"4":0,"5":0,"6":0,"7":0,"8":0,"9":0,"10":0,"11":0,"12":0,"13":0},"f":{"0":0,"1":0},"b":{"0":[0,0]}}
,"/Users/alexander/dev/LawAndOrder/src/config/dotenv.ts": {"path":"/Users/alexander/dev/LawAndOrder/src/config/dotenv.ts","statementMap":{"0":{"start":{"line":1,"column":0},"end":{"line":1,"column":33}},"1":{"start":{"line":2,"column":0},"end":{"line":2,"column":29}},"2":{"start":{"line":5,"column":15},"end":{"line":7,"column":2}},"3":{"start":{"line":9,"column":0},"end":{"line":11,"column":1}},"4":{"start":{"line":10,"column":2},"end":{"line":10,"column":66}},"5":{"start":{"line":14,"column":24},"end":{"line":22,"column":2}},"6":{"start":{"line":24,"column":31},"end":{"line":24,"column":85}},"7":{"start":{"line":24,"column":64},"end":{"line":24,"column":84}},"8":{"start":{"line":25,"column":0},"end":{"line":27,"column":1}},"9":{"start":{"line":26,"column":2},"end":{"line":26,"column":94}},"10":{"start":{"line":30,"column":13},"end":{"line":53,"column":2}},"11":{"start":{"line":50,"column":58},"end":{"line":50,"column":81}},"12":{"start":{"line":55,"column":0},"end":{"line":55,"column":19}}},"fnMap":{"0":{"name":"(anonymous_9)","decl":{"start":{"line":24,"column":54},"end":{"line":24,"column":60}},"loc":{"start":{"line":24,"column":64},"end":{"line":24,"column":84}}},"1":{"name":"(anonymous_10)","decl":{"start":{"line":50,"column":52},"end":{"line":50,"column":54}},"loc":{"start":{"line":50,"column":58},"end":{"line":50,"column":81}}}},"branchMap":{"0":{"loc":{"start":{"line":9,"column":0},"end":{"line":11,"column":1}},"type":"if","locations":[{"start":{"line":9,"column":0},"end":{"line":11,"column":1}}]},"1":{"loc":{"start":{"line":25,"column":0},"end":{"line":27,"column":1}},"type":"if","locations":[{"start":{"line":25,"column":0},"end":{"line":27,"column":1}}]},"2":{"loc":{"start":{"line":32,"column":10},"end":{"line":32,"column":44}},"type":"binary-expr","locations":[{"start":{"line":32,"column":10},"end":{"line":32,"column":29}},{"start":{"line":32,"column":33},"end":{"line":32,"column":44}}]},"3":{"loc":{"start":{"line":33,"column":19},"end":{"line":33,"column":48}},"type":"binary-expr","locations":[{"start":{"line":33,"column":19},"end":{"line":33,"column":38}},{"start":{"line":33,"column":42},"end":{"line":33,"column":48}}]},"4":{"loc":{"start":{"line":34,"column":14},"end":{"line":34,"column":51}},"type":"binary-expr","locations":[{"start":{"line":34,"column":14},"end":{"line":34,"column":37}},{"start":{"line":34,"column":41},"end":{"line":34,"column":51}}]},"5":{"loc":{"start":{"line":35,"column":14},"end":{"line":35,"column":51}},"type":"binary-expr","locations":[{"start":{"line":35,"column":14},"end":{"line":35,"column":37}},{"start":{"line":35,"column":41},"end":{"line":35,"column":51}}]},"6":{"loc":{"start":{"line":36,"column":14},"end":{"line":36,"column":46}},"type":"binary-expr","locations":[{"start":{"line":36,"column":14},"end":{"line":36,"column":37}},{"start":{"line":36,"column":41},"end":{"line":36,"column":46}}]},"7":{"loc":{"start":{"line":39,"column":19},"end":{"line":39,"column":49}},"type":"binary-expr","locations":[{"start":{"line":39,"column":19},"end":{"line":39,"column":39}},{"start":{"line":39,"column":43},"end":{"line":39,"column":49}}]},"8":{"loc":{"start":{"line":42,"column":23},"end":{"line":42,"column":60}},"type":"binary-expr","locations":[{"start":{"line":42,"column":23},"end":{"line":42,"column":50}},{"start":{"line":42,"column":54},"end":{"line":42,"column":60}}]},"9":{"loc":{"start":{"line":48,"column":14},"end":{"line":48,"column":50}},"type":"binary-expr","locations":[{"start":{"line":48,"column":14},"end":{"line":48,"column":44}},{"start":{"line":48,"column":48},"end":{"line":48,"column":50}}]},"10":{"loc":{"start":{"line":49,"column":20},"end":{"line":51,"column":10}},"type":"cond-expr","locations":[{"start":{"line":50,"column":8},"end":{"line":50,"column":82}},{"start":{"line":51,"column":8},"end":{"line":51,"column":10}}]}},"s":{"0":0,"1":0,"2":0,"3":0,"4":0,"5":0,"6":0,"7":0,"8":0,"9":0,"10":0,"11":0,"12":0},"f":{"0":0,"1":0},"b":{"0":[0],"1":[0],"2":[0,0],"3":[0,0],"4":[0,0],"5":[0,0],"6":[0,0],"7":[0,0],"8":[0,0],"9":[0,0],"10":[0,0]}}
,"/Users/alexander/dev/LawAndOrder/src/config/index.ts": {"path":"/Users/alexander/dev/LawAndOrder/src/config/index.ts","statementMap":{"0":{"start":{"line":1,"column":13},"end":{"line":1,"column":42}},"1":{"start":{"line":2,"column":13},"end":{"line":2,"column":40}},"2":{"start":{"line":3,"column":13},"end":{"line":3,"column":26}}},"fnMap":{},"branchMap":{},"s":{"0":0,"1":0,"2":0},"f":{},"b":{}}
,"/Users/alexander/dev/LawAndOrder/src/lib/gramjs/Helpers.ts": {"path":"/Users/alexander/dev/LawAndOrder/src/lib/gramjs/Helpers.ts","statementMap":{"0":{"start":{"line":5,"column":0},"end":{"line":5,"column":16}},"1":{"start":{"line":19,"column":0},"end":{"line":19,"column":16}},"2":{"start":{"line":31,"column":0},"end":{"line":31,"column":16}},"3":{"start":{"line":63,"column":0},"end":{"line":63,"column":16}},"4":{"start":{"line":67,"column":0},"end":{"line":67,"column":16}},"5":{"start":{"line":71,"column":0},"end":{"line":71,"column":16}},"6":{"start":{"line":75,"column":0},"end":{"line":75,"column":16}},"7":{"start":{"line":79,"column":0},"end":{"line":79,"column":7}},"8":{"start":{"line":97,"column":0},"end":{"line":97,"column":16}},"9":{"start":{"line":106,"column":0},"end":{"line":106,"column":16}},"10":{"start":{"line":112,"column":0},"end":{"line":112,"column":16}},"11":{"start":{"line":118,"column":0},"end":{"line":118,"column":16}},"12":{"start":{"line":139,"column":0},"end":{"line":139,"column":16}},"13":{"start":{"line":145,"column":0},"end":{"line":145,"column":16}},"14":{"start":{"line":151,"column":0},"end":{"line":151,"column":16}},"15":{"start":{"line":157,"column":0},"end":{"line":157,"column":16}},"16":{"start":{"line":179,"column":0},"end":{"line":179,"column":16}},"17":{"start":{"line":1,"column":0},"end":{"line":1,"column":33}},"18":{"start":{"line":3,"column":0},"end":{"line":3,"column":58}},"19":{"start":{"line":6,"column":19},"end":{"line":6,"column":38}},"20":{"start":{"line":7,"column":22},"end":{"line":7,"column":39}},"21":{"start":{"line":8,"column":2},"end":{"line":10,"column":3}},"22":{"start":{"line":9,"column":4},"end":{"line":9,"column":38}},"23":{"start":{"line":11,"column":15},"end":{"line":11,"column":53}},"24":{"start":{"line":12,"column":2},"end":{"line":15,"column":3}},"25":{"start":{"line":13,"column":4},"end":{"line":14,"column":37}},"26":{"start":{"line":16,"column":2},"end":{"line":16,"column":16}},"27":{"start":{"line":20,"column":20},"end":{"line":20,"column":31}},"28":{"start":{"line":21,"column":30},"end":{"line":21,"column":32}},"29":{"start":{"line":22,"column":2},"end":{"line":26,"column":3}},"30":{"start":{"line":22,"column":15},"end":{"line":22,"column":16}},"31":{"start":{"line":23,"column":4},"end":{"line":25,"column":20}},"32":{"start":{"line":28,"column":2},"end":{"line":28,"column":32}},"33":{"start":{"line":32,"column":20},"end":{"line":32,"column":51}},"34":{"start":{"line":34,"column":16},"end":{"line":34,"column":40}},"35":{"start":{"line":35,"column":2},"end":{"line":37,"column":3}},"36":{"start":{"line":36,"column":4},"end":{"line":36,"column":61}},"37":{"start":{"line":38,"column":2},"end":{"line":40,"column":3}},"38":{"start":{"line":39,"column":4},"end":{"line":39,"column":50}},"39":{"start":{"line":41,"column":14},"end":{"line":41,"column":19}},"40":{"start":{"line":42,"column":2},"end":{"line":45,"column":3}},"41":{"start":{"line":43,"column":4},"end":{"line":43,"column":17}},"42":{"start":{"line":44,"column":4},"end":{"line":44,"column":26}},"43":{"start":{"line":47,"column":14},"end":{"line":47,"column":64}},"44":{"start":{"line":48,"column":15},"end":{"line":48,"column":38}},"45":{"start":{"line":50,"column":2},"end":{"line":55,"column":3}},"46":{"start":{"line":51,"column":4},"end":{"line":51,"column":64}},"47":{"start":{"line":52,"column":4},"end":{"line":54,"column":5}},"48":{"start":{"line":52,"column":17},"end":{"line":52,"column":18}},"49":{"start":{"line":53,"column":6},"end":{"line":53,"column":34}},"50":{"start":{"line":56,"column":2},"end":{"line":58,"column":3}},"51":{"start":{"line":57,"column":4},"end":{"line":57,"column":30}},"52":{"start":{"line":60,"column":2},"end":{"line":60,"column":16}},"53":{"start":{"line":64,"column":2},"end":{"line":64,"column":68}},"54":{"start":{"line":68,"column":2},"end":{"line":68,"column":27}},"55":{"start":{"line":72,"column":2},"end":{"line":72,"column":48}},"56":{"start":{"line":76,"column":2},"end":{"line":76,"column":41}},"57":{"start":{"line":82,"column":22},"end":{"line":82,"column":65}},"58":{"start":{"line":83,"column":19},"end":{"line":83,"column":59}},"59":{"start":{"line":84,"column":32},"end":{"line":88,"column":4}},"60":{"start":{"line":89,"column":20},"end":{"line":89,"column":62}},"61":{"start":{"line":90,"column":19},"end":{"line":90,"column":84}},"62":{"start":{"line":91,"column":2},"end":{"line":94,"column":4}},"63":{"start":{"line":98,"column":18},"end":{"line":98,"column":46}},"64":{"start":{"line":100,"column":2},"end":{"line":102,"column":3}},"65":{"start":{"line":100,"column":15},"end":{"line":100,"column":16}},"66":{"start":{"line":101,"column":4},"end":{"line":101,"column":41}},"67":{"start":{"line":103,"column":2},"end":{"line":103,"column":17}},"68":{"start":{"line":107,"column":17},"end":{"line":107,"column":35}},"69":{"start":{"line":108,"column":2},"end":{"line":108,"column":22}},"70":{"start":{"line":109,"column":2},"end":{"line":109,"column":25}},"71":{"start":{"line":113,"column":17},"end":{"line":113,"column":37}},"72":{"start":{"line":114,"column":2},"end":{"line":114,"column":22}},"73":{"start":{"line":115,"column":2},"end":{"line":115,"column":25}},"74":{"start":{"line":123,"column":2},"end":{"line":123,"column":21}},"75":{"start":{"line":124,"column":15},"end":{"line":124,"column":25}},"76":{"start":{"line":125,"column":10},"end":{"line":125,"column":11}},"77":{"start":{"line":126,"column":2},"end":{"line":135,"column":3}},"78":{"start":{"line":127,"column":32},"end":{"line":127,"column":54}},"79":{"start":{"line":128,"column":4},"end":{"line":128,"column":28}},"80":{"start":{"line":129,"column":4},"end":{"line":132,"column":5}},"81":{"start":{"line":130,"column":6},"end":{"line":130,"column":34}},"82":{"start":{"line":131,"column":6},"end":{"line":131,"column":35}},"83":{"start":{"line":133,"column":4},"end":{"line":133,"column":22}},"84":{"start":{"line":134,"column":4},"end":{"line":134,"column":23}},"85":{"start":{"line":136,"column":2},"end":{"line":136,"column":16}},"86":{"start":{"line":140,"column":15},"end":{"line":140,"column":41}},"87":{"start":{"line":141,"column":21},"end":{"line":141,"column":51}},"88":{"start":{"line":142,"column":2},"end":{"line":142,"column":74}},"89":{"start":{"line":146,"column":2},"end":{"line":146,"column":23}},"90":{"start":{"line":147,"column":2},"end":{"line":147,"column":24}},"91":{"start":{"line":148,"column":2},"end":{"line":148,"column":59}},"92":{"start":{"line":152,"column":2},"end":{"line":154,"column":5}},"93":{"start":{"line":153,"column":4},"end":{"line":153,"column":28}},"94":{"start":{"line":158,"column":14},"end":{"line":158,"column":16}},"95":{"start":{"line":159,"column":2},"end":{"line":161,"column":3}},"96":{"start":{"line":159,"column":15},"end":{"line":159,"column":16}},"97":{"start":{"line":160,"column":4},"end":{"line":160,"column":26}},"98":{"start":{"line":162,"column":2},"end":{"line":162,"column":26}},"99":{"start":{"line":166,"column":13},"end":{"line":177,"column":5}},"100":{"start":{"line":168,"column":19},"end":{"line":168,"column":21}},"101":{"start":{"line":169,"column":2},"end":{"line":175,"column":3}},"102":{"start":{"line":169,"column":15},"end":{"line":169,"column":16}},"103":{"start":{"line":170,"column":4},"end":{"line":170,"column":10}},"104":{"start":{"line":171,"column":4},"end":{"line":173,"column":5}},"105":{"start":{"line":171,"column":17},"end":{"line":171,"column":18}},"106":{"start":{"line":172,"column":6},"end":{"line":172,"column":59}},"107":{"start":{"line":174,"column":4},"end":{"line":174,"column":20}},"108":{"start":{"line":176,"column":2},"end":{"line":176,"column":18}},"109":{"start":{"line":180,"column":2},"end":{"line":182,"column":3}},"110":{"start":{"line":181,"column":4},"end":{"line":181,"column":27}},"111":{"start":{"line":183,"column":12},"end":{"line":183,"column":14}},"112":{"start":{"line":185,"column":2},"end":{"line":188,"column":3}},"113":{"start":{"line":185,"column":19},"end":{"line":185,"column":20}},"114":{"start":{"line":186,"column":17},"end":{"line":186,"column":27}},"115":{"start":{"line":187,"column":4},"end":{"line":187,"column":57}},"116":{"start":{"line":189,"column":2},"end":{"line":189,"column":28}}},"fnMap":{"0":{"name":"readBigIntFromBuffer","decl":{"start":{"line":5,"column":16},"end":{"line":5,"column":36}},"loc":{"start":{"line":5,"column":93},"end":{"line":17,"column":1}}},"1":{"name":"toSignedLittleBuffer","decl":{"start":{"line":19,"column":16},"end":{"line":19,"column":36}},"loc":{"start":{"line":19,"column":71},"end":{"line":29,"column":1}}},"2":{"name":"readBufferFromBigInt","decl":{"start":{"line":31,"column":16},"end":{"line":31,"column":36}},"loc":{"start":{"line":31,"column":114},"end":{"line":61,"column":1}}},"3":{"name":"generateRandomLong","decl":{"start":{"line":63,"column":16},"end":{"line":63,"column":34}},"loc":{"start":{"line":63,"column":48},"end":{"line":65,"column":1}}},"4":{"name":"mod","decl":{"start":{"line":67,"column":16},"end":{"line":67,"column":19}},"loc":{"start":{"line":67,"column":40},"end":{"line":69,"column":1}}},"5":{"name":"bigIntMod","decl":{"start":{"line":71,"column":16},"end":{"line":71,"column":25}},"loc":{"start":{"line":71,"column":68},"end":{"line":73,"column":1}}},"6":{"name":"generateRandomBytes","decl":{"start":{"line":75,"column":16},"end":{"line":75,"column":35}},"loc":{"start":{"line":75,"column":49},"end":{"line":77,"column":1}}},"7":{"name":"generateKeyDataFromNonce","decl":{"start":{"line":79,"column":22},"end":{"line":79,"column":46}},"loc":{"start":{"line":80,"column":73},"end":{"line":95,"column":1}}},"8":{"name":"convertToLittle","decl":{"start":{"line":97,"column":16},"end":{"line":97,"column":31}},"loc":{"start":{"line":97,"column":48},"end":{"line":104,"column":1}}},"9":{"name":"sha1","decl":{"start":{"line":106,"column":16},"end":{"line":106,"column":20}},"loc":{"start":{"line":106,"column":33},"end":{"line":110,"column":1}}},"10":{"name":"sha256","decl":{"start":{"line":112,"column":16},"end":{"line":112,"column":22}},"loc":{"start":{"line":112,"column":35},"end":{"line":116,"column":1}}},"11":{"name":"modExp","decl":{"start":{"line":118,"column":16},"end":{"line":118,"column":22}},"loc":{"start":{"line":121,"column":22},"end":{"line":137,"column":1}}},"12":{"name":"getByteArray","decl":{"start":{"line":139,"column":16},"end":{"line":139,"column":28}},"loc":{"start":{"line":139,"column":71},"end":{"line":143,"column":1}}},"13":{"name":"getRandomInt","decl":{"start":{"line":145,"column":16},"end":{"line":145,"column":28}},"loc":{"start":{"line":145,"column":53},"end":{"line":149,"column":1}}},"14":{"name":"sleep","decl":{"start":{"line":151,"column":16},"end":{"line":151,"column":21}},"loc":{"start":{"line":151,"column":32},"end":{"line":155,"column":1}}},"15":{"name":"(anonymous_16)","decl":{"start":{"line":152,"column":21},"end":{"line":152,"column":22}},"loc":{"start":{"line":152,"column":33},"end":{"line":154,"column":3}}},"16":{"name":"bufferXor","decl":{"start":{"line":157,"column":16},"end":{"line":157,"column":25}},"loc":{"start":{"line":157,"column":46},"end":{"line":163,"column":1}}},"17":{"name":"(anonymous_18)","decl":{"start":{"line":166,"column":28},"end":{"line":166,"column":31}},"loc":{"start":{"line":166,"column":33},"end":{"line":177,"column":1}}},"18":{"name":"crc32","decl":{"start":{"line":179,"column":16},"end":{"line":179,"column":21}},"loc":{"start":{"line":179,"column":42},"end":{"line":190,"column":1}}}},"branchMap":{"0":{"loc":{"start":{"line":5,"column":64},"end":{"line":5,"column":77}},"type":"default-arg","locations":[{"start":{"line":5,"column":73},"end":{"line":5,"column":77}}]},"1":{"loc":{"start":{"line":5,"column":79},"end":{"line":5,"column":93}},"type":"default-arg","locations":[{"start":{"line":5,"column":88},"end":{"line":5,"column":93}}]},"2":{"loc":{"start":{"line":8,"column":2},"end":{"line":10,"column":3}},"type":"if","locations":[{"start":{"line":8,"column":2},"end":{"line":10,"column":3}}]},"3":{"loc":{"start":{"line":12,"column":2},"end":{"line":15,"column":3}},"type":"if","locations":[{"start":{"line":12,"column":2},"end":{"line":15,"column":3}}]},"4":{"loc":{"start":{"line":12,"column":6},"end":{"line":12,"column":72}},"type":"binary-expr","locations":[{"start":{"line":12,"column":6},"end":{"line":12,"column":12}},{"start":{"line":12,"column":16},"end":{"line":12,"column":72}}]},"5":{"loc":{"start":{"line":19,"column":61},"end":{"line":19,"column":71}},"type":"default-arg","locations":[{"start":{"line":19,"column":70},"end":{"line":19,"column":71}}]},"6":{"loc":{"start":{"line":31,"column":85},"end":{"line":31,"column":98}},"type":"default-arg","locations":[{"start":{"line":31,"column":94},"end":{"line":31,"column":98}}]},"7":{"loc":{"start":{"line":31,"column":100},"end":{"line":31,"column":114}},"type":"default-arg","locations":[{"start":{"line":31,"column":109},"end":{"line":31,"column":114}}]},"8":{"loc":{"start":{"line":35,"column":2},"end":{"line":37,"column":3}},"type":"if","locations":[{"start":{"line":35,"column":2},"end":{"line":37,"column":3}}]},"9":{"loc":{"start":{"line":38,"column":2},"end":{"line":40,"column":3}},"type":"if","locations":[{"start":{"line":38,"column":2},"end":{"line":40,"column":3}}]},"10":{"loc":{"start":{"line":38,"column":6},"end":{"line":38,"column":41}},"type":"binary-expr","locations":[{"start":{"line":38,"column":6},"end":{"line":38,"column":13}},{"start":{"line":38,"column":17},"end":{"line":38,"column":41}}]},"11":{"loc":{"start":{"line":42,"column":2},"end":{"line":45,"column":3}},"type":"if","locations":[{"start":{"line":42,"column":2},"end":{"line":45,"column":3}}]},"12":{"loc":{"start":{"line":50,"column":2},"end":{"line":55,"column":3}},"type":"if","locations":[{"start":{"line":50,"column":2},"end":{"line":55,"column":3}}]},"13":{"loc":{"start":{"line":50,"column":6},"end":{"line":50,"column":21}},"type":"binary-expr","locations":[{"start":{"line":50,"column":6},"end":{"line":50,"column":12}},{"start":{"line":50,"column":16},"end":{"line":50,"column":21}}]},"14":{"loc":{"start":{"line":56,"column":2},"end":{"line":58,"column":3}},"type":"if","locations":[{"start":{"line":56,"column":2},"end":{"line":58,"column":3}}]},"15":{"loc":{"start":{"line":63,"column":35},"end":{"line":63,"column":48}},"type":"default-arg","locations":[{"start":{"line":63,"column":44},"end":{"line":63,"column":48}}]},"16":{"loc":{"start":{"line":129,"column":4},"end":{"line":132,"column":5}},"type":"if","locations":[{"start":{"line":129,"column":4},"end":{"line":132,"column":5}}]},"17":{"loc":{"start":{"line":139,"column":57},"end":{"line":139,"column":71}},"type":"default-arg","locations":[{"start":{"line":139,"column":66},"end":{"line":139,"column":71}}]},"18":{"loc":{"start":{"line":172,"column":11},"end":{"line":172,"column":57}},"type":"cond-expr","locations":[{"start":{"line":172,"column":22},"end":{"line":172,"column":44}},{"start":{"line":172,"column":49},"end":{"line":172,"column":56}}]},"19":{"loc":{"start":{"line":180,"column":2},"end":{"line":182,"column":3}},"type":"if","locations":[{"start":{"line":180,"column":2},"end":{"line":182,"column":3}}]}},"s":{"0":0,"1":0,"2":0,"3":0,"4":0,"5":0,"6":0,"7":0,"8":0,"9":0,"10":0,"11":0,"12":0,"13":0,"14":0,"15":0,"16":0,"17":0,"18":0,"19":0,"20":0,"21":0,"22":0,"23":0,"24":0,"25":0,"26":0,"27":0,"28":0,"29":0,"30":0,"31":0,"32":0,"33":0,"34":0,"35":0,"36":0,"37":0,"38":0,"39":0,"40":0,"41":0,"42":0,"43":0,"44":0,"45":0,"46":0,"47":0,"48":0,"49":0,"50":0,"51":0,"52":0,"53":0,"54":0,"55":0,"56":0,"57":0,"58":0,"59":0,"60":0,"61":0,"62":0,"63":0,"64":0,"65":0,"66":0,"67":0,"68":0,"69":0,"70":0,"71":0,"72":0,"73":0,"74":0,"75":0,"76":0,"77":0,"78":0,"79":0,"80":0,"81":0,"82":0,"83":0,"84":0,"85":0,"86":0,"87":0,"88":0,"89":0,"90":0,"91":0,"92":0,"93":0,"94":0,"95":0,"96":0,"97":0,"98":0,"99":0,"100":0,"101":0,"102":0,"103":0,"104":0,"105":0,"106":0,"107":0,"108":0,"109":0,"110":0,"111":0,"112":0,"113":0,"114":0,"115":0,"116":0},"f":{"0":0,"1":0,"2":0,"3":0,"4":0,"5":0,"6":0,"7":0,"8":0,"9":0,"10":0,"11":0,"12":0,"13":0,"14":0,"15":0,"16":0,"17":0,"18":0},"b":{"0":[0],"1":[0],"2":[0],"3":[0],"4":[0,0],"5":[0],"6":[0],"7":[0],"8":[0],"9":[0],"10":[0,0],"11":[0],"12":[0],"13":[0,0],"14":[0],"15":[0],"16":[0],"17":[0],"18":[0,0],"19":[0]}}
,"/Users/alexander/dev/LawAndOrder/src/lib/gramjs/Password.ts": {"path":"/Users/alexander/dev/LawAndOrder/src/lib/gramjs/Password.ts","statementMap":{"0":{"start":{"line":154,"column":0},"end":{"line":154,"column":7}},"1":{"start":{"line":174,"column":0},"end":{"line":174,"column":7}},"2":{"start":{"line":1,"column":0},"end":{"line":1,"column":33}},"3":{"start":{"line":3,"column":0},"end":{"line":3,"column":41}},"4":{"start":{"line":4,"column":0},"end":{"line":4,"column":30}},"5":{"start":{"line":6,"column":0},"end":{"line":6,"column":null}},"6":{"start":{"line":15,"column":22},"end":{"line":15,"column":25}},"7":{"start":{"line":71,"column":20},"end":{"line":88,"column":4}},"8":{"start":{"line":89,"column":2},"end":{"line":93,"column":3}},"9":{"start":{"line":90,"column":4},"end":{"line":92,"column":5}},"10":{"start":{"line":91,"column":6},"end":{"line":91,"column":13}},"11":{"start":{"line":94,"column":2},"end":{"line":94,"column":52}},"12":{"start":{"line":99,"column":2},"end":{"line":100,"column":26}},"13":{"start":{"line":104,"column":2},"end":{"line":104,"column":78}},"14":{"start":{"line":108,"column":2},"end":{"line":108,"column":55}},"15":{"start":{"line":112,"column":15},"end":{"line":112,"column":37}},"16":{"start":{"line":114,"column":27},"end":{"line":114,"column":36}},"17":{"start":{"line":115,"column":24},"end":{"line":115,"column":27}},"18":{"start":{"line":117,"column":2},"end":{"line":122,"column":4}},"19":{"start":{"line":126,"column":17},"end":{"line":126,"column":45}},"20":{"start":{"line":128,"column":2},"end":{"line":130,"column":3}},"21":{"start":{"line":128,"column":15},"end":{"line":128,"column":16}},"22":{"start":{"line":129,"column":4},"end":{"line":129,"column":17}},"23":{"start":{"line":132,"column":2},"end":{"line":132,"column":11}},"24":{"start":{"line":136,"column":2},"end":{"line":136,"column":44}},"25":{"start":{"line":148,"column":16},"end":{"line":148,"column":101}},"26":{"start":{"line":149,"column":16},"end":{"line":149,"column":76}},"27":{"start":{"line":150,"column":16},"end":{"line":150,"column":61}},"28":{"start":{"line":151,"column":2},"end":{"line":151,"column":64}},"29":{"start":{"line":157,"column":2},"end":{"line":161,"column":3}},"30":{"start":{"line":158,"column":4},"end":{"line":158,"column":38}},"31":{"start":{"line":160,"column":4},"end":{"line":160,"column":43}},"32":{"start":{"line":163,"column":16},"end":{"line":165,"column":40}},"33":{"start":{"line":166,"column":2},"end":{"line":166,"column":30}},"34":{"start":{"line":175,"column":15},"end":{"line":175,"column":34}},"35":{"start":{"line":176,"column":2},"end":{"line":178,"column":3}},"36":{"start":{"line":177,"column":4},"end":{"line":177,"column":73}},"37":{"start":{"line":180,"column":15},"end":{"line":180,"column":28}},"38":{"start":{"line":181,"column":16},"end":{"line":181,"column":29}},"39":{"start":{"line":182,"column":2},"end":{"line":184,"column":3}},"40":{"start":{"line":183,"column":4},"end":{"line":183,"column":61}},"41":{"start":{"line":185,"column":17},"end":{"line":185,"column":50}},"42":{"start":{"line":186,"column":12},"end":{"line":186,"column":47}},"43":{"start":{"line":187,"column":16},"end":{"line":187,"column":20}},"44":{"start":{"line":188,"column":12},"end":{"line":188,"column":45}},"45":{"start":{"line":189,"column":2},"end":{"line":193,"column":3}},"46":{"start":{"line":190,"column":4},"end":{"line":190,"column":33}},"47":{"start":{"line":192,"column":4},"end":{"line":192,"column":42}},"48":{"start":{"line":194,"column":2},"end":{"line":196,"column":3}},"49":{"start":{"line":195,"column":4},"end":{"line":195,"column":38}},"50":{"start":{"line":197,"column":12},"end":{"line":197,"column":47}},"51":{"start":{"line":198,"column":19},"end":{"line":198,"column":42}},"52":{"start":{"line":199,"column":19},"end":{"line":199,"column":43}},"53":{"start":{"line":200,"column":19},"end":{"line":200,"column":40}},"54":{"start":{"line":201,"column":13},"end":{"line":201,"column":36}},"55":{"start":{"line":202,"column":12},"end":{"line":202,"column":90}},"56":{"start":{"line":203,"column":14},"end":{"line":203,"column":42}},"57":{"start":{"line":204,"column":33},"end":{"line":219,"column":3}},"58":{"start":{"line":205,"column":23},"end":{"line":205,"column":26}},"59":{"start":{"line":207,"column":4},"end":{"line":218,"column":5}},"60":{"start":{"line":208,"column":21},"end":{"line":208,"column":52}},"61":{"start":{"line":209,"column":16},"end":{"line":209,"column":51}},"62":{"start":{"line":210,"column":16},"end":{"line":210,"column":39}},"63":{"start":{"line":211,"column":6},"end":{"line":217,"column":7}},"64":{"start":{"line":212,"column":25},"end":{"line":212,"column":41}},"65":{"start":{"line":213,"column":18},"end":{"line":213,"column":96}},"66":{"start":{"line":214,"column":8},"end":{"line":216,"column":9}},"67":{"start":{"line":215,"column":10},"end":{"line":215,"column":36}},"68":{"start":{"line":220,"column":29},"end":{"line":220,"column":59}},"69":{"start":{"line":221,"column":13},"end":{"line":221,"column":42}},"70":{"start":{"line":222,"column":2},"end":{"line":224,"column":3}},"71":{"start":{"line":223,"column":4},"end":{"line":223,"column":30}},"72":{"start":{"line":226,"column":13},"end":{"line":226,"column":26}},"73":{"start":{"line":227,"column":14},"end":{"line":227,"column":23}},"74":{"start":{"line":228,"column":12},"end":{"line":228,"column":30}},"75":{"start":{"line":229,"column":46},"end":{"line":235,"column":4}},"76":{"start":{"line":236,"column":13},"end":{"line":243,"column":5}},"77":{"start":{"line":245,"column":2},"end":{"line":250,"column":5}}},"fnMap":{"0":{"name":"checkPrimeAndGood","decl":{"start":{"line":70,"column":9},"end":{"line":70,"column":26}},"loc":{"start":{"line":70,"column":56},"end":{"line":96,"column":1}}},"1":{"name":"isGoodLarge","decl":{"start":{"line":98,"column":9},"end":{"line":98,"column":20}},"loc":{"start":{"line":98,"column":68},"end":{"line":101,"column":1}}},"2":{"name":"numBytesForHash","decl":{"start":{"line":103,"column":9},"end":{"line":103,"column":24}},"loc":{"start":{"line":103,"column":39},"end":{"line":105,"column":1}}},"3":{"name":"bigNumForHash","decl":{"start":{"line":107,"column":9},"end":{"line":107,"column":22}},"loc":{"start":{"line":107,"column":43},"end":{"line":109,"column":1}}},"4":{"name":"isGoodModExpFirst","decl":{"start":{"line":111,"column":9},"end":{"line":111,"column":26}},"loc":{"start":{"line":111,"column":78},"end":{"line":123,"column":1}}},"5":{"name":"xor","decl":{"start":{"line":125,"column":9},"end":{"line":125,"column":12}},"loc":{"start":{"line":125,"column":33},"end":{"line":133,"column":1}}},"6":{"name":"pbkdf2sha512","decl":{"start":{"line":135,"column":9},"end":{"line":135,"column":21}},"loc":{"start":{"line":135,"column":72},"end":{"line":137,"column":1}}},"7":{"name":"computeHash","decl":{"start":{"line":145,"column":15},"end":{"line":145,"column":26}},"loc":{"start":{"line":146,"column":95},"end":{"line":152,"column":1}}},"8":{"name":"computeDigest","decl":{"start":{"line":154,"column":22},"end":{"line":154,"column":35}},"loc":{"start":{"line":155,"column":95},"end":{"line":167,"column":1}}},"9":{"name":"computeCheck","decl":{"start":{"line":174,"column":22},"end":{"line":174,"column":34}},"loc":{"start":{"line":174,"column":82},"end":{"line":251,"column":1}}},"10":{"name":"(anonymous_11)","decl":{"start":{"line":204,"column":33},"end":{"line":204,"column":38}},"loc":{"start":{"line":204,"column":44},"end":{"line":219,"column":3}}}},"branchMap":{"0":{"loc":{"start":{"line":89,"column":2},"end":{"line":93,"column":3}},"type":"if","locations":[{"start":{"line":89,"column":2},"end":{"line":93,"column":3}}]},"1":{"loc":{"start":{"line":90,"column":4},"end":{"line":92,"column":5}},"type":"if","locations":[{"start":{"line":90,"column":4},"end":{"line":92,"column":5}}]},"2":{"loc":{"start":{"line":99,"column":10},"end":{"line":100,"column":24}},"type":"binary-expr","locations":[{"start":{"line":99,"column":10},"end":{"line":99,"column":35}},{"start":{"line":99,"column":40},"end":{"line":100,"column":23}}]},"3":{"loc":{"start":{"line":118,"column":4},"end":{"line":121,"column":76}},"type":"binary-expr","locations":[{"start":{"line":118,"column":4},"end":{"line":118,"column":26}},{"start":{"line":119,"column":7},"end":{"line":119,"column":55}},{"start":{"line":120,"column":7},"end":{"line":120,"column":57}},{"start":{"line":121,"column":7},"end":{"line":121,"column":76}}]},"4":{"loc":{"start":{"line":176,"column":2},"end":{"line":178,"column":3}},"type":"if","locations":[{"start":{"line":176,"column":2},"end":{"line":178,"column":3}}]},"5":{"loc":{"start":{"line":182,"column":2},"end":{"line":184,"column":3}},"type":"if","locations":[{"start":{"line":182,"column":2},"end":{"line":184,"column":3}}]},"6":{"loc":{"start":{"line":182,"column":6},"end":{"line":182,"column":21}},"type":"binary-expr","locations":[{"start":{"line":182,"column":6},"end":{"line":182,"column":11}},{"start":{"line":182,"column":15},"end":{"line":182,"column":21}}]},"7":{"loc":{"start":{"line":194,"column":2},"end":{"line":196,"column":3}},"type":"if","locations":[{"start":{"line":194,"column":2},"end":{"line":196,"column":3}}]},"8":{"loc":{"start":{"line":211,"column":6},"end":{"line":217,"column":7}},"type":"if","locations":[{"start":{"line":211,"column":6},"end":{"line":217,"column":7}}]},"9":{"loc":{"start":{"line":214,"column":8},"end":{"line":216,"column":9}},"type":"if","locations":[{"start":{"line":214,"column":8},"end":{"line":216,"column":9}}]},"10":{"loc":{"start":{"line":222,"column":2},"end":{"line":224,"column":3}},"type":"if","locations":[{"start":{"line":222,"column":2},"end":{"line":224,"column":3}}]}},"s":{"0":0,"1":0,"2":0,"3":0,"4":0,"5":0,"6":0,"7":0,"8":0,"9":0,"10":0,"11":0,"12":0,"13":0,"14":0,"15":0,"16":0,"17":0,"18":0,"19":0,"20":0,"21":0,"22":0,"23":0,"24":0,"25":0,"26":0,"27":0,"28":0,"29":0,"30":0,"31":0,"32":0,"33":0,"34":0,"35":0,"36":0,"37":0,"38":0,"39":0,"40":0,"41":0,"42":0,"43":0,"44":0,"45":0,"46":0,"47":0,"48":0,"49":0,"50":0,"51":0,"52":0,"53":0,"54":0,"55":0,"56":0,"57":0,"58":0,"59":0,"60":0,"61":0,"62":0,"63":0,"64":0,"65":0,"66":0,"67":0,"68":0,"69":0,"70":0,"71":0,"72":0,"73":0,"74":0,"75":0,"76":0,"77":0},"f":{"0":0,"1":0,"2":0,"3":0,"4":0,"5":0,"6":0,"7":0,"8":0,"9":0,"10":0},"b":{"0":[0],"1":[0],"2":[0,0],"3":[0,0,0,0],"4":[0],"5":[0],"6":[0,0],"7":[0],"8":[0],"9":[0],"10":[0]}}
,"/Users/alexander/dev/LawAndOrder/src/lib/gramjs/Utils.ts": {"path":"/Users/alexander/dev/LawAndOrder/src/lib/gramjs/Utils.ts","statementMap":{"0":{"start":{"line":30,"column":0},"end":{"line":30,"column":16}},"1":{"start":{"line":84,"column":0},"end":{"line":84,"column":16}},"2":{"start":{"line":101,"column":0},"end":{"line":101,"column":16}},"3":{"start":{"line":127,"column":0},"end":{"line":127,"column":16}},"4":{"start":{"line":144,"column":0},"end":{"line":144,"column":16}},"5":{"start":{"line":162,"column":0},"end":{"line":162,"column":16}},"6":{"start":{"line":186,"column":0},"end":{"line":186,"column":16}},"7":{"start":{"line":3,"column":0},"end":{"line":3,"column":27}},"8":{"start":{"line":6,"column":20},"end":{"line":6,"column":1288}},"9":{"start":{"line":7,"column":20},"end":{"line":7,"column":46}},"10":{"start":{"line":10,"column":2},"end":{"line":10,"column":78}},"11":{"start":{"line":33,"column":2},"end":{"line":44,"column":3}},"12":{"start":{"line":34,"column":4},"end":{"line":43,"column":5}},"13":{"start":{"line":35,"column":6},"end":{"line":35,"column":37}},"14":{"start":{"line":36,"column":11},"end":{"line":43,"column":5}},"15":{"start":{"line":37,"column":6},"end":{"line":40,"column":9}},"16":{"start":{"line":42,"column":6},"end":{"line":42,"column":77}},"17":{"start":{"line":45,"column":2},"end":{"line":48,"column":3}},"18":{"start":{"line":47,"column":4},"end":{"line":47,"column":56}},"19":{"start":{"line":49,"column":2},"end":{"line":58,"column":3}},"20":{"start":{"line":50,"column":4},"end":{"line":57,"column":5}},"21":{"start":{"line":51,"column":6},"end":{"line":54,"column":9}},"22":{"start":{"line":56,"column":6},"end":{"line":56,"column":84}},"23":{"start":{"line":59,"column":2},"end":{"line":66,"column":3}},"24":{"start":{"line":62,"column":4},"end":{"line":65,"column":7}},"25":{"start":{"line":68,"column":2},"end":{"line":70,"column":3}},"26":{"start":{"line":69,"column":4},"end":{"line":69,"column":36}},"27":{"start":{"line":72,"column":2},"end":{"line":72,"column":38}},"28":{"start":{"line":73,"column":2},"end":{"line":73,"column":34}},"29":{"start":{"line":86,"column":2},"end":{"line":88,"column":3}},"30":{"start":{"line":87,"column":4},"end":{"line":87,"column":20}},"31":{"start":{"line":89,"column":17},"end":{"line":89,"column":41}},"32":{"start":{"line":90,"column":2},"end":{"line":90,"column":28}},"33":{"start":{"line":91,"column":2},"end":{"line":91,"column":28}},"34":{"start":{"line":92,"column":2},"end":{"line":92,"column":65}},"35":{"start":{"line":102,"column":2},"end":{"line":104,"column":3}},"36":{"start":{"line":103,"column":4},"end":{"line":103,"column":14}},"37":{"start":{"line":105,"column":2},"end":{"line":107,"column":3}},"38":{"start":{"line":106,"column":4},"end":{"line":106,"column":15}},"39":{"start":{"line":108,"column":2},"end":{"line":110,"column":3}},"40":{"start":{"line":109,"column":4},"end":{"line":109,"column":15}},"41":{"start":{"line":111,"column":2},"end":{"line":113,"column":3}},"42":{"start":{"line":112,"column":4},"end":{"line":112,"column":15}},"43":{"start":{"line":114,"column":2},"end":{"line":116,"column":3}},"44":{"start":{"line":115,"column":4},"end":{"line":115,"column":16}},"45":{"start":{"line":118,"column":2},"end":{"line":118,"column":41}},"46":{"start":{"line":128,"column":2},"end":{"line":130,"column":3}},"47":{"start":{"line":129,"column":4},"end":{"line":129,"column":15}},"48":{"start":{"line":131,"column":2},"end":{"line":133,"column":3}},"49":{"start":{"line":132,"column":4},"end":{"line":132,"column":15}},"50":{"start":{"line":134,"column":2},"end":{"line":136,"column":3}},"51":{"start":{"line":135,"column":4},"end":{"line":135,"column":15}},"52":{"start":{"line":137,"column":2},"end":{"line":139,"column":3}},"53":{"start":{"line":138,"column":4},"end":{"line":138,"column":15}},"54":{"start":{"line":141,"column":2},"end":{"line":141,"column":41}},"55":{"start":{"line":145,"column":2},"end":{"line":147,"column":3}},"56":{"start":{"line":146,"column":4},"end":{"line":146,"column":21}},"57":{"start":{"line":148,"column":2},"end":{"line":150,"column":3}},"58":{"start":{"line":149,"column":4},"end":{"line":149,"column":19}},"59":{"start":{"line":151,"column":2},"end":{"line":153,"column":3}},"60":{"start":{"line":152,"column":4},"end":{"line":152,"column":22}},"61":{"start":{"line":154,"column":2},"end":{"line":154,"column":71}},"62":{"start":{"line":163,"column":2},"end":{"line":175,"column":3}},"63":{"start":{"line":164,"column":4},"end":{"line":172,"column":5}},"64":{"start":{"line":165,"column":6},"end":{"line":165,"column":54}},"65":{"start":{"line":166,"column":11},"end":{"line":172,"column":5}},"66":{"start":{"line":167,"column":6},"end":{"line":167,"column":30}},"67":{"start":{"line":168,"column":11},"end":{"line":172,"column":5}},"68":{"start":{"line":169,"column":6},"end":{"line":169,"column":29}},"69":{"start":{"line":171,"column":6},"end":{"line":171,"column":16}},"70":{"start":{"line":173,"column":9},"end":{"line":175,"column":3}},"71":{"start":{"line":174,"column":4},"end":{"line":174,"column":24}},"72":{"start":{"line":176,"column":2},"end":{"line":176,"column":12}},"73":{"start":{"line":188,"column":2},"end":{"line":221,"column":3}},"74":{"start":{"line":190,"column":6},"end":{"line":194,"column":8}},"75":{"start":{"line":196,"column":6},"end":{"line":200,"column":8}},"76":{"start":{"line":202,"column":6},"end":{"line":206,"column":8}},"77":{"start":{"line":208,"column":6},"end":{"line":212,"column":8}},"78":{"start":{"line":214,"column":6},"end":{"line":218,"column":8}},"79":{"start":{"line":220,"column":6},"end":{"line":220,"column":67}}},"fnMap":{"0":{"name":"_raiseCastFail","decl":{"start":{"line":9,"column":9},"end":{"line":9,"column":23}},"loc":{"start":{"line":9,"column":51},"end":{"line":11,"column":1}}},"1":{"name":"getInputPeer","decl":{"start":{"line":30,"column":16},"end":{"line":30,"column":28}},"loc":{"start":{"line":31,"column":52},"end":{"line":74,"column":1}}},"2":{"name":"strippedPhotoToJpg","decl":{"start":{"line":84,"column":16},"end":{"line":84,"column":34}},"loc":{"start":{"line":84,"column":51},"end":{"line":93,"column":1}}},"3":{"name":"getDownloadPartSize","decl":{"start":{"line":101,"column":16},"end":{"line":101,"column":35}},"loc":{"start":{"line":101,"column":52},"end":{"line":119,"column":1}}},"4":{"name":"getUploadPartSize","decl":{"start":{"line":127,"column":16},"end":{"line":127,"column":33}},"loc":{"start":{"line":127,"column":50},"end":{"line":142,"column":1}}},"5":{"name":"getMessageId","decl":{"start":{"line":144,"column":16},"end":{"line":144,"column":28}},"loc":{"start":{"line":144,"column":62},"end":{"line":155,"column":1}}},"6":{"name":"getDisplayName","decl":{"start":{"line":162,"column":16},"end":{"line":162,"column":30}},"loc":{"start":{"line":162,"column":45},"end":{"line":177,"column":1}}},"7":{"name":"getDC","decl":{"start":{"line":186,"column":16},"end":{"line":186,"column":21}},"loc":{"start":{"line":186,"column":54},"end":{"line":238,"column":1}}}},"branchMap":{"0":{"loc":{"start":{"line":31,"column":18},"end":{"line":31,"column":34}},"type":"default-arg","locations":[{"start":{"line":31,"column":30},"end":{"line":31,"column":34}}]},"1":{"loc":{"start":{"line":31,"column":36},"end":{"line":31,"column":52}},"type":"default-arg","locations":[{"start":{"line":31,"column":48},"end":{"line":31,"column":52}}]},"2":{"loc":{"start":{"line":33,"column":2},"end":{"line":44,"column":3}},"type":"if","locations":[{"start":{"line":33,"column":2},"end":{"line":44,"column":3}}]},"3":{"loc":{"start":{"line":34,"column":4},"end":{"line":43,"column":5}},"type":"if","locations":[{"start":{"line":34,"column":4},"end":{"line":43,"column":5}},{"start":{"line":36,"column":11},"end":{"line":43,"column":5}}]},"4":{"loc":{"start":{"line":34,"column":8},"end":{"line":34,"column":32}},"type":"binary-expr","locations":[{"start":{"line":34,"column":8},"end":{"line":34,"column":19}},{"start":{"line":34,"column":23},"end":{"line":34,"column":32}}]},"5":{"loc":{"start":{"line":36,"column":11},"end":{"line":43,"column":5}},"type":"if","locations":[{"start":{"line":36,"column":11},"end":{"line":43,"column":5}},{"start":{"line":41,"column":11},"end":{"line":43,"column":5}}]},"6":{"loc":{"start":{"line":36,"column":15},"end":{"line":36,"column":60}},"type":"binary-expr","locations":[{"start":{"line":36,"column":15},"end":{"line":36,"column":46}},{"start":{"line":36,"column":50},"end":{"line":36,"column":60}}]},"7":{"loc":{"start":{"line":45,"column":2},"end":{"line":48,"column":3}},"type":"if","locations":[{"start":{"line":45,"column":2},"end":{"line":48,"column":3}}]},"8":{"loc":{"start":{"line":45,"column":6},"end":{"line":46,"column":42}},"type":"binary-expr","locations":[{"start":{"line":45,"column":6},"end":{"line":45,"column":32}},{"start":{"line":45,"column":36},"end":{"line":45,"column":67}},{"start":{"line":46,"column":7},"end":{"line":46,"column":42}}]},"9":{"loc":{"start":{"line":49,"column":2},"end":{"line":58,"column":3}},"type":"if","locations":[{"start":{"line":49,"column":2},"end":{"line":58,"column":3}}]},"10":{"loc":{"start":{"line":50,"column":4},"end":{"line":57,"column":5}},"type":"if","locations":[{"start":{"line":50,"column":4},"end":{"line":57,"column":5}},{"start":{"line":55,"column":11},"end":{"line":57,"column":5}}]},"11":{"loc":{"start":{"line":50,"column":8},"end":{"line":50,"column":53}},"type":"binary-expr","locations":[{"start":{"line":50,"column":8},"end":{"line":50,"column":39}},{"start":{"line":50,"column":43},"end":{"line":50,"column":53}}]},"12":{"loc":{"start":{"line":59,"column":2},"end":{"line":66,"column":3}},"type":"if","locations":[{"start":{"line":59,"column":2},"end":{"line":66,"column":3}}]},"13":{"loc":{"start":{"line":68,"column":2},"end":{"line":70,"column":3}},"type":"if","locations":[{"start":{"line":68,"column":2},"end":{"line":70,"column":3}}]},"14":{"loc":{"start":{"line":86,"column":2},"end":{"line":88,"column":3}},"type":"if","locations":[{"start":{"line":86,"column":2},"end":{"line":88,"column":3}}]},"15":{"loc":{"start":{"line":86,"column":6},"end":{"line":86,"column":46}},"type":"binary-expr","locations":[{"start":{"line":86,"column":6},"end":{"line":86,"column":25}},{"start":{"line":86,"column":29},"end":{"line":86,"column":46}}]},"16":{"loc":{"start":{"line":102,"column":2},"end":{"line":104,"column":3}},"type":"if","locations":[{"start":{"line":102,"column":2},"end":{"line":104,"column":3}}]},"17":{"loc":{"start":{"line":105,"column":2},"end":{"line":107,"column":3}},"type":"if","locations":[{"start":{"line":105,"column":2},"end":{"line":107,"column":3}}]},"18":{"loc":{"start":{"line":108,"column":2},"end":{"line":110,"column":3}},"type":"if","locations":[{"start":{"line":108,"column":2},"end":{"line":110,"column":3}}]},"19":{"loc":{"start":{"line":111,"column":2},"end":{"line":113,"column":3}},"type":"if","locations":[{"start":{"line":111,"column":2},"end":{"line":113,"column":3}}]},"20":{"loc":{"start":{"line":114,"column":2},"end":{"line":116,"column":3}},"type":"if","locations":[{"start":{"line":114,"column":2},"end":{"line":116,"column":3}}]},"21":{"loc":{"start":{"line":128,"column":2},"end":{"line":130,"column":3}},"type":"if","locations":[{"start":{"line":128,"column":2},"end":{"line":130,"column":3}}]},"22":{"loc":{"start":{"line":131,"column":2},"end":{"line":133,"column":3}},"type":"if","locations":[{"start":{"line":131,"column":2},"end":{"line":133,"column":3}}]},"23":{"loc":{"start":{"line":134,"column":2},"end":{"line":136,"column":3}},"type":"if","locations":[{"start":{"line":134,"column":2},"end":{"line":136,"column":3}}]},"24":{"loc":{"start":{"line":137,"column":2},"end":{"line":139,"column":3}},"type":"if","locations":[{"start":{"line":137,"column":2},"end":{"line":139,"column":3}}]},"25":{"loc":{"start":{"line":145,"column":2},"end":{"line":147,"column":3}},"type":"if","locations":[{"start":{"line":145,"column":2},"end":{"line":147,"column":3}}]},"26":{"loc":{"start":{"line":148,"column":2},"end":{"line":150,"column":3}},"type":"if","locations":[{"start":{"line":148,"column":2},"end":{"line":150,"column":3}}]},"27":{"loc":{"start":{"line":151,"column":2},"end":{"line":153,"column":3}},"type":"if","locations":[{"start":{"line":151,"column":2},"end":{"line":153,"column":3}}]},"28":{"loc":{"start":{"line":163,"column":2},"end":{"line":175,"column":3}},"type":"if","locations":[{"start":{"line":163,"column":2},"end":{"line":175,"column":3}},{"start":{"line":173,"column":9},"end":{"line":175,"column":3}}]},"29":{"loc":{"start":{"line":164,"column":4},"end":{"line":172,"column":5}},"type":"if","locations":[{"start":{"line":164,"column":4},"end":{"line":172,"column":5}},{"start":{"line":166,"column":11},"end":{"line":172,"column":5}}]},"30":{"loc":{"start":{"line":164,"column":8},"end":{"line":164,"column":43}},"type":"binary-expr","locations":[{"start":{"line":164,"column":8},"end":{"line":164,"column":23}},{"start":{"line":164,"column":27},"end":{"line":164,"column":43}}]},"31":{"loc":{"start":{"line":166,"column":11},"end":{"line":172,"column":5}},"type":"if","locations":[{"start":{"line":166,"column":11},"end":{"line":172,"column":5}},{"start":{"line":168,"column":11},"end":{"line":172,"column":5}}]},"32":{"loc":{"start":{"line":168,"column":11},"end":{"line":172,"column":5}},"type":"if","locations":[{"start":{"line":168,"column":11},"end":{"line":172,"column":5}},{"start":{"line":170,"column":11},"end":{"line":172,"column":5}}]},"33":{"loc":{"start":{"line":173,"column":9},"end":{"line":175,"column":3}},"type":"if","locations":[{"start":{"line":173,"column":9},"end":{"line":175,"column":3}}]},"34":{"loc":{"start":{"line":173,"column":13},"end":{"line":173,"column":72}},"type":"binary-expr","locations":[{"start":{"line":173,"column":13},"end":{"line":173,"column":39}},{"start":{"line":173,"column":43},"end":{"line":173,"column":72}}]},"35":{"loc":{"start":{"line":186,"column":36},"end":{"line":186,"column":54}},"type":"default-arg","locations":[{"start":{"line":186,"column":49},"end":{"line":186,"column":54}}]},"36":{"loc":{"start":{"line":188,"column":2},"end":{"line":221,"column":3}},"type":"switch","locations":[{"start":{"line":189,"column":4},"end":{"line":194,"column":8}},{"start":{"line":195,"column":4},"end":{"line":200,"column":8}},{"start":{"line":201,"column":4},"end":{"line":206,"column":8}},{"start":{"line":207,"column":4},"end":{"line":212,"column":8}},{"start":{"line":213,"column":4},"end":{"line":218,"column":8}},{"start":{"line":219,"column":4},"end":{"line":220,"column":67}}]},"37":{"loc":{"start":{"line":192,"column":26},"end":{"line":192,"column":48}},"type":"cond-expr","locations":[{"start":{"line":192,"column":39},"end":{"line":192,"column":43}},{"start":{"line":192,"column":46},"end":{"line":192,"column":48}}]},"38":{"loc":{"start":{"line":198,"column":26},"end":{"line":198,"column":48}},"type":"cond-expr","locations":[{"start":{"line":198,"column":39},"end":{"line":198,"column":43}},{"start":{"line":198,"column":46},"end":{"line":198,"column":48}}]},"39":{"loc":{"start":{"line":204,"column":26},"end":{"line":204,"column":48}},"type":"cond-expr","locations":[{"start":{"line":204,"column":39},"end":{"line":204,"column":43}},{"start":{"line":204,"column":46},"end":{"line":204,"column":48}}]},"40":{"loc":{"start":{"line":210,"column":26},"end":{"line":210,"column":48}},"type":"cond-expr","locations":[{"start":{"line":210,"column":39},"end":{"line":210,"column":43}},{"start":{"line":210,"column":46},"end":{"line":210,"column":48}}]},"41":{"loc":{"start":{"line":216,"column":26},"end":{"line":216,"column":48}},"type":"cond-expr","locations":[{"start":{"line":216,"column":39},"end":{"line":216,"column":43}},{"start":{"line":216,"column":46},"end":{"line":216,"column":48}}]}},"s":{"0":0,"1":0,"2":0,"3":0,"4":0,"5":0,"6":0,"7":0,"8":0,"9":0,"10":0,"11":0,"12":0,"13":0,"14":0,"15":0,"16":0,"17":0,"18":0,"19":0,"20":0,"21":0,"22":0,"23":0,"24":0,"25":0,"26":0,"27":0,"28":0,"29":0,"30":0,"31":0,"32":0,"33":0,"34":0,"35":0,"36":0,"37":0,"38":0,"39":0,"40":0,"41":0,"42":0,"43":0,"44":0,"45":0,"46":0,"47":0,"48":0,"49":0,"50":0,"51":0,"52":0,"53":0,"54":0,"55":0,"56":0,"57":0,"58":0,"59":0,"60":0,"61":0,"62":0,"63":0,"64":0,"65":0,"66":0,"67":0,"68":0,"69":0,"70":0,"71":0,"72":0,"73":0,"74":0,"75":0,"76":0,"77":0,"78":0,"79":0},"f":{"0":0,"1":0,"2":0,"3":0,"4":0,"5":0,"6":0,"7":0},"b":{"0":[0],"1":[0],"2":[0],"3":[0,0],"4":[0,0],"5":[0,0],"6":[0,0],"7":[0],"8":[0,0,0],"9":[0],"10":[0,0],"11":[0,0],"12":[0],"13":[0],"14":[0],"15":[0,0],"16":[0],"17":[0],"18":[0],"19":[0],"20":[0],"21":[0],"22":[0],"23":[0],"24":[0],"25":[0],"26":[0],"27":[0],"28":[0,0],"29":[0,0],"30":[0,0],"31":[0,0],"32":[0,0],"33":[0],"34":[0,0],"35":[0],"36":[0,0,0,0,0,0],"37":[0,0],"38":[0,0],"39":[0,0],"40":[0,0],"41":[0,0]}}
,"/Users/alexander/dev/LawAndOrder/src/lib/gramjs/index.ts": {"path":"/Users/alexander/dev/LawAndOrder/src/lib/gramjs/index.ts","statementMap":{"0":{"start":{"line":1,"column":0},"end":{"line":1,"column":9}},"1":{"start":{"line":1,"column":9},"end":{"line":1,"column":27}},"2":{"start":{"line":2,"column":0},"end":{"line":2,"column":35}},"3":{"start":{"line":3,"column":0},"end":{"line":3,"column":43}},"4":{"start":{"line":4,"column":0},"end":{"line":4,"column":40}},"5":{"start":{"line":5,"column":0},"end":{"line":5,"column":39}},"6":{"start":{"line":6,"column":0},"end":{"line":6,"column":27}},"7":{"start":{"line":10,"column":0},"end":{"line":10,"column":7}},"8":{"start":{"line":15,"column":2},"end":{"line":10,"column":53}},"9":{"start":{"line":11,"column":0},"end":{"line":11,"column":37}},"10":{"start":{"line":12,"column":0},"end":{"line":12,"column":33}}},"fnMap":{"0":{"name":"(anonymous_10)","decl":{"start":{"line":1,"column":9},"end":{"line":1,"column":12}},"loc":{"start":{"line":1,"column":9},"end":{"line":1,"column":27}}}},"branchMap":{},"s":{"0":0,"1":0,"2":0,"3":0,"4":0,"5":0,"6":0,"7":0,"8":0,"9":0,"10":0},"f":{"0":0},"b":{}}
,"/Users/alexander/dev/LawAndOrder/src/lib/gramjs/api/helpers.ts": {"path":"/Users/alexander/dev/LawAndOrder/src/lib/gramjs/api/helpers.ts","statementMap":{"0":{"start":{"line":13,"column":0},"end":{"line":13,"column":16}},"1":{"start":{"line":24,"column":6},"end":{"line":24,"column":14}},"2":{"start":{"line":26,"column":2},"end":{"line":26,"column":14}}},"fnMap":{"0":{"name":"omitVirtualClassFields","decl":{"start":{"line":13,"column":16},"end":{"line":13,"column":38}},"loc":{"start":{"line":14,"column":13},"end":{"line":27,"column":1}}}},"branchMap":{},"s":{"0":0,"1":0,"2":0},"f":{"0":0},"b":{}}
,"/Users/alexander/dev/LawAndOrder/src/lib/gramjs/api/pathBytesToSvg.ts": {"path":"/Users/alexander/dev/LawAndOrder/src/lib/gramjs/api/pathBytesToSvg.ts","statementMap":{"0":{"start":{"line":4,"column":0},"end":{"line":4,"column":16}},"1":{"start":{"line":11,"column":0},"end":{"line":11,"column":16}},"2":{"start":{"line":1,"column":17},"end":{"line":1,"column":256}},"3":{"start":{"line":2,"column":15},"end":{"line":2,"column":81}},"4":{"start":{"line":5,"column":2},"end":{"line":8,"column":43}},"5":{"start":{"line":12,"column":13},"end":{"line":12,"column":16}},"6":{"start":{"line":14,"column":14},"end":{"line":14,"column":26}},"7":{"start":{"line":15,"column":2},"end":{"line":27,"column":3}},"8":{"start":{"line":15,"column":15},"end":{"line":15,"column":16}},"9":{"start":{"line":16,"column":16},"end":{"line":16,"column":24}},"10":{"start":{"line":17,"column":4},"end":{"line":26,"column":5}},"11":{"start":{"line":18,"column":6},"end":{"line":18,"column":37}},"12":{"start":{"line":20,"column":6},"end":{"line":24,"column":7}},"13":{"start":{"line":21,"column":8},"end":{"line":21,"column":20}},"14":{"start":{"line":22,"column":13},"end":{"line":24,"column":7}},"15":{"start":{"line":23,"column":8},"end":{"line":23,"column":20}},"16":{"start":{"line":25,"column":6},"end":{"line":25,"column":31}},"17":{"start":{"line":29,"column":2},"end":{"line":29,"column":14}},"18":{"start":{"line":31,"column":2},"end":{"line":31,"column":14}}},"fnMap":{"0":{"name":"pathBytesToSvg","decl":{"start":{"line":4,"column":16},"end":{"line":4,"column":30}},"loc":{"start":{"line":4,"column":75},"end":{"line":9,"column":1}}},"1":{"name":"buildSvgPath","decl":{"start":{"line":11,"column":16},"end":{"line":11,"column":28}},"loc":{"start":{"line":11,"column":42},"end":{"line":32,"column":1}}}},"branchMap":{"0":{"loc":{"start":{"line":17,"column":4},"end":{"line":26,"column":5}},"type":"if","locations":[{"start":{"line":17,"column":4},"end":{"line":26,"column":5}},{"start":{"line":19,"column":11},"end":{"line":26,"column":5}}]},"1":{"loc":{"start":{"line":20,"column":6},"end":{"line":24,"column":7}},"type":"if","locations":[{"start":{"line":20,"column":6},"end":{"line":24,"column":7}},{"start":{"line":22,"column":13},"end":{"line":24,"column":7}}]},"2":{"loc":{"start":{"line":22,"column":13},"end":{"line":24,"column":7}},"type":"if","locations":[{"start":{"line":22,"column":13},"end":{"line":24,"column":7}}]}},"s":{"0":0,"1":0,"2":0,"3":0,"4":0,"5":0,"6":0,"7":0,"8":0,"9":0,"10":0,"11":0,"12":0,"13":0,"14":0,"15":0,"16":0,"17":0,"18":0},"f":{"0":0,"1":0},"b":{"0":[0,0],"1":[0,0],"2":[0]}}
[...]
,"column":4}},"26":{"start":{"line":77,"column":2},"end":{"line":82,"column":5}},"27":{"start":{"line":78,"column":4},"end":{"line":81,"column":7}},"28":{"start":{"line":79,"column":6},"end":{"line":79,"column":17}},"29":{"start":{"line":80,"column":6},"end":{"line":80,"column":29}}},"fnMap":{"0":{"name":"init","decl":{"start":{"line":17,"column":22},"end":{"line":17,"column":26}},"loc":{"start":{"line":17,"column":26},"end":{"line":55,"column":1}}},"1":{"name":"requestPhoneCode","decl":{"start":{"line":57,"column":9},"end":{"line":57,"column":25}},"loc":{"start":{"line":57,"column":25},"end":{"line":69,"column":1}}},"2":{"name":"(anonymous_3)","decl":{"start":{"line":63,"column":29},"end":{"line":63,"column":30}},"loc":{"start":{"line":63,"column":41},"end":{"line":68,"column":3}}},"3":{"name":"(anonymous_4)","decl":{"start":{"line":64,"column":38},"end":{"line":64,"column":39}},"loc":{"start":{"line":64,"column":49},"end":{"line":67,"column":5}}},"4":{"name":"requestPassword","decl":{"start":{"line":71,"column":9},"end":{"line":71,"column":24}},"loc":{"start":{"line":71,"column":38},"end":{"line":83,"column":1}}},"5":{"name":"(anonymous_6)","decl":{"start":{"line":77,"column":29},"end":{"line":77,"column":30}},"loc":{"start":{"line":77,"column":41},"end":{"line":82,"column":3}}},"6":{"name":"(anonymous_7)","decl":{"start":{"line":78,"column":67},"end":{"line":78,"column":68}},"loc":{"start":{"line":78,"column":78},"end":{"line":81,"column":5}}}},"branchMap":{"0":{"loc":{"start":{"line":12,"column":16},"end":{"line":12,"column":47}},"type":"cond-expr","locations":[{"start":{"line":12,"column":31},"end":{"line":12,"column":38}},{"start":{"line":12,"column":41},"end":{"line":12,"column":47}}]},"1":{"loc":{"start":{"line":20,"column":2},"end":{"line":23,"column":3}},"type":"if","locations":[{"start":{"line":20,"column":2},"end":{"line":23,"column":3}}]},"2":{"loc":{"start":{"line":20,"column":6},"end":{"line":20,"column":40}},"type":"binary-expr","locations":[{"start":{"line":20,"column":6},"end":{"line":20,"column":12}},{"start":{"line":20,"column":16},"end":{"line":20,"column":24}},{"start":{"line":20,"column":28},"end":{"line":20,"column":40}}]},"3":{"loc":{"start":{"line":50,"column":2},"end":{"line":52,"column":3}},"type":"if","locations":[{"start":{"line":50,"column":2},"end":{"line":52,"column":3}}]},"4":{"loc":{"start":{"line":50,"column":6},"end":{"line":50,"column":60}},"type":"binary-expr","locations":[{"start":{"line":50,"column":6},"end":{"line":50,"column":38}},{"start":{"line":50,"column":42},"end":{"line":50,"column":60}}]},"5":{"loc":{"start":{"line":78,"column":48},"end":{"line":78,"column":61}},"type":"binary-expr","locations":[{"start":{"line":78,"column":48},"end":{"line":78,"column":52}},{"start":{"line":78,"column":56},"end":{"line":78,"column":61}}]}},"s":{"0":0,"1":0,"2":0,"3":0,"4":0,"5":0,"6":0,"7":0,"8":0,"9":0,"10":0,"11":0,"12":0,"13":0,"14":0,"15":0,"16":0,"17":0,"18":0,"19":0,"20":0,"21":0,"22":0,"23":0,"24":0,"25":0,"26":0,"27":0,"28":0,"29":0},"f":{"0":0,"1":0,"2":0,"3":0,"4":0,"5":0,"6":0},"b":{"0":[0,0],"1":[0],"2":[0,0,0],"3":[0],"4":[0,0],"5":[0,0]}}
,"/Users/alexander/dev/LawAndOrder/src/util/callbacks.ts": {"path":"/Users/alexander/dev/LawAndOrder/src/util/callbacks.ts","statementMap":{"0":{"start":{"line":1,"column":0},"end":{"line":1,"column":16}},"1":{"start":{"line":2,"column":20},"end":{"line":2,"column":32}},"2":{"start":{"line":5,"column":4},"end":{"line":5,"column":22}},"3":{"start":{"line":7,"column":4},"end":{"line":9,"column":6}},"4":{"start":{"line":8,"column":6},"end":{"line":8,"column":25}},"5":{"start":{"line":13,"column":4},"end":{"line":13,"column":25}},"6":{"start":{"line":17,"column":4},"end":{"line":19,"column":7}},"7":{"start":{"line":18,"column":6},"end":{"line":18,"column":24}},"8":{"start":{"line":23,"column":4},"end":{"line":23,"column":35}},"9":{"start":{"line":26,"column":2},"end":{"line":31,"column":4}}},"fnMap":{"0":{"name":"createCallbackManager","decl":{"start":{"line":1,"column":16},"end":{"line":1,"column":37}},"loc":{"start":{"line":1,"column":37},"end":{"line":32,"column":1}}},"1":{"name":"addCallback","decl":{"start":{"line":4,"column":11},"end":{"line":4,"column":22}},"loc":{"start":{"line":4,"column":28},"end":{"line":10,"column":3}}},"2":{"name":"(anonymous_2)","decl":{"start":{"line":7,"column":11},"end":{"line":7,"column":14}},"loc":{"start":{"line":7,"column":16},"end":{"line":9,"column":5}}},"3":{"name":"removeCallback","decl":{"start":{"line":12,"column":11},"end":{"line":12,"column":25}},"loc":{"start":{"line":12,"column":31},"end":{"line":14,"column":3}}},"4":{"name":"runCallbacks","decl":{"start":{"line":16,"column":11},"end":{"line":16,"column":23}},"loc":{"start":{"line":16,"column":46},"end":{"line":20,"column":3}}},"5":{"name":"(anonymous_5)","decl":{"start":{"line":17,"column":22},"end":{"line":17,"column":23}},"loc":{"start":{"line":17,"column":35},"end":{"line":19,"column":5}}},"6":{"name":"hasCallbacks","decl":{"start":{"line":22,"column":11},"end":{"line":22,"column":23}},"loc":{"start":{"line":22,"column":23},"end":{"line":24,"column":3}}}},"branchMap":{},"s":{"0":0,"1":0,"2":0,"3":0,"4":0,"5":0,"6":0,"7":0,"8":0,"9":0},"f":{"0":0,"1":0,"2":0,"3":0,"4":0,"5":0,"6":0},"b":{}}
,"/Users/alexander/dev/LawAndOrder/src/util/iteratees.ts": {"path":"/Users/alexander/dev/LawAndOrder/src/util/iteratees.ts","statementMap":{"0":{"start":{"line":3,"column":0},"end":{"line":3,"column":16}},"1":{"start":{"line":11,"column":0},"end":{"line":11,"column":16}},"2":{"start":{"line":21,"column":0},"end":{"line":21,"column":16}},"3":{"start":{"line":28,"column":0},"end":{"line":28,"column":16}},"4":{"start":{"line":4,"column":2},"end":{"line":8,"column":9}},"5":{"start":{"line":5,"column":4},"end":{"line":5,"column":32}},"6":{"start":{"line":7,"column":4},"end":{"line":7,"column":17}},"7":{"start":{"line":15,"column":2},"end":{"line":18,"column":9}},"8":{"start":{"line":16,"column":4},"end":{"line":16,"column":60}},"9":{"start":{"line":17,"column":4},"end":{"line":17,"column":20}},"10":{"start":{"line":22,"column":2},"end":{"line":25,"column":23}},"11":{"start":{"line":23,"column":4},"end":{"line":23,"column":30}},"12":{"start":{"line":24,"column":4},"end":{"line":24,"column":18}},"13":{"start":{"line":29,"column":2},"end":{"line":35,"column":14}},"14":{"start":{"line":30,"column":16},"end":{"line":30,"column":36}},"15":{"start":{"line":31,"column":4},"end":{"line":33,"column":5}},"16":{"start":{"line":32,"column":6},"end":{"line":32,"column":43}},"17":{"start":{"line":34,"column":4},"end":{"line":34,"column":18}}},"fnMap":{"0":{"name":"buildCollectionByKey","decl":{"start":{"line":3,"column":16},"end":{"line":3,"column":36}},"loc":{"start":{"line":3,"column":88},"end":{"line":9,"column":1}}},"1":{"name":"(anonymous_1)","decl":{"start":{"line":4,"column":27},"end":{"line":4,"column":28}},"loc":{"start":{"line":4,"column":68},"end":{"line":8,"column":3}}},"2":{"name":"mapValues","decl":{"start":{"line":11,"column":16},"end":{"line":11,"column":25}},"loc":{"start":{"line":13,"column":91},"end":{"line":19,"column":1}}},"3":{"name":"(anonymous_3)","decl":{"start":{"line":15,"column":35},"end":{"line":15,"column":36}},"loc":{"start":{"line":15,"column":80},"end":{"line":18,"column":3}}},"4":{"name":"pick","decl":{"start":{"line":21,"column":16},"end":{"line":21,"column":20}},"loc":{"start":{"line":21,"column":63},"end":{"line":26,"column":1}}},"5":{"name":"(anonymous_5)","decl":{"start":{"line":22,"column":21},"end":{"line":22,"column":22}},"loc":{"start":{"line":22,"column":37},"end":{"line":25,"column":3}}},"6":{"name":"omitUndefined","decl":{"start":{"line":28,"column":16},"end":{"line":28,"column":29}},"loc":{"start":{"line":28,"column":57},"end":{"line":36,"column":1}}},"7":{"name":"(anonymous_7)","decl":{"start":{"line":29,"column":36},"end":{"line":29,"column":37}},"loc":{"start":{"line":29,"column":58},"end":{"line":35,"column":3}}}},"branchMap":{"0":{"loc":{"start":{"line":31,"column":4},"end":{"line":33,"column":5}},"type":"if","locations":[{"start":{"line":31,"column":4},"end":{"line":33,"column":5}}]}},"s":{"0":0,"1":0,"2":0,"3":0,"4":0,"5":0,"6":0,"7":0,"8":0,"9":0,"10":0,"11":0,"12":0,"13":0,"14":0,"15":0,"16":0,"17":0},"f":{"0":0,"1":0,"2":0,"3":0,"4":0,"5":0,"6":0,"7":0},"b":{"0":[0]}}
,"/Users/alexander/dev/LawAndOrder/src/util/logger.ts": {"path":"/Users/alexander/dev/LawAndOrder/src/util/logger.ts","statementMap":{"0":{"start":{"line":3,"column":0},"end":{"line":3,"column":16}},"1":{"start":{"line":9,"column":0},"end":{"line":9,"column":16}},"2":{"start":{"line":15,"column":0},"end":{"line":15,"column":16}},"3":{"start":{"line":20,"column":0},"end":{"line":20,"column":16}},"4":{"start":{"line":25,"column":0},"end":{"line":25,"column":16}},"5":{"start":{"line":1,"column":0},"end":{"line":1,"column":34}},"6":{"start":{"line":4,"column":2},"end":{"line":4,"column":21}},"7":{"start":{"line":4,"column":14},"end":{"line":4,"column":21}},"8":{"start":{"line":6,"column":2},"end":{"line":6,"column":45}},"9":{"start":{"line":10,"column":2},"end":{"line":10,"column":21}},"10":{"start":{"line":10,"column":14},"end":{"line":10,"column":21}},"11":{"start":{"line":12,"column":2},"end":{"line":12,"column":50}},"12":{"start":{"line":17,"column":2},"end":{"line":17,"column":54}},"13":{"start":{"line":22,"column":2},"end":{"line":22,"column":45}},"14":{"start":{"line":27,"column":2},"end":{"line":27,"column":48}}},"fnMap":{"0":{"name":"logDebug","decl":{"start":{"line":3,"column":16},"end":{"line":3,"column":24}},"loc":{"start":{"line":3,"column":56},"end":{"line":7,"column":1}}},"1":{"name":"logDebugError","decl":{"start":{"line":9,"column":16},"end":{"line":9,"column":29}},"loc":{"start":{"line":9,"column":59},"end":{"line":13,"column":1}}},"2":{"name":"logError","decl":{"start":{"line":15,"column":16},"end":{"line":15,"column":24}},"loc":{"start":{"line":15,"column":83},"end":{"line":18,"column":1}}},"3":{"name":"logInfo","decl":{"start":{"line":20,"column":16},"end":{"line":20,"column":23}},"loc":{"start":{"line":20,"column":55},"end":{"line":23,"column":1}}},"4":{"name":"logWarning","decl":{"start":{"line":25,"column":16},"end":{"line":25,"column":26}},"loc":{"start":{"line":25,"column":58},"end":{"line":28,"column":1}}}},"branchMap":{"0":{"loc":{"start":{"line":4,"column":2},"end":{"line":4,"column":21}},"type":"if","locations":[{"start":{"line":4,"column":2},"end":{"line":4,"column":21}}]},"1":{"loc":{"start":{"line":10,"column":2},"end":{"line":10,"column":21}},"type":"if","locations":[{"start":{"line":10,"column":2},"end":{"line":10,"column":21}}]}},"s":{"0":0,"1":0,"2":0,"3":0,"4":0,"5":0,"6":0,"7":0,"8":0,"9":0,"10":0,"11":0,"12":0,"13":0,"14":0},"f":{"0":0,"1":0,"2":0,"3":0,"4":0},"b":{"0":[0],"1":[0]}}
,"/Users/alexander/dev/LawAndOrder/src/util/safeExec.ts": {"path":"/Users/alexander/dev/LawAndOrder/src/util/safeExec.ts","statementMap":{"0":{"start":{"line":6,"column":0},"end":{"line":6,"column":24}},"1":{"start":{"line":23,"column":0},"end":{"line":23,"column":7}},"2":{"start":{"line":1,"column":0},"end":{"line":1,"column":36}},"3":{"start":{"line":12,"column":2},"end":{"line":20,"column":3}},"4":{"start":{"line":13,"column":4},"end":{"line":13,"column":16}},"5":{"start":{"line":15,"column":4},"end":{"line":15,"column":18}},"6":{"start":{"line":16,"column":4},"end":{"line":16,"column":43}},"7":{"start":{"line":16,"column":17},"end":{"line":16,"column":43}},"8":{"start":{"line":17,"column":4},"end":{"line":17,"column":21}},"9":{"start":{"line":19,"column":4},"end":{"line":19,"column":15}},"10":{"start":{"line":29,"column":2},"end":{"line":38,"column":3}},"11":{"start":{"line":30,"column":19},"end":{"line":30,"column":29}},"12":{"start":{"line":31,"column":4},"end":{"line":31,"column":18}},"13":{"start":{"line":33,"column":4},"end":{"line":33,"column":18}},"14":{"start":{"line":34,"column":4},"end":{"line":34,"column":48}},"15":{"start":{"line":34,"column":17},"end":{"line":34,"column":48}},"16":{"start":{"line":35,"column":4},"end":{"line":35,"column":21}},"17":{"start":{"line":37,"column":4},"end":{"line":37,"column":15}}},"fnMap":{"0":{"name":"safeExec","decl":{"start":{"line":6,"column":24},"end":{"line":6,"column":32}},"loc":{"start":{"line":10,"column":16},"end":{"line":21,"column":1}}},"1":{"name":"safeExecAsync","decl":{"start":{"line":23,"column":22},"end":{"line":23,"column":35}},"loc":{"start":{"line":27,"column":16},"end":{"line":39,"column":1}}}},"branchMap":{"0":{"loc":{"start":{"line":10,"column":2},"end":{"line":10,"column":16}},"type":"default-arg","locations":[{"start":{"line":10,"column":11},"end":{"line":10,"column":16}}]},"1":{"loc":{"start":{"line":16,"column":4},"end":{"line":16,"column":43}},"type":"if","locations":[{"start":{"line":16,"column":4},"end":{"line":16,"column":43}}]},"2":{"loc":{"start":{"line":27,"column":2},"end":{"line":27,"column":16}},"type":"default-arg","locations":[{"start":{"line":27,"column":11},"end":{"line":27,"column":16}}]},"3":{"loc":{"start":{"line":34,"column":4},"end":{"line":34,"column":48}},"type":"if","locations":[{"start":{"line":34,"column":4},"end":{"line":34,"column":48}}]}},"s":{"0":0,"1":0,"2":0,"3":0,"4":0,"5":0,"6":0,"7":0,"8":0,"9":0,"10":0,"11":0,"12":0,"13":0,"14":0,"15":0,"16":0,"17":0},"f":{"0":0,"1":0},"b":{"0":[0],"1":[0],"2":[0],"3":[0]}}
,"/Users/alexander/dev/LawAndOrder/src/util/schedulers.ts": {"path":"/Users/alexander/dev/LawAndOrder/src/util/schedulers.ts","statementMap":{"0":{"start":{"line":5,"column":0},"end":{"line":5,"column":16}},"1":{"start":{"line":1,"column":21},"end":{"line":3,"column":2}},"2":{"start":{"line":1,"column":37},"end":{"line":3,"column":2}},"3":{"start":{"line":2,"column":2},"end":{"line":2,"column":34}},"4":{"start":{"line":2,"column":19},"end":{"line":2,"column":28}},"5":{"start":{"line":1,"column":13},"end":{"line":1,"column":21}},"6":{"start":{"line":14,"column":2},"end":{"line":37,"column":4}},"7":{"start":{"line":15,"column":4},"end":{"line":15,"column":21}},"8":{"start":{"line":16,"column":4},"end":{"line":16,"column":17}},"9":{"start":{"line":18,"column":4},"end":{"line":36,"column":5}},"10":{"start":{"line":19,"column":6},"end":{"line":22,"column":7}},"11":{"start":{"line":20,"column":8},"end":{"line":20,"column":26}},"12":{"start":{"line":21,"column":8},"end":{"line":21,"column":20}},"13":{"start":{"line":25,"column":6},"end":{"line":35,"column":13}},"14":{"start":{"line":26,"column":8},"end":{"line":31,"column":9}},"15":{"start":{"line":28,"column":10},"end":{"line":28,"column":35}},"16":{"start":{"line":29,"column":10},"end":{"line":29,"column":31}},"17":{"start":{"line":30,"column":10},"end":{"line":30,"column":17}},"18":{"start":{"line":33,"column":8},"end":{"line":33,"column":26}},"19":{"start":{"line":34,"column":8},"end":{"line":34,"column":20}}},"fnMap":{"0":{"name":"(anonymous_0)","decl":{"start":{"line":1,"column":21},"end":{"line":1,"column":22}},"loc":{"start":{"line":1,"column":37},"end":{"line":3,"column":2}}},"1":{"name":"(anonymous_1)","decl":{"start":{"line":1,"column":55},"end":{"line":1,"column":56}},"loc":{"start":{"line":1,"column":67},"end":{"line":3,"column":1}}},"2":{"name":"(anonymous_2)","decl":{"start":{"line":2,"column":13},"end":{"line":2,"column":16}},"loc":{"start":{"line":2,"column":19},"end":{"line":2,"column":28}}},"3":{"name":"throttle","decl":{"start":{"line":5,"column":16},"end":{"line":5,"column":24}},"loc":{"start":{"line":8,"column":23},"end":{"line":38,"column":1}}},"4":{"name":"(anonymous_4)","decl":{"start":{"line":14,"column":9},"end":{"line":14,"column":10}},"loc":{"start":{"line":14,"column":37},"end":{"line":37,"column":3}}},"5":{"name":"(anonymous_5)","decl":{"start":{"line":25,"column":29},"end":{"line":25,"column":32}},"loc":{"start":{"line":25,"column":34},"end":{"line":35,"column":7}}}},"branchMap":{"0":{"loc":{"start":{"line":8,"column":2},"end":{"line":8,"column":23}},"type":"default-arg","locations":[{"start":{"line":8,"column":19},"end":{"line":8,"column":23}}]},"1":{"loc":{"start":{"line":18,"column":4},"end":{"line":36,"column":5}},"type":"if","locations":[{"start":{"line":18,"column":4},"end":{"line":36,"column":5}}]},"2":{"loc":{"start":{"line":19,"column":6},"end":{"line":22,"column":7}},"type":"if","locations":[{"start":{"line":19,"column":6},"end":{"line":22,"column":7}}]},"3":{"loc":{"start":{"line":26,"column":8},"end":{"line":31,"column":9}},"type":"if","locations":[{"start":{"line":26,"column":8},"end":{"line":31,"column":9}}]}},"s":{"0":0,"1":0,"2":0,"3":0,"4":0,"5":0,"6":0,"7":0,"8":0,"9":0,"10":0,"11":0,"12":0,"13":0,"14":0,"15":0,"16":0,"17":0,"18":0,"19":0},"f":{"0":0,"1":0,"2":0,"3":0,"4":0,"5":0},"b":{"0":[0],"1":[0],"2":[0],"3":[0]}}
,"/Users/alexander/dev/LawAndOrder/src/util/toNativeBigInt.ts": {"path":"/Users/alexander/dev/LawAndOrder/src/util/toNativeBigInt.ts","statementMap":{"0":{"start":{"line":3,"column":0},"end":{"line":3,"column":24}},"1":{"start":{"line":4,"column":2},"end":{"line":4,"column":39}}},"fnMap":{"0":{"name":"toNativeBigInt","decl":{"start":{"line":3,"column":24},"end":{"line":3,"column":38}},"loc":{"start":{"line":3,"column":61},"end":{"line":5,"column":1}}}},"branchMap":{},"s":{"0":0,"1":0},"f":{"0":0},"b":{}}
,"/Users/alexander/dev/LawAndOrder/src/util/withCache.ts": {"path":"/Users/alexander/dev/LawAndOrder/src/util/withCache.ts","statementMap":{"0":{"start":{"line":3,"column":0},"end":{"line":3,"column":24}},"1":{"start":{"line":26,"column":0},"end":{"line":26,"column":16}},"2":{"start":{"line":1,"column":14},"end":{"line":1,"column":58}},"3":{"start":{"line":4,"column":2},"end":{"line":23,"column":4}},"4":{"start":{"line":5,"column":18},"end":{"line":5,"column":31}},"5":{"start":{"line":6,"column":21},"end":{"line":6,"column":40}},"6":{"start":{"line":8,"column":4},"end":{"line":16,"column":5}},"7":{"start":{"line":9,"column":21},"end":{"line":9,"column":42}},"8":{"start":{"line":10,"column":6},"end":{"line":12,"column":7}},"9":{"start":{"line":11,"column":8},"end":{"line":11,"column":22}},"10":{"start":{"line":14,"column":6},"end":{"line":14,"column":26}},"11":{"start":{"line":15,"column":6},"end":{"line":15,"column":29}},"12":{"start":{"line":18,"column":21},"end":{"line":18,"column":32}},"13":{"start":{"line":20,"column":4},"end":{"line":20,"column":36}},"14":{"start":{"line":22,"column":4},"end":{"line":22,"column":20}},"15":{"start":{"line":27,"column":2},"end":{"line":29,"column":9}},"16":{"start":{"line":28,"column":4},"end":{"line":28,"column":81}}},"fnMap":{"0":{"name":"withCache","decl":{"start":{"line":3,"column":24},"end":{"line":3,"column":33}},"loc":{"start":{"line":3,"column":62},"end":{"line":24,"column":1}}},"1":{"name":"(anonymous_1)","decl":{"start":{"line":4,"column":9},"end":{"line":4,"column":10}},"loc":{"start":{"line":4,"column":51},"end":{"line":23,"column":3}}},"2":{"name":"buildCacheKey","decl":{"start":{"line":26,"column":16},"end":{"line":26,"column":29}},"loc":{"start":{"line":26,"column":41},"end":{"line":30,"column":1}}},"3":{"name":"(anonymous_3)","decl":{"start":{"line":27,"column":21},"end":{"line":27,"column":22}},"loc":{"start":{"line":27,"column":39},"end":{"line":29,"column":3}}}},"branchMap":{"0":{"loc":{"start":{"line":8,"column":4},"end":{"line":16,"column":5}},"type":"if","locations":[{"start":{"line":8,"column":4},"end":{"line":16,"column":5}},{"start":{"line":13,"column":11},"end":{"line":16,"column":5}}]},"1":{"loc":{"start":{"line":10,"column":6},"end":{"line":12,"column":7}},"type":"if","locations":[{"start":{"line":10,"column":6},"end":{"line":12,"column":7}}]},"2":{"loc":{"start":{"line":28,"column":26},"end":{"line":28,"column":78}},"type":"cond-expr","locations":[{"start":{"line":28,"column":52},"end":{"line":28,"column":72}},{"start":{"line":28,"column":75},"end":{"line":28,"column":78}}]}},"s":{"0":0,"1":0,"2":0,"3":0,"4":0,"5":0,"6":0,"7":0,"8":0,"9":0,"10":0,"11":0,"12":0,"13":0,"14":0,"15":0,"16":0},"f":{"0":0,"1":0,"2":0,"3":0},"b":{"0":[0,0],"1":[0],"2":[0,0]}}
}
