TN:
SF:src/bot/index.ts
FN:1,(anonymous_4)
FN:2,(anonymous_5)
FN:3,(anonymous_6)
FNF:3
FNH:0
FNDA:0,(anonymous_4)
FNDA:0,(anonymous_5)
FNDA:0,(anonymous_6)
DA:1,0
DA:2,0
DA:3,0
DA:4,0
LF:4
LH:0
BRF:0
BRH:0
end_of_record
TN:
SF:src/bot/services/botService.ts
FN:12,(anonymous_0)
FN:22,(anonymous_1)
FN:24,(anonymous_2)
FN:43,(anonymous_3)
FN:66,(anonymous_4)
FN:92,(anonymous_5)
FN:114,(anonymous_6)
FN:115,(anonymous_7)
FN:130,(anonymous_8)
FN:134,(anonymous_9)
FN:145,(anonymous_10)
FN:152,(anonymous_11)
FN:156,(anonymous_12)
FN:160,(anonymous_13)
FNF:14
FNH:12
FNDA:13,(anonymous_0)
FNDA:13,(anonymous_1)
FNDA:2,(anonymous_2)
FNDA:4,(anonymous_3)
FNDA:2,(anonymous_4)
FNDA:1,(anonymous_5)
FNDA:13,(anonymous_6)
FNDA:0,(anonymous_7)
FNDA:3,(anonymous_8)
FNDA:1,(anonymous_9)
FNDA:1,(anonymous_10)
FNDA:0,(anonymous_11)
FNDA:5,(anonymous_12)
FNDA:2,(anonymous_13)
DA:1,1
DA:2,1
DA:3,1
DA:6,1
DA:13,13
DA:14,13
DA:15,13
DA:16,13
DA:18,13
DA:19,13
DA:24,13
DA:25,2
DA:26,2
DA:28,2
DA:29,1
DA:30,1
DA:32,1
DA:36,1
DA:37,1
DA:38,1
DA:43,13
DA:44,4
DA:45,4
DA:48,4
DA:49,2
DA:52,2
DA:53,2
DA:54,2
DA:57,2
DA:58,2
DA:59,1
DA:66,13
DA:67,2
DA:68,1
DA:69,1
DA:72,1
DA:73,1
DA:74,1
DA:75,1
DA:76,1
DA:78,1
DA:79,1
DA:80,1
DA:82,1
DA:83,1
DA:85,0
DA:88,1
DA:92,13
DA:93,1
DA:110,1
DA:115,13
DA:116,0
DA:117,0
DA:118,0
DA:120,0
DA:121,0
DA:122,0
DA:123,0
DA:125,0
DA:131,3
DA:135,1
DA:138,1
DA:141,1
DA:142,1
DA:146,1
DA:147,1
DA:148,1
DA:153,0
DA:157,5
DA:161,2
LF:70
LH:60
BRDA:28,0,0,1
BRDA:28,0,1,1
BRDA:28,1,0,2
BRDA:28,1,1,1
BRDA:29,2,0,1
BRDA:29,2,1,0
BRDA:36,3,0,1
BRDA:36,4,0,1
BRDA:36,4,1,0
BRDA:48,5,0,2
BRDA:48,6,0,4
BRDA:48,6,1,4
BRDA:48,6,2,3
BRDA:52,7,0,2
BRDA:58,8,0,1
BRDA:67,9,0,1
BRDA:82,10,0,1
BRDA:82,10,1,0
BRDA:120,11,0,0
BRDA:120,11,1,0
BRDA:122,12,0,0
BRDA:122,12,1,0
BRF:22
BRH:15
end_of_record
TN:
SF:src/bot/services/scheduler.ts
FN:12,(anonymous_9)
FN:18,(anonymous_10)
FN:22,(anonymous_11)
FN:26,(anonymous_12)
FN:28,(anonymous_13)
FN:35,(anonymous_14)
FN:44,(anonymous_15)
FN:49,(anonymous_16)
FN:72,(anonymous_17)
FN:102,(anonymous_18)
FN:106,(anonymous_19)
FN:130,(anonymous_20)
FNF:12
FNH:12
FNDA:26,(anonymous_9)
FNDA:15,(anonymous_10)
FNDA:2,(anonymous_11)
FNDA:9,(anonymous_12)
FNDA:3,(anonymous_13)
FNDA:4,(anonymous_14)
FNDA:7,(anonymous_15)
FNDA:3,(anonymous_16)
FNDA:4,(anonymous_17)
FNDA:4,(anonymous_18)
FNDA:2,(anonymous_19)
FNDA:10,(anonymous_20)
DA:1,2
DA:6,2
DA:10,26
DA:13,26
DA:14,26
DA:15,26
DA:19,15
DA:23,2
DA:28,9
DA:29,3
DA:35,9
DA:36,4
DA:41,9
DA:45,7
DA:46,7
DA:50,3
DA:52,3
DA:53,4
DA:54,4
DA:57,4
DA:58,4
DA:61,4
DA:62,4
DA:63,3
DA:65,3
DA:67,1
DA:73,4
DA:75,4
DA:76,4
DA:77,4
DA:80,4
DA:81,1
DA:84,3
DA:87,3
DA:88,1
DA:91,2
DA:92,2
DA:93,2
DA:95,2
DA:97,0
DA:103,4
DA:107,2
DA:109,2
DA:110,2
DA:111,2
DA:112,2
DA:114,2
DA:115,1
DA:117,1
DA:118,1
DA:121,0
DA:122,0
DA:126,2
DA:127,2
DA:131,10
LF:55
LH:52
BRDA:57,0,0,4
BRDA:80,1,0,1
BRDA:87,2,0,1
BRDA:114,3,0,1
BRDA:114,3,1,1
BRDA:117,4,0,1
BRDA:117,4,1,0
BRF:7
BRH:6
end_of_record
TN:
SF:src/bot/services/stateManager.ts
FN:3,(anonymous_0)
FN:6,(anonymous_1)
FN:10,(anonymous_2)
FN:23,(anonymous_3)
FN:28,(anonymous_4)
FN:34,(anonymous_5)
FN:38,(anonymous_6)
FN:42,(anonymous_7)
FN:44,(anonymous_8)
FN:47,(anonymous_9)
FN:51,(anonymous_10)
FN:56,(anonymous_11)
FNF:12
FNH:12
FNDA:38,(anonymous_0)
FNDA:87,(anonymous_1)
FNDA:81,(anonymous_2)
FNDA:21,(anonymous_3)
FNDA:19,(anonymous_4)
FNDA:23,(anonymous_5)
FNDA:6,(anonymous_6)
FNDA:9,(anonymous_7)
FNDA:21,(anonymous_8)
FNDA:11,(anonymous_9)
FNDA:6,(anonymous_10)
FNDA:2,(anonymous_11)
DA:3,3
DA:4,38
DA:7,87
DA:11,81
DA:12,81
DA:13,32
DA:20,81
DA:24,21
DA:25,21
DA:29,19
DA:30,19
DA:31,19
DA:35,23
DA:39,6
DA:43,9
DA:44,21
DA:48,11
DA:52,6
DA:53,6
DA:57,2
LF:20
LH:20
BRDA:12,0,0,32
BRF:1
BRH:1
end_of_record
TN:
SF:src/bot/types/index.ts
FNF:0
FNH:0
DA:21,0
DA:28,0
LF:2
LH:0
BRF:0
BRH:0
end_of_record
TN:
SF:src/config/database.ts
FN:9,(anonymous_9)
FN:26,(anonymous_10)
FNF:2
FNH:0
FNDA:0,(anonymous_9)
FNDA:0,(anonymous_10)
DA:1,0
DA:2,0
DA:3,0
DA:6,0
DA:9,0
DA:11,0
DA:26,0
DA:27,0
DA:28,0
DA:29,0
DA:31,0
DA:32,0
LF:12
LH:0
BRDA:9,0,0,0
BRDA:9,0,1,0
BRF:2
BRH:0
end_of_record
TN:
SF:src/config/dotenv.ts
FN:24,(anonymous_9)
FN:50,(anonymous_10)
FNF:2
FNH:0
FNDA:0,(anonymous_9)
FNDA:0,(anonymous_10)
DA:1,0
DA:2,0
DA:5,0
DA:9,0
DA:10,0
DA:14,0
DA:24,0
DA:25,0
DA:26,0
DA:30,0
DA:50,0
DA:55,0
LF:12
LH:0
BRDA:9,0,0,0
BRDA:25,1,0,0
BRDA:32,2,0,0
BRDA:32,2,1,0
BRDA:33,3,0,0
BRDA:33,3,1,0
BRDA:34,4,0,0
BRDA:34,4,1,0
BRDA:35,5,0,0
BRDA:35,5,1,0
BRDA:36,6,0,0
BRDA:36,6,1,0
BRDA:39,7,0,0
BRDA:39,7,1,0
BRDA:42,8,0,0
BRDA:42,8,1,0
BRDA:48,9,0,0
BRDA:48,9,1,0
BRDA:49,10,0,0
BRDA:49,10,1,0
BRF:20
BRH:0
end_of_record
TN:
SF:src/config/index.ts
FNF:0
FNH:0
DA:1,0
DA:2,0
DA:3,0
LF:3
LH:0
BRF:0
BRH:0
end_of_record
TN:
SF:src/lib/gramjs/Helpers.ts
FN:5,readBigIntFromBuffer
FN:19,toSignedLittleBuffer
FN:31,readBufferFromBigInt
FN:63,generateRandomLong
FN:67,mod
FN:71,bigIntMod
FN:75,generateRandomBytes
FN:79,generateKeyDataFromNonce
FN:97,convertToLittle
FN:106,sha1
FN:112,sha256
FN:118,modExp
FN:139,getByteArray
FN:145,getRandomInt
FN:151,sleep
FN:152,(anonymous_16)
FN:157,bufferXor
FN:166,(anonymous_18)
FN:179,crc32
FNF:19
FNH:0
FNDA:0,readBigIntFromBuffer
FNDA:0,toSignedLittleBuffer
FNDA:0,readBufferFromBigInt
FNDA:0,generateRandomLong
FNDA:0,mod
FNDA:0,bigIntMod
FNDA:0,generateRandomBytes
FNDA:0,generateKeyDataFromNonce
FNDA:0,convertToLittle
FNDA:0,sha1
FNDA:0,sha256
FNDA:0,modExp
FNDA:0,getByteArray
FNDA:0,getRandomInt
FNDA:0,sleep
FNDA:0,(anonymous_16)
FNDA:0,bufferXor
FNDA:0,(anonymous_18)
FNDA:0,crc32
DA:1,0
DA:3,0
DA:5,0
DA:6,0
DA:7,0
DA:8,0
DA:9,0
DA:11,0
DA:12,0
DA:13,0
DA:16,0
DA:19,0
DA:20,0
DA:21,0
DA:22,0
DA:23,0
DA:28,0
DA:31,0
DA:32,0
DA:34,0
DA:35,0
DA:36,0
DA:38,0
DA:39,0
DA:41,0
DA:42,0
DA:43,0
DA:44,0
DA:47,0
DA:48,0
DA:50,0
DA:51,0
DA:52,0
DA:53,0
DA:56,0
DA:57,0
DA:60,0
DA:63,0
DA:64,0
DA:67,0
DA:68,0
DA:71,0
DA:72,0
DA:75,0
DA:76,0
DA:79,0
DA:82,0
DA:83,0
DA:84,0
DA:89,0
DA:90,0
DA:91,0
DA:97,0
DA:98,0
DA:100,0
DA:101,0
DA:103,0
DA:106,0
DA:107,0
DA:108,0
DA:109,0
DA:112,0
DA:113,0
DA:114,0
DA:115,0
DA:118,0
DA:123,0
DA:124,0
DA:125,0
DA:126,0
DA:127,0
DA:128,0
DA:129,0
DA:130,0
DA:131,0
DA:133,0
DA:134,0
DA:136,0
DA:139,0
DA:140,0
DA:141,0
DA:142,0
DA:145,0
DA:146,0
DA:147,0
DA:148,0
DA:151,0
DA:152,0
DA:153,0
DA:157,0
DA:158,0
DA:159,0
DA:160,0
DA:162,0
DA:166,0
DA:168,0
DA:169,0
DA:170,0
DA:171,0
DA:172,0
DA:174,0
DA:176,0
DA:179,0
DA:180,0
DA:181,0
DA:183,0
DA:185,0
DA:186,0
DA:187,0
DA:189,0
LF:110
LH:0
BRDA:5,0,0,0
BRDA:5,1,0,0
BRDA:8,2,0,0
BRDA:12,3,0,0
BRDA:12,4,0,0
BRDA:12,4,1,0
BRDA:19,5,0,0
BRDA:31,6,0,0
BRDA:31,7,0,0
BRDA:35,8,0,0
BRDA:38,9,0,0
BRDA:38,10,0,0
BRDA:38,10,1,0
BRDA:42,11,0,0
BRDA:50,12,0,0
BRDA:50,13,0,0
BRDA:50,13,1,0
BRDA:56,14,0,0
BRDA:63,15,0,0
BRDA:129,16,0,0
BRDA:139,17,0,0
BRDA:172,18,0,0
BRDA:172,18,1,0
BRDA:180,19,0,0
BRF:24
BRH:0
end_of_record
TN:
SF:src/lib/gramjs/Password.ts
FN:70,checkPrimeAndGood
FN:98,isGoodLarge
FN:103,numBytesForHash
FN:107,bigNumForHash
FN:111,isGoodModExpFirst
FN:125,xor
FN:135,pbkdf2sha512
FN:145,computeHash
FN:154,computeDigest
FN:174,computeCheck
FN:204,(anonymous_11)
FNF:11
FNH:0
FNDA:0,checkPrimeAndGood
FNDA:0,isGoodLarge
FNDA:0,numBytesForHash
FNDA:0,bigNumForHash
FNDA:0,isGoodModExpFirst
FNDA:0,xor
FNDA:0,pbkdf2sha512
FNDA:0,computeHash
FNDA:0,computeDigest
FNDA:0,computeCheck
FNDA:0,(anonymous_11)
DA:1,0
DA:3,0
DA:4,0
DA:6,0
DA:15,0
DA:71,0
DA:89,0
DA:90,0
DA:91,0
DA:94,0
DA:99,0
DA:104,0
DA:108,0
DA:112,0
DA:114,0
DA:115,0
DA:117,0
DA:126,0
DA:128,0
DA:129,0
DA:132,0
DA:136,0
DA:148,0
DA:149,0
DA:150,0
DA:151,0
DA:154,0
DA:157,0
DA:158,0
DA:160,0
DA:163,0
DA:166,0
DA:174,0
DA:175,0
DA:176,0
DA:177,0
DA:180,0
DA:181,0
DA:182,0
DA:183,0
DA:185,0
DA:186,0
DA:187,0
DA:188,0
DA:189,0
DA:190,0
DA:192,0
DA:194,0
DA:195,0
DA:197,0
DA:198,0
DA:199,0
DA:200,0
DA:201,0
DA:202,0
DA:203,0
DA:204,0
DA:205,0
DA:207,0
DA:208,0
DA:209,0
DA:210,0
DA:211,0
DA:212,0
DA:213,0
DA:214,0
DA:215,0
DA:220,0
DA:221,0
DA:222,0
DA:223,0
DA:226,0
DA:227,0
DA:228,0
DA:229,0
DA:236,0
DA:245,0
LF:77
LH:0
BRDA:89,0,0,0
BRDA:90,1,0,0
BRDA:99,2,0,0
BRDA:99,2,1,0
BRDA:118,3,0,0
BRDA:118,3,1,0
BRDA:118,3,2,0
BRDA:118,3,3,0
BRDA:176,4,0,0
BRDA:182,5,0,0
BRDA:182,6,0,0
BRDA:182,6,1,0
BRDA:194,7,0,0
BRDA:211,8,0,0
BRDA:214,9,0,0
BRDA:222,10,0,0
BRF:16
BRH:0
end_of_record
TN:
SF:src/lib/gramjs/Utils.ts
FN:9,_raiseCastFail
FN:30,getInputPeer
FN:84,strippedPhotoToJpg
FN:101,getDownloadPartSize
FN:127,getUploadPartSize
FN:144,getMessageId
FN:162,getDisplayName
FN:186,getDC
FNF:8
FNH:0
FNDA:0,_raiseCastFail
FNDA:0,getInputPeer
FNDA:0,strippedPhotoToJpg
FNDA:0,getDownloadPartSize
FNDA:0,getUploadPartSize
FNDA:0,getMessageId
FNDA:0,getDisplayName
FNDA:0,getDC
DA:3,0
DA:6,0
DA:7,0
DA:10,0
DA:30,0
DA:33,0
DA:34,0
DA:35,0
DA:36,0
DA:37,0
DA:42,0
DA:45,0
DA:47,0
DA:49,0
DA:50,0
DA:51,0
DA:56,0
DA:59,0
DA:62,0
DA:68,0
DA:69,0
DA:72,0
DA:73,0
DA:84,0
DA:86,0
DA:87,0
DA:89,0
DA:90,0
DA:91,0
DA:92,0
DA:101,0
DA:102,0
DA:103,0
DA:105,0
DA:106,0
DA:108,0
DA:109,0
DA:111,0
DA:112,0
DA:114,0
DA:115,0
DA:118,0
DA:127,0
DA:128,0
DA:129,0
DA:131,0
DA:132,0
DA:134,0
DA:135,0
DA:137,0
DA:138,0
DA:141,0
DA:144,0
DA:145,0
DA:146,0
DA:148,0
DA:149,0
DA:151,0
DA:152,0
DA:154,0
DA:162,0
DA:163,0
DA:164,0
DA:165,0
DA:166,0
DA:167,0
DA:168,0
DA:169,0
DA:171,0
DA:173,0
DA:174,0
DA:176,0
DA:186,0
DA:188,0
DA:190,0
DA:196,0
DA:202,0
DA:208,0
DA:214,0
DA:220,0
LF:80
LH:0
BRDA:31,0,0,0
BRDA:31,1,0,0
BRDA:33,2,0,0
BRDA:34,3,0,0
BRDA:34,3,1,0
BRDA:34,4,0,0
BRDA:34,4,1,0
BRDA:36,5,0,0
BRDA:36,5,1,0
BRDA:36,6,0,0
BRDA:36,6,1,0
BRDA:45,7,0,0
BRDA:45,8,0,0
BRDA:45,8,1,0
BRDA:45,8,2,0
BRDA:49,9,0,0
BRDA:50,10,0,0
BRDA:50,10,1,0
BRDA:50,11,0,0
BRDA:50,11,1,0
BRDA:59,12,0,0
BRDA:68,13,0,0
BRDA:86,14,0,0
BRDA:86,15,0,0
BRDA:86,15,1,0
BRDA:102,16,0,0
BRDA:105,17,0,0
BRDA:108,18,0,0
BRDA:111,19,0,0
BRDA:114,20,0,0
BRDA:128,21,0,0
BRDA:131,22,0,0
BRDA:134,23,0,0
BRDA:137,24,0,0
BRDA:145,25,0,0
BRDA:148,26,0,0
BRDA:151,27,0,0
BRDA:163,28,0,0
BRDA:163,28,1,0
BRDA:164,29,0,0
BRDA:164,29,1,0
BRDA:164,30,0,0
BRDA:164,30,1,0
BRDA:166,31,0,0
BRDA:166,31,1,0
BRDA:168,32,0,0
BRDA:168,32,1,0
BRDA:173,33,0,0
BRDA:173,34,0,0
BRDA:173,34,1,0
BRDA:186,35,0,0
BRDA:188,36,0,0
BRDA:188,36,1,0
BRDA:188,36,2,0
BRDA:188,36,3,0
BRDA:188,36,4,0
BRDA:188,36,5,0
BRDA:192,37,0,0
BRDA:192,37,1,0
BRDA:198,38,0,0
BRDA:198,38,1,0
BRDA:204,39,0,0
BRDA:204,39,1,0
BRDA:210,40,0,0
BRDA:210,40,1,0
BRDA:216,41,0,0
BRDA:216,41,1,0
BRF:67
BRH:0
end_of_record
TN:
SF:src/lib/gramjs/index.ts
FN:1,(anonymous_10)
FNF:1
FNH:0
FNDA:0,(anonymous_10)
DA:1,0
DA:2,0
DA:3,0
DA:4,0
DA:5,0
DA:6,0
DA:10,0
DA:11,0
DA:12,0
DA:15,0
LF:10
LH:0
BRF:0
BRH:0
end_of_record
TN:
SF:src/lib/gramjs/api/helpers.ts
FN:13,omitVirtualClassFields
FNF:1
FNH:0
FNDA:0,omitVirtualClassFields
DA:13,0
DA:24,0
DA:26,0
LF:3
LH:0
BRF:0
BRH:0
end_of_record
TN:
SF:src/lib/gramjs/api/pathBytesToSvg.ts
FN:4,pathBytesToSvg
FN:11,buildSvgPath
FNF:2
FNH:0
FNDA:0,pathBytesToSvg
FNDA:0,buildSvgPath
DA:1,0
DA:2,0
DA:4,0
DA:5,0
DA:11,0
DA:12,0
DA:14,0
DA:15,0
DA:16,0
DA:17,0
DA:18,0
DA:20,0
DA:21,0
DA:22,0
DA:23,0
DA:25,0
DA:29,0
DA:31,0
LF:18
LH:0
BRDA:17,0,0,0
BRDA:17,0,1,0
BRDA:20,1,0,0
BRDA:20,1,1,0
BRDA:22,2,0,0
BRF:5
BRH:0
end_of_record
TN:
SF:src/lib/gramjs/client/2fa.ts
FN:58,updateTwoFaSettings
FN:132,getTmpPassword
FN:148,getCurrentPassword
FNF:3
FNH:0
FNDA:0,updateTwoFaSettings
FNDA:0,getTmpPassword
FNDA:0,getCurrentPassword
DA:3,0
DA:4,0
DA:6,0
DA:7,0
DA:58,0
DA:70,0
DA:71,0
DA:74,0
DA:75,0
DA:78,0
DA:80,0
DA:82,0
DA:83,0
DA:86,0
DA:87,0
DA:88,0
DA:91,0
DA:93,0
DA:94,0
DA:95,0
DA:98,0
DA:99,0
DA:111,0
DA:112,0
DA:113,0
DA:114,0
DA:116,0
DA:117,0
DA:120,0
DA:121,0
DA:123,0
DA:127,0
DA:132,0
DA:133,0
DA:135,0
DA:136,0
DA:139,0
DA:140,0
DA:145,0
DA:148,0
DA:152,0
DA:154,0
DA:155,0
DA:158,0
LF:44
LH:0
BRDA:64,0,0,0
BRDA:70,1,0,0
BRDA:70,2,0,0
BRDA:70,2,1,0
BRDA:74,3,0,0
BRDA:74,4,0,0
BRDA:74,4,1,0
BRDA:74,5,0,0
BRDA:74,5,1,0
BRDA:82,6,0,0
BRDA:87,7,0,0
BRDA:87,8,0,0
BRDA:87,8,1,0
BRDA:91,9,0,0
BRDA:91,9,1,0
BRDA:93,10,0,0
BRDA:103,11,0,0
BRDA:103,11,1,0
BRDA:111,12,0,0
BRDA:111,12,1,0
BRDA:116,13,0,0
BRDA:132,14,0,0
BRDA:135,15,0,0
BRDA:154,16,0,0
BRDA:158,17,0,0
BRDA:158,17,1,0
BRF:26
BRH:0
end_of_record
TN:
SF:src/lib/gramjs/client/MockSender.ts
FN:4,(anonymous_0)
FN:7,(anonymous_1)
FN:11,(anonymous_2)
FNF:3
FNH:0
FNDA:0,(anonymous_0)
FNDA:0,(anonymous_1)
FNDA:0,(anonymous_2)
DA:3,0
DA:4,0
DA:8,0
DA:12,0
LF:4
LH:0
BRF:0
BRH:0
end_of_record
TN:
SF:src/lib/gramjs/client/TelegramClient.ts
FN:214,(anonymous_1)
FN:265,(anonymous_2)
FN:295,(anonymous_3)
FN:361,(anonymous_4)
FN:373,(anonymous_5)
FN:377,(anonymous_6)
FN:384,(anonymous_7)
FN:391,(anonymous_8)
FN:395,(anonymous_9)
FN:399,(anonymous_10)
FN:415,(anonymous_11)
FN:429,(anonymous_12)
FN:431,(anonymous_13)
FN:483,(anonymous_14)
FN:488,(anonymous_15)
FN:489,(anonymous_16)
FN:490,(anonymous_17)
FN:497,(anonymous_18)
FN:498,(anonymous_19)
FN:512,(anonymous_20)
FN:526,(anonymous_21)
FN:545,(anonymous_22)
FN:552,(anonymous_23)
FN:564,(anonymous_24)
FN:577,(anonymous_25)
FN:583,(anonymous_26)
FN:599,(anonymous_27)
FN:669,(anonymous_28)
FN:681,(anonymous_29)
FN:691,(anonymous_30)
FN:743,(anonymous_31)
FN:761,(anonymous_32)
FN:765,(anonymous_33)
FN:788,(anonymous_34)
FN:792,(anonymous_35)
FN:823,(anonymous_36)
FN:842,(anonymous_37)
FN:864,(anonymous_38)
FN:883,(anonymous_39)
FN:886,(anonymous_40)
FN:897,(anonymous_41)
FN:905,(anonymous_42)
FN:916,(anonymous_43)
FN:963,(anonymous_44)
FN:1005,(anonymous_45)
FN:1007,(anonymous_46)
FN:1054,(anonymous_47)
FN:1130,(anonymous_48)
FN:1213,(anonymous_49)
FN:1226,(anonymous_50)
FN:1230,(anonymous_51)
FN:1244,(anonymous_52)
FN:1250,(anonymous_53)
FN:1269,(anonymous_54)
FN:1273,(anonymous_55)
FN:1277,(anonymous_56)
FN:1281,(anonymous_57)
FN:1286,(anonymous_58)
FN:1290,(anonymous_59)
FN:1308,(anonymous_60)
FN:1318,(anonymous_61)
FN:1329,(anonymous_62)
FN:1339,timeout
FN:1344,(anonymous_64)
FN:1345,(anonymous_65)
FN:1350,attempts
FNF:66
FNH:0
FNDA:0,(anonymous_1)
FNDA:0,(anonymous_2)
FNDA:0,(anonymous_3)
FNDA:0,(anonymous_4)
FNDA:0,(anonymous_5)
FNDA:0,(anonymous_6)
FNDA:0,(anonymous_7)
FNDA:0,(anonymous_8)
FNDA:0,(anonymous_9)
FNDA:0,(anonymous_10)
FNDA:0,(anonymous_11)
FNDA:0,(anonymous_12)
FNDA:0,(anonymous_13)
FNDA:0,(anonymous_14)
FNDA:0,(anonymous_15)
FNDA:0,(anonymous_16)
FNDA:0,(anonymous_17)
FNDA:0,(anonymous_18)
FNDA:0,(anonymous_19)
FNDA:0,(anonymous_20)
FNDA:0,(anonymous_21)
FNDA:0,(anonymous_22)
FNDA:0,(anonymous_23)
FNDA:0,(anonymous_24)
FNDA:0,(anonymous_25)
FNDA:0,(anonymous_26)
FNDA:0,(anonymous_27)
FNDA:0,(anonymous_28)
FNDA:0,(anonymous_29)
FNDA:0,(anonymous_30)
FNDA:0,(anonymous_31)
FNDA:0,(anonymous_32)
FNDA:0,(anonymous_33)
FNDA:0,(anonymous_34)
FNDA:0,(anonymous_35)
FNDA:0,(anonymous_36)
FNDA:0,(anonymous_37)
FNDA:0,(anonymous_38)
FNDA:0,(anonymous_39)
FNDA:0,(anonymous_40)
FNDA:0,(anonymous_41)
FNDA:0,(anonymous_42)
FNDA:0,(anonymous_43)
FNDA:0,(anonymous_44)
FNDA:0,(anonymous_45)
FNDA:0,(anonymous_46)
FNDA:0,(anonymous_47)
FNDA:0,(anonymous_48)
FNDA:0,(anonymous_49)
FNDA:0,(anonymous_50)
FNDA:0,(anonymous_51)
FNDA:0,(anonymous_52)
FNDA:0,(anonymous_53)
FNDA:0,(anonymous_54)
FNDA:0,(anonymous_55)
FNDA:0,(anonymous_56)
FNDA:0,(anonymous_57)
FNDA:0,(anonymous_58)
FNDA:0,(anonymous_59)
FNDA:0,(anonymous_60)
FNDA:0,(anonymous_61)
FNDA:0,(anonymous_62)
FNDA:0,timeout
FNDA:0,(anonymous_64)
FNDA:0,(anonymous_65)
FNDA:0,attempts
DA:1,0
DA:2,0
DA:3,0
DA:20,0
DA:21,0
DA:32,0
DA:33,0
DA:39,0
DA:40,0
DA:45,0
DA:46,0
DA:47,0
DA:49,0
DA:50,0
DA:51,0
DA:52,0
DA:53,0
DA:54,0
DA:99,0
DA:100,0
DA:101,0
DA:102,0
DA:103,0
DA:105,0
DA:106,0
DA:107,0
DA:108,0
DA:111,0
DA:113,0
DA:115,0
DA:117,0
DA:120,0
DA:124,0
DA:199,0
DA:200,0
DA:201,0
DA:202,0
DA:203,0
DA:204,0
DA:205,0
DA:206,0
DA:211,0
DA:212,0
DA:220,0
DA:221,0
DA:223,0
DA:224,0
DA:225,0
DA:226,0
DA:227,0
DA:228,0
DA:229,0
DA:230,0
DA:232,0
DA:233,0
DA:235,0
DA:238,0
DA:239,0
DA:240,0
DA:242,0
DA:244,0
DA:245,0
DA:247,0
DA:249,0
DA:250,0
DA:252,0
DA:253,0
DA:254,0
DA:255,0
DA:256,0
DA:258,0
DA:259,0
DA:261,0
DA:262,0
DA:265,0
DA:266,0
DA:284,0
DA:296,0
DA:298,0
DA:300,0
DA:318,0
DA:325,0
DA:333,0
DA:334,0
DA:336,0
DA:337,0
DA:338,0
DA:340,0
DA:343,0
DA:345,0
DA:349,0
DA:350,0
DA:351,0
DA:353,0
DA:354,0
DA:357,0
DA:358,0
DA:362,0
DA:364,0
DA:365,0
DA:367,0
DA:374,0
DA:378,0
DA:379,0
DA:380,0
DA:381,0
DA:385,0
DA:386,0
DA:387,0
DA:388,0
DA:392,0
DA:396,0
DA:402,0
DA:403,0
DA:404,0
DA:407,0
DA:408,0
DA:409,0
DA:410,0
DA:411,0
DA:414,0
DA:415,0
DA:416,0
DA:417,0
DA:419,0
DA:425,0
DA:426,0
DA:428,0
DA:429,0
DA:431,0
DA:432,0
DA:433,0
DA:436,0
DA:438,0
DA:439,0
DA:440,0
DA:443,0
DA:446,0
DA:449,0
DA:451,0
DA:453,0
DA:454,0
DA:456,0
DA:457,0
DA:459,0
DA:466,0
DA:467,0
DA:468,0
DA:473,0
DA:476,0
DA:484,0
DA:486,0
DA:489,0
DA:490,0
DA:491,0
DA:497,0
DA:498,0
DA:499,0
DA:503,0
DA:504,0
DA:505,0
DA:513,0
DA:515,0
DA:516,0
DA:517,0
DA:522,0
DA:523,0
DA:527,0
DA:528,0
DA:531,0
DA:532,0
DA:533,0
DA:534,0
DA:537,0
DA:538,0
DA:539,0
DA:540,0
DA:541,0
DA:542,0
DA:546,0
DA:553,0
DA:554,0
DA:557,0
DA:558,0
DA:559,0
DA:560,0
DA:561,0
DA:565,0
DA:566,0
DA:567,0
DA:570,0
DA:571,0
DA:574,0
DA:575,0
DA:577,0
DA:578,0
DA:579,0
DA:585,0
DA:588,0
DA:589,0
DA:590,0
DA:592,0
DA:594,0
DA:595,0
DA:596,0
DA:599,0
DA:600,0
DA:605,0
DA:607,0
DA:608,0
DA:609,0
DA:626,0
DA:629,0
DA:630,0
DA:632,0
DA:636,0
DA:637,0
DA:641,0
DA:642,0
DA:644,0
DA:645,0
DA:646,0
DA:649,0
DA:651,0
DA:654,0
DA:656,0
DA:658,0
DA:661,0
DA:663,0
DA:664,0
DA:670,0
DA:671,0
DA:673,0
DA:674,0
DA:676,0
DA:678,0
DA:679,0
DA:681,0
DA:683,0
DA:684,0
DA:685,0
DA:686,0
DA:694,0
DA:696,0
DA:697,0
DA:699,0
DA:700,0
DA:702,0
DA:705,0
DA:706,0
DA:715,0
DA:716,0
DA:718,0
DA:719,0
DA:720,0
DA:721,0
DA:723,0
DA:728,0
DA:730,0
DA:733,0
DA:734,0
DA:735,0
DA:736,0
DA:737,0
DA:740,0
DA:744,0
DA:761,0
DA:766,0
DA:789,0
DA:797,0
DA:798,0
DA:799,0
DA:800,0
DA:801,0
DA:802,0
DA:805,0
DA:808,0
DA:809,0
DA:810,0
DA:813,0
DA:814,0
DA:815,0
DA:816,0
DA:817,0
DA:818,0
DA:820,0
DA:824,0
DA:826,0
DA:827,0
DA:829,0
DA:830,0
DA:836,0
DA:843,0
DA:844,0
DA:847,0
DA:849,0
DA:850,0
DA:862,0
DA:865,0
DA:866,0
DA:867,0
DA:870,0
DA:884,0
DA:885,0
DA:886,0
DA:887,0
DA:888,0
DA:889,0
DA:891,0
DA:894,0
DA:896,0
DA:897,0
DA:898,0
DA:899,0
DA:902,0
DA:908,0
DA:909,0
DA:911,0
DA:913,0
DA:917,0
DA:918,0
DA:919,0
DA:922,0
DA:923,0
DA:926,0
DA:927,0
DA:928,0
DA:930,0
DA:934,0
DA:937,0
DA:938,0
DA:942,0
DA:943,0
DA:945,0
DA:948,0
DA:966,0
DA:967,0
DA:968,0
DA:970,0
DA:971,0
DA:975,0
DA:976,0
DA:977,0
DA:978,0
DA:981,0
DA:983,0
DA:987,0
DA:1006,0
DA:1007,0
DA:1008,0
DA:1011,0
DA:1012,0
DA:1013,0
DA:1015,0
DA:1016,0
DA:1025,0
DA:1028,0
DA:1029,0
DA:1031,0
DA:1032,0
DA:1033,0
DA:1034,0
DA:1035,0
DA:1036,0
DA:1037,0
DA:1040,0
DA:1043,0
DA:1046,0
DA:1047,0
DA:1049,0
DA:1064,0
DA:1065,0
DA:1066,0
DA:1068,0
DA:1069,0
DA:1070,0
DA:1086,0
DA:1087,0
DA:1088,0
DA:1090,0
DA:1091,0
DA:1092,0
DA:1093,0
DA:1094,0
DA:1095,0
DA:1096,0
DA:1099,0
DA:1102,0
DA:1104,0
DA:1105,0
DA:1106,0
DA:1110,0
DA:1112,0
DA:1113,0
DA:1115,0
DA:1133,0
DA:1134,0
DA:1137,0
DA:1138,0
DA:1139,0
DA:1141,0
DA:1143,0
DA:1145,0
DA:1146,0
DA:1147,0
DA:1148,0
DA:1149,0
DA:1150,0
DA:1151,0
DA:1152,0
DA:1154,0
DA:1161,0
DA:1162,0
DA:1163,0
DA:1164,0
DA:1165,0
DA:1166,0
DA:1168,0
DA:1169,0
DA:1170,0
DA:1172,0
DA:1174,0
DA:1175,0
DA:1177,0
DA:1178,0
DA:1179,0
DA:1180,0
DA:1182,0
DA:1183,0
DA:1184,0
DA:1185,0
DA:1187,0
DA:1189,0
DA:1190,0
DA:1191,0
DA:1192,0
DA:1193,0
DA:1194,0
DA:1195,0
DA:1196,0
DA:1197,0
DA:1198,0
DA:1201,0
DA:1202,0
DA:1203,0
DA:1207,0
DA:1209,0
DA:1210,0
DA:1214,0
DA:1215,0
DA:1218,0
DA:1219,0
DA:1221,0
DA:1223,0
DA:1227,0
DA:1231,0
DA:1232,0
DA:1238,0
DA:1239,0
DA:1241,0
DA:1245,0
DA:1246,0
DA:1251,0
DA:1252,0
DA:1255,0
DA:1257,0
DA:1258,0
DA:1261,0
DA:1266,0
DA:1270,0
DA:1274,0
DA:1278,0
DA:1282,0
DA:1287,0
DA:1294,0
DA:1296,0
DA:1297,0
DA:1298,0
DA:1300,0
DA:1301,0
DA:1302,0
DA:1304,0
DA:1309,0
DA:1310,0
DA:1313,0
DA:1321,0
DA:1322,0
DA:1323,0
DA:1324,0
DA:1330,0
DA:1331,0
DA:1332,0
DA:1335,0
DA:1340,0
DA:1342,0
DA:1344,0
DA:1346,0
DA:1351,0
DA:1352,0
DA:1355,0
DA:1357,0
DA:1358,0
DA:1361,0
DA:1364,0
DA:1367,0
LF:505
LH:0
BRDA:218,0,0,0
BRDA:220,1,0,0
BRDA:220,2,0,0
BRDA:220,2,1,0
BRDA:220,2,2,0
BRDA:226,3,0,0
BRDA:226,3,1,0
BRDA:232,4,0,0
BRDA:232,4,1,0
BRDA:238,5,0,0
BRDA:238,5,1,0
BRDA:238,6,0,0
BRDA:238,6,1,0
BRDA:244,7,0,0
BRDA:255,8,0,0
BRDA:255,8,1,0
BRDA:256,9,0,0
BRDA:256,9,1,0
BRDA:270,10,0,0
BRDA:270,10,1,0
BRDA:270,10,2,0
BRDA:272,11,0,0
BRDA:272,11,1,0
BRDA:272,11,2,0
BRDA:274,12,0,0
BRDA:274,12,1,0
BRDA:298,13,0,0
BRDA:334,14,0,0
BRDA:336,15,0,0
BRDA:349,16,0,0
BRDA:358,17,0,0
BRDA:364,18,0,0
BRDA:364,19,0,0
BRDA:364,19,1,0
BRDA:368,20,0,0
BRDA:368,20,1,0
BRDA:403,21,0,0
BRDA:409,22,0,0
BRDA:409,23,0,0
BRDA:409,23,1,0
BRDA:416,24,0,0
BRDA:426,25,0,0
BRDA:426,25,1,0
BRDA:428,26,0,0
BRDA:428,26,1,0
BRDA:428,27,0,0
BRDA:428,27,1,0
BRDA:438,28,0,0
BRDA:453,29,0,0
BRDA:453,30,0,0
BRDA:453,30,1,0
BRDA:456,31,0,0
BRDA:466,32,0,0
BRDA:527,33,0,0
BRDA:533,34,0,0
BRDA:533,34,1,0
BRDA:553,35,0,0
BRDA:557,36,0,0
BRDA:566,37,0,0
BRDA:570,38,0,0
BRDA:583,39,0,0
BRDA:588,40,0,0
BRDA:589,41,0,0
BRDA:589,41,1,0
BRDA:595,42,0,0
BRDA:616,43,0,0
BRDA:616,43,1,0
BRDA:623,44,0,0
BRDA:623,44,1,0
BRDA:626,45,0,0
BRDA:626,46,0,0
BRDA:626,46,1,0
BRDA:644,47,0,0
BRDA:649,48,0,0
BRDA:656,49,0,0
BRDA:673,50,0,0
BRDA:674,51,0,0
BRDA:678,52,0,0
BRDA:679,53,0,0
BRDA:683,54,0,0
BRDA:694,55,0,0
BRDA:694,55,1,0
BRDA:696,56,0,0
BRDA:697,57,0,0
BRDA:699,58,0,0
BRDA:699,59,0,0
BRDA:699,59,1,0
BRDA:700,60,0,0
BRDA:703,61,0,0
BRDA:703,61,1,0
BRDA:707,62,0,0
BRDA:707,62,1,0
BRDA:718,63,0,0
BRDA:719,64,0,0
BRDA:719,64,1,0
BRDA:734,65,0,0
BRDA:735,66,0,0
BRDA:766,67,0,0
BRDA:766,67,1,0
BRDA:797,68,0,0
BRDA:797,68,1,0
BRDA:797,69,0,0
BRDA:797,69,1,0
BRDA:799,70,0,0
BRDA:799,70,1,0
BRDA:801,71,0,0
BRDA:808,72,0,0
BRDA:809,73,0,0
BRDA:810,74,0,0
BRDA:810,74,1,0
BRDA:813,75,0,0
BRDA:813,75,1,0
BRDA:813,76,0,0
BRDA:813,76,1,0
BRDA:815,77,0,0
BRDA:815,77,1,0
BRDA:815,78,0,0
BRDA:815,78,1,0
BRDA:817,79,0,0
BRDA:817,80,0,0
BRDA:817,80,1,0
BRDA:823,81,0,0
BRDA:826,82,0,0
BRDA:826,83,0,0
BRDA:826,83,1,0
BRDA:833,84,0,0
BRDA:833,84,1,0
BRDA:843,85,0,0
BRDA:843,86,0,0
BRDA:843,86,1,0
BRDA:849,87,0,0
BRDA:866,88,0,0
BRDA:866,89,0,0
BRDA:866,89,1,0
BRDA:884,90,0,0
BRDA:885,91,0,0
BRDA:887,92,0,0
BRDA:888,93,0,0
BRDA:888,94,0,0
BRDA:888,94,1,0
BRDA:889,95,0,0
BRDA:889,95,1,0
BRDA:897,96,0,0
BRDA:897,96,1,0
BRDA:898,97,0,0
BRDA:908,98,0,0
BRDA:908,98,1,0
BRDA:918,99,0,0
BRDA:918,100,0,0
BRDA:918,100,1,0
BRDA:922,101,0,0
BRDA:926,102,0,0
BRDA:926,102,1,0
BRDA:927,103,0,0
BRDA:927,103,1,0
BRDA:930,104,0,0
BRDA:930,105,0,0
BRDA:930,105,1,0
BRDA:930,105,2,0
BRDA:930,105,3,0
BRDA:937,106,0,0
BRDA:937,107,0,0
BRDA:937,107,1,0
BRDA:942,108,0,0
BRDA:942,108,1,0
BRDA:945,109,0,0
BRDA:945,109,1,0
BRDA:967,110,0,0
BRDA:967,111,0,0
BRDA:967,111,1,0
BRDA:970,112,0,0
BRDA:975,113,0,0
BRDA:976,114,0,0
BRDA:976,114,1,0
BRDA:976,115,0,0
BRDA:976,115,1,0
BRDA:977,116,0,0
BRDA:977,117,0,0
BRDA:977,117,1,0
BRDA:981,118,0,0
BRDA:981,119,0,0
BRDA:981,119,1,0
BRDA:981,119,2,0
BRDA:992,120,0,0
BRDA:992,120,1,0
BRDA:992,121,0,0
BRDA:992,121,1,0
BRDA:995,122,0,0
BRDA:995,122,1,0
BRDA:995,123,0,0
BRDA:995,123,1,0
BRDA:1006,124,0,0
BRDA:1026,125,0,0
BRDA:1026,125,1,0
BRDA:1028,126,0,0
BRDA:1034,127,0,0
BRDA:1034,127,1,0
BRDA:1036,128,0,0
BRDA:1046,129,0,0
BRDA:1046,129,1,0
BRDA:1046,130,0,0
BRDA:1046,130,1,0
BRDA:1087,131,0,0
BRDA:1093,132,0,0
BRDA:1093,132,1,0
BRDA:1095,133,0,0
BRDA:1102,134,0,0
BRDA:1112,135,0,0
BRDA:1112,135,1,0
BRDA:1112,136,0,0
BRDA:1112,136,1,0
BRDA:1133,137,0,0
BRDA:1138,138,0,0
BRDA:1138,138,1,0
BRDA:1151,139,0,0
BRDA:1154,140,0,0
BRDA:1154,140,1,0
BRDA:1154,141,0,0
BRDA:1154,141,1,0
BRDA:1154,141,2,0
BRDA:1154,141,3,0
BRDA:1154,141,4,0
BRDA:1163,142,0,0
BRDA:1163,142,1,0
BRDA:1163,143,0,0
BRDA:1163,143,1,0
BRDA:1164,144,0,0
BRDA:1164,144,1,0
BRDA:1169,145,0,0
BRDA:1172,146,0,0
BRDA:1172,146,1,0
BRDA:1172,147,0,0
BRDA:1172,147,1,0
BRDA:1172,147,2,0
BRDA:1175,148,0,0
BRDA:1175,148,1,0
BRDA:1177,149,0,0
BRDA:1177,150,0,0
BRDA:1177,150,1,0
BRDA:1179,151,0,0
BRDA:1183,152,0,0
BRDA:1184,153,0,0
BRDA:1184,153,1,0
BRDA:1185,154,0,0
BRDA:1185,154,1,0
BRDA:1190,155,0,0
BRDA:1190,155,1,0
BRDA:1190,156,0,0
BRDA:1190,156,1,0
BRDA:1194,157,0,0
BRDA:1194,157,1,0
BRDA:1195,158,0,0
BRDA:1197,159,0,0
BRDA:1202,160,0,0
BRDA:1209,161,0,0
BRDA:1214,162,0,0
BRDA:1219,163,0,0
BRDA:1219,163,1,0
BRDA:1223,164,0,0
BRDA:1245,165,0,0
BRDA:1251,166,0,0
BRDA:1257,167,0,0
BRDA:1294,168,0,0
BRDA:1294,168,1,0
BRDA:1294,169,0,0
BRDA:1294,169,1,0
BRDA:1301,170,0,0
BRDA:1301,170,1,0
BRDA:1309,171,0,0
BRDA:1309,171,1,0
BRDA:1323,172,0,0
BRDA:1330,173,0,0
BRDA:1331,174,0,0
BRDA:1344,175,0,0
BRDA:1344,175,1,0
BRDA:1357,176,0,0
BRF:276
BRH:0
end_of_record
TN:
SF:src/lib/gramjs/client/auth.ts
FN:42,authFlow
FN:60,signInUserWithPreferredMethod
FN:72,checkAuthorization
FN:82,signInUserWithWebToken
FN:112,signInUser
FN:231,signInUserWithQrCode
FN:236,(anonymous_7)
FN:246,(anonymous_8)
FN:261,(anonymous_9)
FN:262,(anonymous_10)
FN:266,(anonymous_11)
FN:287,(anonymous_12)
FN:316,sendCode
FN:365,signInWithPassword
FN:391,signInBot
FNF:15
FNH:0
FNDA:0,authFlow
FNDA:0,signInUserWithPreferredMethod
FNDA:0,checkAuthorization
FNDA:0,signInUserWithWebToken
FNDA:0,signInUser
FNDA:0,signInUserWithQrCode
FNDA:0,(anonymous_7)
FNDA:0,(anonymous_8)
FNDA:0,(anonymous_9)
FNDA:0,(anonymous_10)
FNDA:0,(anonymous_11)
FNDA:0,(anonymous_12)
FNDA:0,sendCode
FNDA:0,signInWithPassword
FNDA:0,signInBot
DA:1,0
DA:6,0
DA:7,0
DA:8,0
DA:10,0
DA:11,0
DA:12,0
DA:40,0
DA:42,0
DA:49,0
DA:50,0
DA:51,0
DA:52,0
DA:54,0
DA:57,0
DA:60,0
DA:63,0
DA:65,0
DA:66,0
DA:68,0
DA:72,0
DA:73,0
DA:74,0
DA:75,0
DA:77,0
DA:78,0
DA:85,0
DA:86,0
DA:87,0
DA:93,0
DA:94,0
DA:96,0
DA:99,0
DA:100,0
DA:102,0
DA:103,0
DA:104,0
DA:117,0
DA:119,0
DA:120,0
DA:121,0
DA:122,0
DA:123,0
DA:125,0
DA:126,0
DA:129,0
DA:132,0
DA:134,0
DA:135,0
DA:136,0
DA:138,0
DA:139,0
DA:142,0
DA:144,0
DA:145,0
DA:148,0
DA:153,0
DA:157,0
DA:158,0
DA:159,0
DA:160,0
DA:163,0
DA:164,0
DA:168,0
DA:169,0
DA:174,0
DA:180,0
DA:181,0
DA:182,0
DA:183,0
DA:186,0
DA:188,0
DA:189,0
DA:190,0
DA:191,0
DA:194,0
DA:199,0
DA:201,0
DA:202,0
DA:203,0
DA:204,0
DA:205,0
DA:208,0
DA:215,0
DA:217,0
DA:220,0
DA:222,0
DA:227,0
DA:228,0
DA:234,0
DA:236,0
DA:238,0
DA:239,0
DA:240,0
DA:243,0
DA:246,0
DA:248,0
DA:249,0
DA:252,0
DA:254,0
DA:261,0
DA:262,0
DA:263,0
DA:264,0
DA:266,0
DA:269,0
DA:272,0
DA:274,0
DA:275,0
DA:278,0
DA:280,0
DA:283,0
DA:284,0
DA:287,0
DA:290,0
DA:291,0
DA:292,0
DA:293,0
DA:294,0
DA:298,0
DA:300,0
DA:304,0
DA:305,0
DA:308,0
DA:313,0
DA:322,0
DA:323,0
DA:324,0
DA:331,0
DA:332,0
DA:336,0
DA:337,0
DA:343,0
DA:348,0
DA:349,0
DA:352,0
DA:357,0
DA:358,0
DA:360,0
DA:369,0
DA:370,0
DA:371,0
DA:372,0
DA:373,0
DA:374,0
DA:377,0
DA:378,0
DA:382,0
DA:384,0
DA:388,0
DA:392,0
DA:393,0
DA:395,0
DA:401,0
LF:154
LH:0
BRDA:49,0,0,0
BRDA:49,0,1,0
BRDA:51,1,0,0
BRDA:51,1,1,0
BRDA:51,2,0,0
BRDA:51,2,1,0
BRDA:63,3,0,0
BRDA:65,4,0,0
BRDA:65,4,1,0
BRDA:72,5,0,0
BRDA:77,6,0,0
BRDA:77,7,0,0
BRDA:77,7,1,0
BRDA:77,7,2,0
BRDA:93,8,0,0
BRDA:93,8,1,0
BRDA:99,9,0,0
BRDA:99,9,1,0
BRDA:99,10,0,0
BRDA:99,10,1,0
BRDA:121,11,0,0
BRDA:121,11,1,0
BRDA:125,12,0,0
BRDA:125,13,0,0
BRDA:125,13,1,0
BRDA:138,14,0,0
BRDA:144,15,0,0
BRDA:163,16,0,0
BRDA:163,17,0,0
BRDA:163,17,1,0
BRDA:168,18,0,0
BRDA:180,19,0,0
BRDA:188,20,0,0
BRDA:188,20,1,0
BRDA:188,21,0,0
BRDA:188,21,1,0
BRDA:190,22,0,0
BRDA:190,22,1,0
BRDA:199,23,0,0
BRDA:204,24,0,0
BRDA:215,25,0,0
BRDA:239,26,0,0
BRDA:246,27,0,0
BRDA:246,27,1,0
BRDA:248,28,0,0
BRDA:263,29,0,0
BRDA:274,30,0,0
BRDA:274,31,0,0
BRDA:274,31,1,0
BRDA:287,32,0,0
BRDA:287,32,1,0
BRDA:290,33,0,0
BRDA:290,33,1,0
BRDA:290,34,0,0
BRDA:290,34,1,0
BRDA:292,35,0,0
BRDA:298,36,0,0
BRDA:298,37,0,0
BRDA:298,37,1,0
BRDA:304,38,0,0
BRDA:304,39,0,0
BRDA:304,39,1,0
BRDA:317,40,0,0
BRDA:331,41,0,0
BRDA:336,42,0,0
BRDA:336,43,0,0
BRDA:336,43,1,0
BRDA:348,44,0,0
BRDA:357,45,0,0
BRDA:357,45,1,0
BRDA:357,46,0,0
BRDA:357,46,1,0
BRDA:366,47,0,0
BRDA:373,48,0,0
BRF:74
BRH:0
end_of_record
TN:
SF:src/lib/gramjs/client/uploadFile.ts
FN:32,(anonymous_1)
FN:34,uploadFile
FN:47,(anonymous_3)
FN:60,(anonymous_4)
FN:85,(anonymous_5)
FN:91,(anonymous_6)
FN:98,(anonymous_7)
FN:109,(anonymous_8)
FNF:8
FNH:0
FNDA:0,(anonymous_1)
FNDA:0,uploadFile
FNDA:0,(anonymous_3)
FNDA:0,(anonymous_4)
FNDA:0,(anonymous_5)
FNDA:0,(anonymous_6)
FNDA:0,(anonymous_7)
FNDA:0,(anonymous_8)
DA:3,0
DA:4,0
DA:5,0
DA:7,0
DA:8,0
DA:9,0
DA:24,0
DA:25,0
DA:26,0
DA:27,0
DA:28,0
DA:29,0
DA:31,0
DA:32,0
DA:34,0
DA:39,0
DA:41,0
DA:43,0
DA:44,0
DA:45,0
DA:47,0
DA:48,0
DA:50,0
DA:53,0
DA:54,0
DA:55,0
DA:60,0
DA:61,0
DA:63,0
DA:64,0
DA:65,0
DA:69,0
DA:71,0
DA:73,0
DA:74,0
DA:78,0
DA:80,0
DA:81,0
DA:82,0
DA:85,0
DA:86,0
DA:89,0
DA:91,0
DA:92,0
DA:94,0
DA:96,0
DA:97,0
DA:98,0
DA:99,0
DA:100,0
DA:103,0
DA:104,0
DA:106,0
DA:107,0
DA:108,0
DA:109,0
DA:110,0
DA:111,0
DA:114,0
DA:128,0
DA:129,0
DA:131,0
DA:132,0
DA:133,0
DA:134,0
DA:135,0
DA:136,0
DA:137,0
DA:138,0
DA:140,0
DA:141,0
DA:143,0
DA:144,0
DA:146,0
DA:149,0
DA:151,0
DA:152,0
DA:153,0
DA:156,0
DA:157,0
DA:158,0
DA:160,0
DA:164,0
DA:167,0
DA:169,0
LF:85
LH:0
BRDA:48,0,0,0
BRDA:64,1,0,0
BRDA:75,2,0,0
BRDA:75,2,1,0
BRDA:80,3,0,0
BRDA:97,4,0,0
BRDA:99,5,0,0
BRDA:108,6,0,0
BRDA:110,7,0,0
BRDA:115,8,0,0
BRDA:115,8,1,0
BRDA:132,9,0,0
BRDA:132,9,1,0
BRDA:132,10,0,0
BRDA:132,10,1,0
BRDA:135,11,0,0
BRDA:136,12,0,0
BRDA:136,13,0,0
BRDA:136,13,1,0
BRDA:144,14,0,0
BRDA:151,15,0,0
BRDA:152,16,0,0
BRDA:169,17,0,0
BRDA:169,17,1,0
BRF:24
BRH:0
end_of_record
TN:
SF:src/lib/gramjs/crypto/AuthKey.ts
FN:22,(anonymous_0)
FN:34,(anonymous_1)
FN:57,(anonymous_2)
FN:63,(anonymous_3)
FN:75,(anonymous_4)
FN:96,(anonymous_5)
FNF:6
FNH:0
FNDA:0,(anonymous_0)
FNDA:0,(anonymous_1)
FNDA:0,(anonymous_2)
FNDA:0,(anonymous_3)
FNDA:0,(anonymous_4)
FNDA:0,(anonymous_5)
DA:3,0
DA:5,0
DA:13,0
DA:23,0
DA:24,0
DA:26,0
DA:27,0
DA:28,0
DA:29,0
DA:30,0
DA:31,0
DA:35,0
DA:36,0
DA:37,0
DA:38,0
DA:39,0
DA:40,0
DA:42,0
DA:43,0
DA:44,0
DA:45,0
DA:46,0
DA:47,0
DA:49,0
DA:50,0
DA:51,0
DA:52,0
DA:53,0
DA:54,0
DA:58,0
DA:59,0
DA:64,0
DA:79,0
DA:80,0
DA:83,0
DA:84,0
DA:85,0
DA:86,0
DA:92,0
DA:93,0
DA:97,0
LF:41
LH:0
BRDA:23,0,0,0
BRDA:23,1,0,0
BRDA:23,1,1,0
BRDA:35,2,0,0
BRDA:42,3,0,0
BRDA:79,4,0,0
BRDA:98,5,0,0
BRDA:98,5,1,0
BRDA:98,5,2,0
BRDA:98,5,3,0
BRF:10
BRH:0
end_of_record
TN:
SF:src/lib/gramjs/crypto/CTR.ts
FN:7,(anonymous_0)
FN:16,(anonymous_1)
FN:20,(anonymous_2)
FNF:3
FNH:0
FNDA:0,(anonymous_0)
FNDA:0,(anonymous_1)
FNDA:0,(anonymous_2)
DA:1,0
DA:3,0
DA:8,0
DA:9,0
DA:12,0
DA:13,0
DA:17,0
DA:21,0
LF:8
LH:0
BRDA:8,0,0,0
BRDA:8,1,0,0
BRDA:8,1,1,0
BRDA:8,1,2,0
BRF:4
BRH:0
end_of_record
TN:
SF:src/lib/gramjs/crypto/Factorizator.ts
FN:12,(anonymous_1)
FN:26,(anonymous_2)
FNF:2
FNH:0
FNDA:0,(anonymous_1)
FNDA:0,(anonymous_2)
DA:1,0
DA:3,0
DA:5,0
DA:13,0
DA:14,0
DA:15,0
DA:16,0
DA:18,0
DA:27,0
DA:28,0
DA:30,0
DA:31,0
DA:32,0
DA:34,0
DA:35,0
DA:36,0
DA:37,0
DA:38,0
DA:41,0
DA:42,0
DA:43,0
DA:44,0
DA:46,0
DA:48,0
DA:49,0
DA:50,0
DA:51,0
DA:52,0
DA:53,0
DA:55,0
DA:56,0
DA:59,0
DA:62,0
DA:63,0
DA:64,0
DA:65,0
DA:67,0
DA:68,0
DA:72,0
DA:73,0
DA:74,0
LF:41
LH:0
BRDA:27,0,0,0
BRDA:48,1,0,0
BRDA:48,1,1,0
BRDA:62,2,0,0
BRDA:67,3,0,0
BRDA:74,4,0,0
BRDA:74,4,1,0
BRF:7
BRH:0
end_of_record
TN:
SF:src/lib/gramjs/crypto/IGE.ts
FN:8,(anonymous_0)
FN:17,(anonymous_1)
FN:26,(anonymous_2)
FNF:3
FNH:0
FNDA:0,(anonymous_0)
FNDA:0,(anonymous_1)
FNDA:0,(anonymous_2)
DA:1,0
DA:3,0
DA:9,0
DA:18,0
DA:27,0
DA:28,0
DA:29,0
DA:35,0
DA:39,0
LF:9
LH:0
BRDA:28,0,0,0
BRF:1
BRH:0
end_of_record
TN:
SF:src/lib/gramjs/crypto/RSA.ts
FN:36,(anonymous_1)
FN:49,encrypt
FNF:2
FNH:0
FNDA:0,(anonymous_1)
FNDA:0,encrypt
DA:1,0
DA:3,0
DA:11,0
DA:37,0
DA:38,0
DA:49,0
DA:50,0
DA:51,0
DA:52,0
DA:56,0
DA:58,0
DA:62,0
DA:63,0
DA:65,0
LF:14
LH:0
BRDA:51,0,0,0
BRF:1
BRH:0
end_of_record
TN:
SF:src/lib/gramjs/crypto/converters.ts
FN:4,i2abLow
FN:23,i2abBig
FN:30,ab2iLow
FN:49,ab2iBig
FNF:4
FNH:0
FNDA:0,i2abLow
FNDA:0,i2abBig
FNDA:0,ab2iLow
FNDA:0,ab2iBig
DA:4,0
DA:5,0
DA:6,0
DA:8,0
DA:9,0
DA:11,0
DA:12,0
DA:13,0
DA:14,0
DA:17,0
DA:23,0
DA:24,0
DA:30,0
DA:31,0
DA:32,0
DA:34,0
DA:35,0
DA:43,0
DA:49,0
DA:50,0
DA:53,0
DA:54,0
DA:55,0
LF:23
LH:0
BRDA:54,0,0,0
BRDA:54,0,1,0
BRDA:55,1,0,0
BRDA:55,1,1,0
BRF:4
BRH:0
end_of_record
TN:
SF:src/lib/gramjs/crypto/crypto.ts
FN:16,(anonymous_1)
FN:20,(anonymous_2)
FN:41,(anonymous_3)
FN:54,(anonymous_4)
FN:58,(anonymous_5)
FN:79,createDecipheriv
FN:87,createCipheriv
FN:95,randomBytes
FN:104,(anonymous_9)
FN:106,(anonymous_10)
FN:112,(anonymous_11)
FN:121,pbkdf2
FN:131,createHash
FNF:13
FNH:0
FNDA:0,(anonymous_1)
FNDA:0,(anonymous_2)
FNDA:0,(anonymous_3)
FNDA:0,(anonymous_4)
FNDA:0,(anonymous_5)
FNDA:0,createDecipheriv
FNDA:0,createCipheriv
FNDA:0,randomBytes
FNDA:0,(anonymous_9)
FNDA:0,(anonymous_10)
FNDA:0,(anonymous_11)
FNDA:0,pbkdf2
FNDA:0,createHash
DA:1,0
DA:2,0
DA:4,0
DA:5,0
DA:8,0
DA:10,0
DA:17,0
DA:21,0
DA:22,0
DA:23,0
DA:25,0
DA:26,0
DA:42,0
DA:43,0
DA:46,0
DA:48,0
DA:49,0
DA:51,0
DA:55,0
DA:59,0
DA:61,0
DA:62,0
DA:63,0
DA:64,0
DA:65,0
DA:67,0
DA:68,0
DA:72,0
DA:79,0
DA:80,0
DA:81,0
DA:83,0
DA:87,0
DA:88,0
DA:89,0
DA:91,0
DA:95,0
DA:96,0
DA:97,0
DA:98,0
DA:102,0
DA:104,0
DA:109,0
DA:113,0
DA:114,0
DA:116,0
DA:121,0
DA:122,0
DA:123,0
DA:131,0
DA:132,0
LF:51
LH:0
BRDA:8,0,0,0
BRDA:22,1,0,0
BRDA:22,1,1,0
BRDA:42,2,0,0
BRDA:62,3,0,0
BRDA:67,4,0,0
BRDA:80,5,0,0
BRDA:80,5,1,0
BRDA:88,6,0,0
BRDA:88,6,1,0
BRDA:113,7,0,0
BRDA:113,7,1,0
BRF:12
BRH:0
end_of_record
TN:
SF:src/lib/gramjs/crypto/words.ts
FN:5,s2i
FN:17,getWords
FN:49,xor
FNF:3
FNH:0
FNDA:0,s2i
FNDA:0,getWords
FNDA:0,xor
DA:5,0
DA:6,0
DA:17,0
DA:18,0
DA:19,0
DA:22,0
DA:23,0
DA:25,0
DA:26,0
DA:28,0
DA:31,0
DA:32,0
DA:34,0
DA:35,0
DA:43,0
DA:46,0
DA:49,0
DA:50,0
LF:18
LH:0
BRDA:18,0,0,0
BRDA:22,1,0,0
BRDA:23,2,0,0
BRDA:31,3,0,0
BRDA:49,4,0,0
BRF:5
BRH:0
end_of_record
TN:
SF:src/lib/gramjs/errors/Common.ts
FN:11,(anonymous_0)
FN:25,(anonymous_1)
FN:48,(anonymous_2)
FN:64,(anonymous_3)
FN:81,(anonymous_4)
FN:94,(anonymous_5)
FN:147,(anonymous_6)
FNF:7
FNH:0
FNDA:0,(anonymous_0)
FNDA:0,(anonymous_1)
FNDA:0,(anonymous_2)
FNDA:0,(anonymous_3)
FNDA:0,(anonymous_4)
FNDA:0,(anonymous_5)
FNDA:0,(anonymous_6)
DA:10,0
DA:12,0
DA:20,0
DA:26,0
DA:30,0
DA:32,0
DA:34,0
DA:35,0
DA:43,0
DA:49,0
DA:50,0
DA:51,0
DA:59,0
DA:66,0
DA:67,0
DA:68,0
DA:70,0
DA:72,0
DA:73,0
DA:80,0
DA:82,0
DA:83,0
DA:85,0
DA:93,0
DA:95,0
DA:102,0
DA:103,0
DA:148,0
DA:150,0
DA:151,0
DA:152,0
DA:153,0
LF:32
LH:0
BRDA:30,0,0,0
BRDA:66,1,0,0
BRDA:66,1,1,0
BRDA:82,2,0,0
BRDA:148,3,0,0
BRDA:148,3,1,0
BRF:6
BRH:0
end_of_record
TN:
SF:src/lib/gramjs/errors/RPCBaseErrors.ts
FN:11,(anonymous_0)
FN:22,(anonymous_1)
FN:36,(anonymous_2)
FN:48,(anonymous_3)
FN:58,(anonymous_4)
FN:68,(anonymous_5)
FN:77,(anonymous_6)
FN:87,(anonymous_7)
FN:99,(anonymous_8)
FN:110,(anonymous_9)
FN:120,(anonymous_10)
FNF:11
FNH:0
FNDA:0,(anonymous_0)
FNDA:0,(anonymous_1)
FNDA:0,(anonymous_2)
FNDA:0,(anonymous_3)
FNDA:0,(anonymous_4)
FNDA:0,(anonymous_5)
FNDA:0,(anonymous_6)
FNDA:0,(anonymous_7)
FNDA:0,(anonymous_8)
FNDA:0,(anonymous_9)
FNDA:0,(anonymous_10)
DA:6,0
DA:12,0
DA:18,0
DA:19,0
DA:24,0
DA:25,0
DA:27,0
DA:35,0
DA:37,0
DA:38,0
DA:39,0
DA:48,0
DA:49,0
DA:51,0
DA:58,0
DA:59,0
DA:61,0
DA:68,0
DA:69,0
DA:71,0
DA:77,0
DA:78,0
DA:80,0
DA:87,0
DA:88,0
DA:90,0
DA:99,0
DA:100,0
DA:102,0
DA:110,0
DA:111,0
DA:113,0
DA:120,0
DA:121,0
DA:123,0
LF:35
LH:0
BRDA:14,0,0,0
BRDA:14,0,1,0
BRDA:24,1,0,0
BRDA:24,1,1,0
BRDA:38,2,0,0
BRDA:38,2,1,0
BRDA:39,3,0,0
BRDA:39,3,1,0
BRF:8
BRH:0
end_of_record
TN:
SF:src/lib/gramjs/errors/RPCErrorList.ts
FN:9,(anonymous_0)
FN:20,(anonymous_1)
FN:31,(anonymous_2)
FN:45,(anonymous_3)
FN:57,(anonymous_4)
FN:66,(anonymous_5)
FN:80,(anonymous_6)
FN:94,(anonymous_7)
FN:108,(anonymous_8)
FN:122,(anonymous_9)
FN:142,(anonymous_10)
FNF:11
FNH:0
FNDA:0,(anonymous_0)
FNDA:0,(anonymous_1)
FNDA:0,(anonymous_2)
FNDA:0,(anonymous_3)
FNDA:0,(anonymous_4)
FNDA:0,(anonymous_5)
FNDA:0,(anonymous_6)
FNDA:0,(anonymous_7)
FNDA:0,(anonymous_8)
FNDA:0,(anonymous_9)
FNDA:0,(anonymous_10)
DA:2,0
DA:6,0
DA:10,0
DA:11,0
DA:12,0
DA:13,0
DA:17,0
DA:21,0
DA:22,0
DA:23,0
DA:24,0
DA:28,0
DA:32,0
DA:33,0
DA:37,0
DA:38,0
DA:42,0
DA:46,0
DA:47,0
DA:51,0
DA:52,0
DA:56,0
DA:58,0
DA:59,0
DA:60,0
DA:61,0
DA:65,0
DA:67,0
DA:71,0
DA:77,0
DA:81,0
DA:82,0
DA:86,0
DA:87,0
DA:91,0
DA:95,0
DA:96,0
DA:100,0
DA:101,0
DA:105,0
DA:109,0
DA:110,0
DA:114,0
DA:115,0
DA:119,0
DA:123,0
DA:124,0
DA:132,0
DA:135,0
DA:139,0
DA:143,0
DA:144,0
DA:146,0
DA:147,0
DA:151,0
LF:55
LH:0
BRDA:10,0,0,0
BRDA:10,0,1,0
BRDA:21,1,0,0
BRDA:21,1,1,0
BRDA:32,2,0,0
BRDA:32,2,1,0
BRDA:46,3,0,0
BRDA:46,3,1,0
BRDA:58,4,0,0
BRDA:58,4,1,0
BRDA:81,5,0,0
BRDA:81,5,1,0
BRDA:95,6,0,0
BRDA:95,6,1,0
BRDA:109,7,0,0
BRDA:109,7,1,0
BRDA:123,8,0,0
BRDA:123,8,1,0
BRDA:143,9,0,0
BRDA:143,9,1,0
BRF:20
BRH:0
end_of_record
TN:
SF:src/lib/gramjs/errors/index.ts
FN:12,RPCMessageToError
FNF:1
FNH:0
FNDA:0,RPCMessageToError
DA:9,0
DA:10,0
DA:12,0
DA:16,0
DA:17,0
DA:18,0
DA:19,0
DA:20,0
DA:23,0
DA:26,0
DA:27,0
DA:28,0
LF:12
LH:0
BRDA:18,0,0,0
BRDA:19,1,0,0
BRDA:19,1,1,0
BRF:3
BRH:0
end_of_record
TN:
SF:src/lib/gramjs/extensions/AsyncQueue.ts
FN:12,(anonymous_0)
FN:14,(anonymous_1)
FN:15,(anonymous_2)
FN:16,(anonymous_3)
FN:22,(anonymous_4)
FN:26,(anonymous_5)
FN:31,(anonymous_6)
FN:35,(anonymous_7)
FNF:8
FNH:0
FNDA:0,(anonymous_0)
FNDA:0,(anonymous_1)
FNDA:0,(anonymous_2)
FNDA:0,(anonymous_3)
FNDA:0,(anonymous_4)
FNDA:0,(anonymous_5)
FNDA:0,(anonymous_6)
FNDA:0,(anonymous_7)
DA:1,0
DA:13,0
DA:14,0
DA:15,0
DA:16,0
DA:17,0
DA:19,0
DA:23,0
DA:24,0
DA:25,0
DA:26,0
DA:27,0
DA:32,0
DA:33,0
DA:34,0
DA:35,0
DA:36,0
DA:38,0
LF:18
LH:0
BRF:0
BRH:0
end_of_record
TN:
SF:src/lib/gramjs/extensions/BinaryReader.ts
FN:18,(anonymous_0)
FN:31,(anonymous_1)
FN:39,(anonymous_2)
FN:55,(anonymous_3)
FN:63,(anonymous_4)
FN:71,(anonymous_5)
FN:81,(anonymous_6)
FN:91,(anonymous_7)
FN:111,(anonymous_8)
FN:123,(anonymous_9)
FN:148,(anonymous_10)
FN:156,(anonymous_11)
FN:174,(anonymous_12)
FN:182,(anonymous_13)
FN:226,(anonymous_14)
FN:246,(anonymous_15)
FN:254,(anonymous_16)
FN:263,(anonymous_17)
FNF:18
FNH:0
FNDA:0,(anonymous_0)
FNDA:0,(anonymous_1)
FNDA:0,(anonymous_2)
FNDA:0,(anonymous_3)
FNDA:0,(anonymous_4)
FNDA:0,(anonymous_5)
FNDA:0,(anonymous_6)
FNDA:0,(anonymous_7)
FNDA:0,(anonymous_8)
FNDA:0,(anonymous_9)
FNDA:0,(anonymous_10)
FNDA:0,(anonymous_11)
FNDA:0,(anonymous_12)
FNDA:0,(anonymous_13)
FNDA:0,(anonymous_14)
FNDA:0,(anonymous_15)
FNDA:0,(anonymous_16)
FNDA:0,(anonymous_17)
DA:1,0
DA:2,0
DA:4,0
DA:5,0
DA:7,0
DA:19,0
DA:20,0
DA:21,0
DA:32,0
DA:41,0
DA:42,0
DA:44,0
DA:46,0
DA:47,0
DA:56,0
DA:64,0
DA:73,0
DA:82,0
DA:83,0
DA:92,0
DA:93,0
DA:95,0
DA:96,0
DA:97,0
DA:98,0
DA:103,0
DA:104,0
DA:112,0
DA:124,0
DA:127,0
DA:128,0
DA:129,0
DA:131,0
DA:132,0
DA:134,0
DA:136,0
DA:137,0
DA:138,0
DA:141,0
DA:149,0
DA:157,0
DA:158,0
DA:160,0
DA:161,0
DA:163,0
DA:165,0
DA:175,0
DA:176,0
DA:183,0
DA:185,0
DA:186,0
DA:191,0
DA:192,0
DA:194,0
DA:195,0
DA:197,0
DA:198,0
DA:200,0
DA:201,0
DA:202,0
DA:203,0
DA:205,0
DA:208,0
DA:210,0
DA:212,0
DA:213,0
DA:214,0
DA:215,0
DA:216,0
DA:219,0
DA:227,0
DA:228,0
DA:230,0
DA:231,0
DA:232,0
DA:233,0
DA:235,0
DA:247,0
DA:255,0
DA:264,0
LF:80
LH:0
BRDA:39,0,0,0
BRDA:41,1,0,0
BRDA:41,1,1,0
BRDA:55,2,0,0
BRDA:81,3,0,0
BRDA:91,4,0,0
BRDA:92,5,0,0
BRDA:97,6,0,0
BRDA:127,7,0,0
BRDA:127,7,1,0
BRDA:136,8,0,0
BRDA:158,9,0,0
BRDA:158,9,1,0
BRDA:161,10,0,0
BRDA:161,10,1,0
BRDA:186,11,0,0
BRDA:192,12,0,0
BRDA:192,12,1,0
BRDA:195,13,0,0
BRDA:195,13,1,0
BRDA:198,14,0,0
BRDA:210,15,0,0
BRDA:227,16,0,0
BRF:23
BRH:0
end_of_record
TN:
SF:src/lib/gramjs/extensions/BinaryWriter.ts
FN:4,(anonymous_0)
FN:8,(anonymous_1)
FN:12,(anonymous_2)
FNF:3
FNH:0
FNDA:0,(anonymous_0)
FNDA:0,(anonymous_1)
FNDA:0,(anonymous_2)
DA:1,0
DA:5,0
DA:9,0
DA:13,0
LF:4
LH:0
BRF:0
BRH:0
end_of_record
TN:
SF:src/lib/gramjs/extensions/Logger.ts
FN:19,(anonymous_0)
FN:35,(anonymous_1)
FN:39,(anonymous_2)
FN:44,(anonymous_3)
FN:48,(anonymous_4)
FN:52,(anonymous_5)
FN:56,(anonymous_6)
FN:60,(anonymous_7)
FN:66,(anonymous_8)
FNF:9
FNH:0
FNDA:0,(anonymous_0)
FNDA:0,(anonymous_1)
FNDA:0,(anonymous_2)
FNDA:0,(anonymous_3)
FNDA:0,(anonymous_4)
FNDA:0,(anonymous_5)
FNDA:0,(anonymous_6)
FNDA:0,(anonymous_7)
FNDA:0,(anonymous_8)
DA:7,0
DA:8,0
DA:20,0
DA:21,0
DA:24,0
DA:32,0
DA:36,0
DA:40,0
DA:41,0
DA:45,0
DA:49,0
DA:53,0
DA:57,0
DA:61,0
DA:67,0
DA:68,0
DA:70,0
DA:72,0
LF:18
LH:0
BRDA:20,0,0,0
BRDA:21,1,0,0
BRDA:21,1,1,0
BRDA:40,2,0,0
BRDA:67,3,0,0
BRDA:70,4,0,0
BRF:6
BRH:0
end_of_record
TN:
SF:src/lib/gramjs/extensions/MessagePacker.ts
FN:28,(anonymous_1)
FN:32,(anonymous_2)
FN:38,(anonymous_3)
FN:42,(anonymous_4)
FN:47,(anonymous_5)
FN:84,(anonymous_6)
FN:86,(anonymous_7)
FN:87,(anonymous_8)
FN:92,(anonymous_9)
FN:93,(anonymous_10)
FN:100,(anonymous_11)
FN:101,(anonymous_12)
FN:107,(anonymous_13)
FN:130,(anonymous_14)
FN:132,(anonymous_15)
FN:139,(anonymous_16)
FNF:16
FNH:0
FNDA:0,(anonymous_1)
FNDA:0,(anonymous_2)
FNDA:0,(anonymous_3)
FNDA:0,(anonymous_4)
FNDA:0,(anonymous_5)
FNDA:0,(anonymous_6)
FNDA:0,(anonymous_7)
FNDA:0,(anonymous_8)
FNDA:0,(anonymous_9)
FNDA:0,(anonymous_10)
FNDA:0,(anonymous_11)
FNDA:0,(anonymous_12)
FNDA:0,(anonymous_13)
FNDA:0,(anonymous_14)
FNDA:0,(anonymous_15)
FNDA:0,(anonymous_16)
DA:5,0
DA:7,0
DA:8,0
DA:10,0
DA:15,0
DA:29,0
DA:30,0
DA:31,0
DA:32,0
DA:33,0
DA:35,0
DA:39,0
DA:43,0
DA:44,0
DA:49,0
DA:50,0
DA:52,0
DA:53,0
DA:54,0
DA:55,0
DA:60,0
DA:61,0
DA:62,0
DA:63,0
DA:69,0
DA:70,0
DA:72,0
DA:75,0
DA:76,0
DA:80,0
DA:81,0
DA:82,0
DA:87,0
DA:93,0
DA:94,0
DA:97,0
DA:101,0
DA:102,0
DA:104,0
DA:108,0
DA:109,0
DA:110,0
DA:112,0
DA:113,0
DA:115,0
DA:118,0
DA:121,0
DA:123,0
DA:125,0
DA:127,0
DA:131,0
DA:132,0
DA:133,0
DA:135,0
DA:140,0
DA:141,0
DA:142,0
DA:145,0
DA:147,0
DA:148,0
DA:150,0
DA:151,0
DA:152,0
DA:153,0
DA:156,0
DA:157,0
DA:158,0
DA:161,0
DA:162,0
DA:164,0
DA:165,0
DA:167,0
DA:170,0
DA:172,0
DA:173,0
DA:176,0
DA:177,0
DA:178,0
DA:181,0
DA:183,0
DA:184,0
DA:186,0
DA:187,0
DA:189,0
DA:190,0
DA:191,0
DA:192,0
DA:193,0
DA:194,0
DA:195,0
DA:198,0
DA:199,0
DA:203,0
DA:204,0
LF:94
LH:0
BRDA:47,0,0,0
BRDA:47,1,0,0
BRDA:49,2,0,0
BRDA:49,3,0,0
BRDA:49,3,1,0
BRDA:50,4,0,0
BRDA:50,4,1,0
BRDA:53,5,0,0
BRDA:61,6,0,0
BRDA:69,7,0,0
BRDA:69,7,1,0
BRDA:75,8,0,0
BRDA:80,9,0,0
BRDA:80,10,0,0
BRDA:80,10,1,0
BRDA:110,11,0,0
BRDA:112,12,0,0
BRDA:118,13,0,0
BRDA:118,13,1,0
BRDA:123,14,0,0
BRDA:123,14,1,0
BRDA:131,15,0,0
BRDA:140,16,0,0
BRDA:150,17,0,0
BRDA:150,17,1,0
BRDA:152,18,0,0
BRDA:156,19,0,0
BRDA:162,20,0,0
BRDA:164,21,0,0
BRDA:170,22,0,0
BRDA:170,22,1,0
BRDA:176,23,0,0
BRDA:181,24,0,0
BRDA:181,24,1,0
BRDA:186,25,0,0
BRDA:189,26,0,0
BRF:36
BRH:0
end_of_record
TN:
SF:src/lib/gramjs/extensions/PendingState.ts
FN:8,(anonymous_0)
FN:12,(anonymous_1)
FN:16,(anonymous_2)
FN:20,(anonymous_3)
FN:26,(anonymous_4)
FN:30,(anonymous_5)
FN:34,(anonymous_6)
FNF:7
FNH:0
FNDA:0,(anonymous_0)
FNDA:0,(anonymous_1)
FNDA:0,(anonymous_2)
FNDA:0,(anonymous_3)
FNDA:0,(anonymous_4)
FNDA:0,(anonymous_5)
FNDA:0,(anonymous_6)
DA:5,0
DA:9,0
DA:13,0
DA:17,0
DA:21,0
DA:22,0
DA:23,0
DA:27,0
DA:31,0
DA:35,0
LF:10
LH:0
BRF:0
BRH:0
end_of_record
TN:
SF:src/lib/gramjs/extensions/index.ts
FNF:0
FNH:0
DA:1,0
DA:2,0
DA:3,0
DA:4,0
DA:5,0
DA:6,0
DA:7,0
DA:8,0
DA:11,0
DA:12,0
DA:13,0
DA:14,0
DA:15,0
DA:16,0
DA:17,0
DA:18,0
LF:16
LH:0
BRF:0
BRH:0
end_of_record
TN:
SF:src/lib/gramjs/network/Authenticator.ts
FN:35,doAuthentication
FNF:1
FNH:0
FNDA:0,doAuthentication
DA:8,0
DA:12,0
DA:13,0
DA:14,0
DA:15,0
DA:16,0
DA:18,0
DA:19,0
DA:20,0
DA:33,0
DA:35,0
DA:37,0
DA:39,0
DA:40,0
DA:41,0
DA:43,0
DA:44,0
DA:46,0
DA:47,0
DA:49,0
DA:50,0
DA:52,0
DA:54,0
DA:55,0
DA:57,0
DA:58,0
DA:59,0
DA:67,0
DA:68,0
DA:72,0
DA:73,0
DA:74,0
DA:75,0
DA:76,0
DA:79,0
DA:80,0
DA:85,0
DA:86,0
DA:87,0
DA:90,0
DA:91,0
DA:92,0
DA:93,0
DA:95,0
DA:96,0
DA:97,0
DA:99,0
DA:100,0
DA:101,0
DA:102,0
DA:103,0
DA:105,0
DA:106,0
DA:108,0
DA:110,0
DA:111,0
DA:115,0
DA:117,0
DA:128,0
DA:134,0
DA:136,0
DA:137,0
DA:140,0
DA:141,0
DA:144,0
DA:145,0
DA:148,0
DA:149,0
DA:150,0
DA:153,0
DA:154,0
DA:156,0
DA:157,0
DA:160,0
DA:164,0
DA:166,0
DA:168,0
DA:169,0
DA:170,0
DA:171,0
DA:172,0
DA:173,0
DA:174,0
DA:176,0
DA:177,0
DA:178,0
DA:181,0
DA:182,0
DA:184,0
DA:185,0
DA:189,0
DA:195,0
DA:198,0
DA:203,0
DA:204,0
DA:205,0
DA:210,0
DA:211,0
DA:213,0
DA:214,0
DA:217,0
DA:218,0
DA:221,0
DA:222,0
DA:225,0
DA:226,0
DA:227,0
DA:229,0
DA:230,0
DA:234,0
DA:241,0
DA:247,0
DA:248,0
DA:255,0
DA:257,0
DA:258,0
DA:265,0
DA:267,0
DA:268,0
DA:269,0
DA:271,0
DA:272,0
DA:276,0
DA:277,0
DA:279,0
DA:281,0
DA:283,0
DA:285,0
DA:286,0
DA:289,0
DA:290,0
DA:292,0
DA:294,0
LF:133
LH:0
BRDA:43,0,0,0
BRDA:46,1,0,0
BRDA:67,2,0,0
BRDA:74,3,0,0
BRDA:79,4,0,0
BRDA:79,5,0,0
BRDA:79,5,1,0
BRDA:101,6,0,0
BRDA:110,7,0,0
BRDA:128,8,0,0
BRDA:130,9,0,0
BRDA:130,9,1,0
BRDA:136,10,0,0
BRDA:140,11,0,0
BRDA:144,12,0,0
BRDA:149,13,0,0
BRDA:153,14,0,0
BRDA:164,15,0,0
BRDA:173,16,0,0
BRDA:177,17,0,0
BRDA:181,18,0,0
BRDA:184,19,0,0
BRDA:189,20,0,0
BRDA:189,21,0,0
BRDA:189,21,1,0
BRDA:213,22,0,0
BRDA:217,23,0,0
BRDA:221,24,0,0
BRDA:226,25,0,0
BRDA:226,26,0,0
BRDA:226,26,1,0
BRDA:229,27,0,0
BRDA:229,28,0,0
BRDA:229,28,1,0
BRDA:258,29,0,0
BRDA:260,30,0,0
BRDA:260,30,1,0
BRDA:260,30,2,0
BRDA:268,31,0,0
BRDA:271,32,0,0
BRDA:285,33,0,0
BRDA:289,34,0,0
BRF:42
BRH:0
end_of_record
TN:
SF:src/lib/gramjs/network/MTProtoPlainSender.ts
FN:31,(anonymous_1)
FN:40,(anonymous_2)
FNF:2
FNH:0
FNDA:0,(anonymous_1)
FNDA:0,(anonymous_2)
DA:5,0
DA:11,0
DA:13,0
DA:14,0
DA:15,0
DA:21,0
DA:32,0
DA:33,0
DA:41,0
DA:42,0
DA:43,0
DA:44,0
DA:45,0
DA:47,0
DA:49,0
DA:50,0
DA:51,0
DA:52,0
DA:54,0
DA:55,0
DA:56,0
DA:57,0
DA:59,0
DA:60,0
DA:61,0
DA:69,0
DA:70,0
DA:71,0
DA:78,0
LF:29
LH:0
BRDA:51,0,0,0
BRDA:56,1,0,0
BRDA:60,2,0,0
BRDA:70,3,0,0
BRF:4
BRH:0
end_of_record
TN:
SF:src/lib/gramjs/network/MTProtoState.ts
FN:71,(anonymous_1)
FN:89,(anonymous_2)
FN:102,(anonymous_3)
FN:113,(anonymous_4)
FN:145,(anonymous_5)
FN:156,(anonymous_6)
FN:177,(anonymous_7)
FN:240,(anonymous_8)
FN:358,(anonymous_9)
FN:374,(anonymous_10)
FN:387,(anonymous_11)
FN:411,(anonymous_12)
FNF:12
FNH:0
FNDA:0,(anonymous_1)
FNDA:0,(anonymous_2)
FNDA:0,(anonymous_3)
FNDA:0,(anonymous_4)
FNDA:0,(anonymous_5)
FNDA:0,(anonymous_6)
FNDA:0,(anonymous_7)
FNDA:0,(anonymous_8)
FNDA:0,(anonymous_9)
FNDA:0,(anonymous_10)
FNDA:0,(anonymous_11)
FNDA:0,(anonymous_12)
DA:1,0
DA:5,0
DA:6,0
DA:7,0
DA:8,0
DA:9,0
DA:10,0
DA:12,0
DA:13,0
DA:23,0
DA:72,0
DA:73,0
DA:74,0
DA:75,0
DA:76,0
DA:77,0
DA:79,0
DA:80,0
DA:81,0
DA:82,0
DA:83,0
DA:91,0
DA:92,0
DA:93,0
DA:94,0
DA:103,0
DA:114,0
DA:117,0
DA:121,0
DA:122,0
DA:123,0
DA:125,0
DA:130,0
DA:131,0
DA:146,0
DA:147,0
DA:149,0
DA:150,0
DA:153,0
DA:157,0
DA:162,0
DA:163,0
DA:164,0
DA:165,0
DA:166,0
DA:167,0
DA:168,0
DA:169,0
DA:178,0
DA:179,0
DA:182,0
DA:183,0
DA:184,0
DA:185,0
DA:188,0
DA:189,0
DA:192,0
DA:193,0
DA:194,0
DA:196,0
DA:197,0
DA:198,0
DA:201,0
DA:204,0
DA:209,0
DA:211,0
DA:213,0
DA:215,0
DA:216,0
DA:217,0
DA:218,0
DA:221,0
DA:224,0
DA:229,0
DA:231,0
DA:232,0
DA:241,0
DA:242,0
DA:245,0
DA:246,0
DA:248,0
DA:249,0
DA:251,0
DA:252,0
DA:255,0
DA:256,0
DA:258,0
DA:259,0
DA:262,0
DA:263,0
DA:264,0
DA:266,0
DA:268,0
DA:272,0
DA:274,0
DA:275,0
DA:276,0
DA:278,0
DA:280,0
DA:282,0
DA:284,0
DA:289,0
DA:295,0
DA:296,0
DA:298,0
DA:300,0
DA:302,0
DA:303,0
DA:305,0
DA:306,0
DA:307,0
DA:308,0
DA:311,0
DA:313,0
DA:314,0
DA:317,0
DA:318,0
DA:321,0
DA:322,0
DA:323,0
DA:326,0
DA:327,0
DA:333,0
DA:335,0
DA:336,0
DA:337,0
DA:339,0
DA:341,0
DA:345,0
DA:346,0
DA:349,0
DA:359,0
DA:360,0
DA:361,0
DA:364,0
DA:365,0
DA:367,0
DA:368,0
DA:375,0
DA:377,0
DA:379,0
DA:388,0
DA:389,0
DA:390,0
DA:391,0
DA:392,0
DA:394,0
DA:395,0
DA:396,0
DA:402,0
DA:412,0
DA:413,0
DA:414,0
DA:415,0
DA:417,0
LF:155
LH:0
BRDA:71,0,0,0
BRDA:71,1,0,0
BRDA:114,2,0,0
BRDA:114,2,1,0
BRDA:115,3,0,0
BRDA:115,3,1,0
BRDA:116,4,0,0
BRDA:116,4,1,0
BRDA:122,5,0,0
BRDA:149,6,0,0
BRDA:149,6,1,0
BRDA:178,7,0,0
BRDA:184,8,0,0
BRDA:188,9,0,0
BRDA:188,10,0,0
BRDA:188,10,1,0
BRDA:188,10,2,0
BRDA:188,10,3,0
BRDA:192,11,0,0
BRDA:192,11,1,0
BRDA:193,12,0,0
BRDA:193,12,1,0
BRDA:197,13,0,0
BRDA:241,14,0,0
BRDA:245,15,0,0
BRDA:248,16,0,0
BRDA:251,17,0,0
BRDA:251,18,0,0
BRDA:251,18,1,0
BRDA:255,19,0,0
BRDA:258,20,0,0
BRDA:258,21,0,0
BRDA:258,21,1,0
BRDA:263,22,0,0
BRDA:266,23,0,0
BRDA:266,23,1,0
BRDA:268,24,0,0
BRDA:268,24,1,0
BRDA:268,25,0,0
BRDA:268,25,1,0
BRDA:274,26,0,0
BRDA:274,26,1,0
BRDA:284,27,0,0
BRDA:284,27,1,0
BRDA:289,28,0,0
BRDA:289,28,1,0
BRDA:295,29,0,0
BRDA:295,30,0,0
BRDA:295,30,1,0
BRDA:300,31,0,0
BRDA:300,31,1,0
BRDA:307,32,0,0
BRDA:313,33,0,0
BRDA:317,34,0,0
BRDA:326,35,0,0
BRDA:326,36,0,0
BRDA:326,36,1,0
BRDA:335,37,0,0
BRDA:339,38,0,0
BRDA:339,39,0,0
BRDA:339,39,1,0
BRDA:339,39,2,0
BRDA:345,40,0,0
BRDA:345,41,0,0
BRDA:345,41,1,0
BRDA:364,42,0,0
BRDA:375,43,0,0
BRDA:394,44,0,0
BRDA:412,45,0,0
BRDA:412,45,1,0
BRF:70
BRH:0
end_of_record
TN:
SF:src/lib/gramjs/network/RequestState.ts
FN:33,(anonymous_1)
FN:46,(anonymous_2)
FN:54,(anonymous_3)
FN:58,(anonymous_4)
FNF:4
FNH:0
FNDA:0,(anonymous_1)
FNDA:0,(anonymous_2)
FNDA:0,(anonymous_3)
FNDA:0,(anonymous_4)
DA:5,0
DA:10,0
DA:34,0
DA:35,0
DA:36,0
DA:37,0
DA:38,0
DA:39,0
DA:40,0
DA:41,0
DA:43,0
DA:47,0
DA:48,0
DA:51,0
DA:56,0
DA:58,0
DA:59,0
DA:60,0
LF:18
LH:0
BRDA:47,0,0,0
BRF:1
BRH:0
end_of_record
TN:
SF:src/lib/gramjs/network/index.ts
FN:10,(anonymous_1)
FN:12,(anonymous_2)
FN:13,(anonymous_3)
FN:11,(anonymous_4)
FN:16,(anonymous_5)
FN:17,(anonymous_6)
FNF:6
FNH:0
FNDA:0,(anonymous_1)
FNDA:0,(anonymous_2)
FNDA:0,(anonymous_3)
FNDA:0,(anonymous_4)
FNDA:0,(anonymous_5)
FNDA:0,(anonymous_6)
DA:1,0
DA:4,0
DA:6,0
DA:7,0
DA:10,0
DA:11,0
DA:12,0
DA:13,0
DA:14,0
DA:15,0
DA:16,0
DA:17,0
LF:12
LH:0
BRF:0
BRH:0
end_of_record
TN:
SF:src/lib/gramjs/network/updates.ts
FN:10,(anonymous_0)
FN:18,(anonymous_1)
FNF:2
FNH:0
FNDA:0,(anonymous_0)
FNDA:0,(anonymous_1)
DA:1,0
DA:2,0
DA:4,0
DA:6,0
DA:11,0
DA:15,0
DA:19,0
LF:7
LH:0
BRF:0
BRH:0
end_of_record
TN:
SF:src/lib/gramjs/network/connection/TCPAbridged.ts
FN:17,(anonymous_1)
FN:23,(anonymous_2)
FN:36,(anonymous_3)
FN:53,(anonymous_4)
FNF:4
FNH:0
FNDA:0,(anonymous_1)
FNDA:0,(anonymous_2)
FNDA:0,(anonymous_3)
FNDA:0,(anonymous_4)
DA:1,0
DA:5,0
DA:6,0
DA:8,0
DA:9,0
DA:11,0
DA:18,0
DA:19,0
DA:20,0
DA:24,0
DA:26,0
DA:27,0
DA:28,0
DA:29,0
DA:31,0
DA:33,0
DA:37,0
DA:38,0
DA:39,0
DA:40,0
DA:44,0
DA:53,0
DA:54,0
LF:23
LH:0
BRDA:26,0,0,0
BRDA:26,0,1,0
BRDA:39,1,0,0
BRF:3
BRH:0
end_of_record
TN:
SF:src/lib/gramjs/network/connection/TCPObfuscated.ts
FN:18,(anonymous_0)
FN:27,(anonymous_1)
FN:79,(anonymous_2)
FN:84,(anonymous_3)
FN:89,(anonymous_4)
FNF:5
FNH:0
FNDA:0,(anonymous_0)
FNDA:0,(anonymous_1)
FNDA:0,(anonymous_2)
FNDA:0,(anonymous_3)
FNDA:0,(anonymous_4)
DA:3,0
DA:5,0
DA:6,0
DA:7,0
DA:10,0
DA:19,0
DA:20,0
DA:21,0
DA:23,0
DA:24,0
DA:29,0
DA:37,0
DA:38,0
DA:39,0
DA:41,0
DA:42,0
DA:43,0
DA:44,0
DA:45,0
DA:48,0
DA:49,0
DA:53,0
DA:55,0
DA:58,0
DA:59,0
DA:60,0
DA:61,0
DA:62,0
DA:63,0
DA:65,0
DA:68,0
DA:72,0
DA:80,0
DA:81,0
DA:85,0
DA:89,0
DA:90,0
DA:92,0
LF:38
LH:0
BRDA:39,0,0,0
BRDA:39,1,0,0
BRDA:39,1,1,0
BRDA:43,2,0,0
BRDA:48,3,0,0
BRF:5
BRH:0
end_of_record
TN:
SF:src/lib/gramjs/network/connection/index.ts
FN:1,(anonymous_0)
FN:1,(anonymous_1)
FN:2,(anonymous_2)
FN:3,(anonymous_3)
FNF:4
FNH:0
FNDA:0,(anonymous_0)
FNDA:0,(anonymous_1)
FNDA:0,(anonymous_2)
FNDA:0,(anonymous_3)
DA:1,0
DA:2,0
DA:3,0
LF:3
LH:0
BRF:0
BRH:0
end_of_record
TN:
SF:src/lib/gramjs/sessions/Abstract.ts
FNF:0
FNH:0
DA:3,0
LF:1
LH:0
BRF:0
BRH:0
end_of_record
TN:
SF:src/lib/gramjs/sessions/CallbackSession.ts
FN:14,(anonymous_1)
FN:23,(anonymous_2)
FN:41,(anonymous_3)
FN:50,(anonymous_4)
FN:63,(anonymous_5)
FN:67,(anonymous_6)
FN:73,(anonymous_7)
FN:82,(anonymous_8)
FN:93,(anonymous_9)
FN:97,(anonymous_10)
FNF:10
FNH:0
FNDA:0,(anonymous_1)
FNDA:0,(anonymous_2)
FNDA:0,(anonymous_3)
FNDA:0,(anonymous_4)
FNDA:0,(anonymous_5)
FNDA:0,(anonymous_6)
FNDA:0,(anonymous_7)
FNDA:0,(anonymous_8)
FNDA:0,(anonymous_9)
FNDA:0,(anonymous_10)
DA:3,0
DA:4,0
DA:5,0
DA:7,0
DA:15,0
DA:17,0
DA:18,0
DA:20,0
DA:24,0
DA:25,0
DA:32,0
DA:36,0
DA:38,0
DA:40,0
DA:42,0
DA:43,0
DA:45,0
DA:46,0
DA:51,0
DA:52,0
DA:53,0
DA:54,0
DA:56,0
DA:58,0
DA:59,0
DA:64,0
DA:68,0
DA:70,0
DA:74,0
DA:80,0
DA:83,0
DA:84,0
DA:85,0
DA:87,0
DA:90,0
DA:94,0
DA:98,0
LF:37
LH:0
BRDA:24,0,0,0
BRDA:50,1,0,0
BRDA:58,2,0,0
BRDA:63,3,0,0
BRDA:67,4,0,0
BRDA:77,5,0,0
BRDA:77,5,1,0
BRDA:85,6,0,0
BRF:8
BRH:0
end_of_record
TN:
SF:src/lib/gramjs/sessions/Memory.ts
FN:18,(anonymous_1)
FN:30,(anonymous_2)
FN:34,(anonymous_3)
FN:38,(anonymous_4)
FN:42,(anonymous_5)
FN:46,(anonymous_6)
FN:53,(anonymous_7)
FN:57,(anonymous_8)
FN:59,(anonymous_9)
FN:61,(anonymous_10)
FN:63,(anonymous_11)
FNF:11
FNH:0
FNDA:0,(anonymous_1)
FNDA:0,(anonymous_2)
FNDA:0,(anonymous_3)
FNDA:0,(anonymous_4)
FNDA:0,(anonymous_5)
FNDA:0,(anonymous_6)
FNDA:0,(anonymous_7)
FNDA:0,(anonymous_8)
FNDA:0,(anonymous_9)
FNDA:0,(anonymous_10)
FNDA:0,(anonymous_11)
DA:1,0
DA:2,0
DA:5,0
DA:19,0
DA:21,0
DA:22,0
DA:23,0
DA:24,0
DA:25,0
DA:27,0
DA:31,0
DA:35,0
DA:39,0
DA:43,0
DA:47,0
DA:48,0
DA:49,0
DA:50,0
DA:54,0
LF:19
LH:0
BRF:0
BRH:0
end_of_record
TN:
SF:src/lib/gramjs/sessions/index.ts
FN:9,(anonymous_1)
FN:10,(anonymous_2)
FNF:2
FNH:0
FNDA:0,(anonymous_1)
FNDA:0,(anonymous_2)
DA:1,0
DA:2,0
DA:3,0
DA:4,0
DA:7,0
DA:8,0
DA:9,0
DA:10,0
LF:8
LH:0
BRF:0
BRH:0
end_of_record
TN:
SF:src/lib/gramjs/tl/AllTLObjects.ts
FNF:0
FNH:0
DA:1,0
DA:3,0
DA:5,0
DA:6,0
DA:7,0
DA:9,0
DA:10,0
DA:15,0
DA:16,0
LF:9
LH:0
BRDA:6,0,0,0
BRDA:6,0,1,0
BRF:2
BRH:0
end_of_record
TN:
SF:src/lib/gramjs/tl/MTProtoRequest.ts
FN:20,(anonymous_0)
FN:37,(anonymous_1)
FN:42,(anonymous_2)
FN:46,(anonymous_3)
FNF:4
FNH:0
FNDA:0,(anonymous_0)
FNDA:0,(anonymous_1)
FNDA:0,(anonymous_2)
FNDA:0,(anonymous_3)
DA:1,0
DA:21,0
DA:22,0
DA:23,0
DA:25,0
DA:26,0
DA:27,0
DA:31,0
DA:32,0
DA:33,0
DA:38,0
DA:39,0
DA:43,0
DA:47,0
LF:14
LH:0
BRDA:47,0,0,0
BRDA:47,0,1,0
BRDA:47,0,2,0
BRDA:47,0,3,0
BRF:4
BRH:0
end_of_record
TN:
SF:src/lib/gramjs/tl/apiHelpers.ts
FN:19,buildApiFromTlSchema
FN:40,loadFromCache
FN:46,loadFromTlSchemas
FN:58,mergeWithNamespaces
FN:62,(anonymous_5)
FN:73,extractParams
FN:87,argToBytes
FN:120,getArgFromReader
FN:167,createClasses
FN:198,(anonymous_10)
FN:201,(anonymous_11)
FN:206,(anonymous_12)
FN:229,(anonymous_13)
FN:249,(anonymous_14)
FN:254,(anonymous_15)
FN:289,(anonymous_16)
FNF:16
FNH:0
FNDA:0,buildApiFromTlSchema
FNDA:0,loadFromCache
FNDA:0,loadFromTlSchemas
FNDA:0,mergeWithNamespaces
FNDA:0,(anonymous_5)
FNDA:0,extractParams
FNDA:0,argToBytes
FNDA:0,getArgFromReader
FNDA:0,createClasses
FNDA:0,(anonymous_10)
FNDA:0,(anonymous_11)
FNDA:0,(anonymous_12)
FNDA:0,(anonymous_13)
FNDA:0,(anonymous_14)
FNDA:0,(anonymous_15)
FNDA:0,(anonymous_16)
DA:3,0
DA:4,0
DA:7,0
DA:9,0
DA:13,0
DA:15,0
DA:19,0
DA:21,0
DA:23,0
DA:24,0
DA:26,0
DA:28,0
DA:30,0
DA:34,0
DA:42,0
DA:43,0
DA:47,0
DA:48,0
DA:49,0
DA:50,0
DA:52,0
DA:59,0
DA:61,0
DA:63,0
DA:64,0
DA:66,0
DA:70,0
DA:74,0
DA:75,0
DA:76,0
DA:77,0
DA:78,0
DA:79,0
DA:81,0
DA:84,0
DA:88,0
DA:90,0
DA:91,0
DA:92,0
DA:95,0
DA:97,0
DA:99,0
DA:101,0
DA:102,0
DA:103,0
DA:106,0
DA:108,0
DA:110,0
DA:112,0
DA:114,0
DA:116,0
DA:121,0
DA:122,0
DA:123,0
DA:125,0
DA:126,0
DA:127,0
DA:128,0
DA:129,0
DA:131,0
DA:132,0
DA:133,0
DA:134,0
DA:136,0
DA:138,0
DA:140,0
DA:142,0
DA:144,0
DA:146,0
DA:148,0
DA:150,0
DA:152,0
DA:154,0
DA:156,0
DA:158,0
DA:159,0
DA:161,0
DA:168,0
DA:169,0
DA:177,0
DA:178,0
DA:182,0
DA:184,0
DA:186,0
DA:188,0
DA:190,0
DA:192,0
DA:194,0
DA:196,0
DA:199,0
DA:200,0
DA:202,0
DA:207,0
DA:209,0
DA:210,0
DA:211,0
DA:212,0
DA:213,0
DA:214,0
DA:215,0
DA:216,0
DA:217,0
DA:220,0
DA:222,0
DA:226,0
DA:231,0
DA:232,0
DA:233,0
DA:234,0
DA:235,0
DA:236,0
DA:237,0
DA:238,0
DA:240,0
DA:243,0
DA:244,0
DA:245,0
DA:247,0
DA:248,0
DA:249,0
DA:250,0
DA:252,0
DA:253,0
DA:254,0
DA:255,0
DA:257,0
DA:258,0
DA:259,0
DA:260,0
DA:262,0
DA:264,0
DA:268,0
DA:269,0
DA:270,0
DA:273,0
DA:275,0
DA:277,0
DA:278,0
DA:279,0
DA:280,0
DA:286,0
DA:290,0
DA:291,0
DA:294,0
DA:295,0
DA:296,0
DA:297,0
DA:298,0
DA:299,0
DA:300,0
DA:301,0
DA:304,0
DA:305,0
DA:308,0
DA:310,0
DA:315,0
DA:316,0
DA:317,0
DA:319,0
DA:321,0
DA:325,0
LF:161
LH:0
BRDA:13,0,0,0
BRDA:13,0,1,0
BRDA:21,1,0,0
BRDA:21,1,1,0
BRDA:23,2,0,0
BRDA:23,2,1,0
BRDA:28,3,0,0
BRDA:43,4,0,0
BRDA:43,4,1,0
BRDA:63,5,0,0
BRDA:63,5,1,0
BRDA:63,6,0,0
BRDA:63,6,1,0
BRDA:78,7,0,0
BRDA:78,7,1,0
BRDA:88,8,0,0
BRDA:88,8,1,0
BRDA:88,8,2,0
BRDA:88,8,3,0
BRDA:88,8,4,0
BRDA:88,8,5,0
BRDA:88,8,6,0
BRDA:88,8,7,0
BRDA:88,8,8,0
BRDA:88,8,9,0
BRDA:88,8,10,0
BRDA:108,9,0,0
BRDA:108,9,1,0
BRDA:121,10,0,0
BRDA:121,10,1,0
BRDA:122,11,0,0
BRDA:133,12,0,0
BRDA:133,12,1,0
BRDA:136,13,0,0
BRDA:136,13,1,0
BRDA:136,13,2,0
BRDA:136,13,3,0
BRDA:136,13,4,0
BRDA:136,13,5,0
BRDA:136,13,6,0
BRDA:136,13,7,0
BRDA:136,13,8,0
BRDA:136,13,9,0
BRDA:136,13,10,0
BRDA:158,14,0,0
BRDA:158,14,1,0
BRDA:199,15,0,0
BRDA:199,15,1,0
BRDA:210,16,0,0
BRDA:212,17,0,0
BRDA:212,17,1,0
BRDA:213,18,0,0
BRDA:213,18,1,0
BRDA:215,19,0,0
BRDA:220,20,0,0
BRDA:220,20,1,0
BRDA:236,21,0,0
BRDA:237,22,0,0
BRDA:238,23,0,0
BRDA:238,24,0,0
BRDA:238,24,1,0
BRDA:238,24,2,0
BRDA:243,25,0,0
BRDA:243,25,1,0
BRDA:244,26,0,0
BRDA:252,27,0,0
BRDA:252,27,1,0
BRDA:253,28,0,0
BRDA:253,28,1,0
BRDA:259,29,0,0
BRDA:260,30,0,0
BRDA:260,30,1,0
BRDA:260,31,0,0
BRDA:260,31,1,0
BRDA:260,31,2,0
BRDA:275,32,0,0
BRDA:275,33,0,0
BRDA:275,33,1,0
BRDA:279,34,0,0
BRDA:290,35,0,0
BRDA:295,36,0,0
BRDA:295,36,1,0
BRDA:299,37,0,0
BRDA:299,37,1,0
BRDA:315,38,0,0
BRDA:315,38,1,0
BRDA:316,39,0,0
BRF:87
BRH:0
end_of_record
TN:
SF:src/lib/gramjs/tl/apiTl.ts
FNF:0
FNH:0
DA:1,0
LF:1
LH:0
BRF:0
BRH:0
end_of_record
TN:
SF:src/lib/gramjs/tl/generationHelpers.ts
FN:24,(anonymous_0)
FN:25,(anonymous_1)
FN:28,(anonymous_2)
FN:30,(anonymous_3)
FN:56,(anonymous_4)
FN:71,(anonymous_5)
FN:94,(anonymous_6)
FN:134,buildArgConfig
FN:206,parseTl
FN:207,(anonymous_9)
FN:283,serializeBytes
FN:314,serializeDate
FNF:12
FNH:0
FNDA:0,(anonymous_0)
FNDA:0,(anonymous_1)
FNDA:0,(anonymous_2)
FNDA:0,(anonymous_3)
FNDA:0,(anonymous_4)
FNDA:0,(anonymous_5)
FNDA:0,(anonymous_6)
FNDA:0,buildArgConfig
FNDA:0,parseTl
FNDA:0,(anonymous_9)
FNDA:0,serializeBytes
FNDA:0,serializeDate
DA:1,0
DA:24,0
DA:25,0
DA:26,0
DA:28,0
DA:30,0
DA:35,0
DA:42,0
DA:56,0
DA:57,0
DA:58,0
DA:61,0
DA:63,0
DA:64,0
DA:65,0
DA:68,0
DA:71,0
DA:72,0
DA:73,0
DA:75,0
DA:78,0
DA:79,0
DA:88,0
DA:89,0
DA:92,0
DA:93,0
DA:94,0
DA:97,0
DA:100,0
DA:106,0
DA:108,0
DA:112,0
DA:114,0
DA:115,0
DA:116,0
DA:119,0
DA:120,0
DA:122,0
DA:131,0
DA:135,0
DA:137,0
DA:149,0
DA:150,0
DA:152,0
DA:158,0
DA:160,0
DA:161,0
DA:162,0
DA:163,0
DA:165,0
DA:169,0
DA:171,0
DA:172,0
DA:176,0
DA:179,0
DA:184,0
DA:188,0
DA:203,0
DA:206,0
DA:207,0
DA:211,0
DA:212,0
DA:213,0
DA:215,0
DA:217,0
DA:219,0
DA:220,0
DA:222,0
DA:223,0
DA:226,0
DA:228,0
DA:229,0
DA:232,0
DA:234,0
DA:235,0
DA:236,0
DA:237,0
DA:240,0
DA:241,0
DA:243,0
DA:244,0
DA:247,0
DA:249,0
DA:250,0
DA:251,0
DA:254,0
DA:255,0
DA:258,0
DA:260,0
DA:267,0
DA:269,0
DA:270,0
DA:271,0
DA:272,0
DA:278,0
DA:279,0
DA:283,0
DA:284,0
DA:285,0
DA:286,0
DA:288,0
DA:291,0
DA:293,0
DA:294,0
DA:295,0
DA:296,0
DA:298,0
DA:299,0
DA:301,0
DA:302,0
DA:303,0
DA:305,0
DA:306,0
DA:308,0
DA:311,0
DA:314,0
DA:315,0
DA:316,0
DA:319,0
DA:320,0
DA:322,0
DA:323,0
DA:324,0
DA:325,0
DA:327,0
LF:125
LH:0
BRDA:56,0,0,0
BRDA:57,1,0,0
BRDA:63,2,0,0
BRDA:73,3,0,0
BRDA:88,4,0,0
BRDA:92,5,0,0
BRDA:92,5,1,0
BRDA:106,6,0,0
BRDA:108,7,0,0
BRDA:115,8,0,0
BRDA:119,9,0,0
BRDA:135,10,0,0
BRDA:135,10,1,0
BRDA:149,11,0,0
BRDA:160,12,0,0
BRDA:162,13,0,0
BRDA:162,13,1,0
BRDA:171,14,0,0
BRDA:184,15,0,0
BRDA:206,16,0,0
BRDA:206,17,0,0
BRDA:207,18,0,0
BRDA:207,18,1,0
BRDA:222,19,0,0
BRDA:228,20,0,0
BRDA:234,21,0,0
BRDA:243,22,0,0
BRDA:249,23,0,0
BRDA:250,24,0,0
BRDA:258,25,0,0
BRDA:269,26,0,0
BRDA:271,27,0,0
BRDA:284,28,0,0
BRDA:285,29,0,0
BRDA:285,29,1,0
BRDA:293,30,0,0
BRDA:293,30,1,0
BRDA:295,31,0,0
BRDA:302,32,0,0
BRDA:315,33,0,0
BRDA:319,34,0,0
BRDA:322,35,0,0
BRF:42
BRH:0
end_of_record
TN:
SF:src/lib/gramjs/tl/index.ts
FN:6,(anonymous_1)
FN:7,(anonymous_2)
FNF:2
FNH:0
FNDA:0,(anonymous_1)
FNDA:0,(anonymous_2)
DA:1,0
DA:2,0
DA:5,0
DA:6,0
DA:7,0
LF:5
LH:0
BRF:0
BRH:0
end_of_record
TN:
SF:src/lib/gramjs/tl/schemaTl.ts
FNF:0
FNH:0
DA:1,0
LF:1
LH:0
BRF:0
BRH:0
end_of_record
TN:
SF:src/lib/gramjs/tl/core/GZIPPacked.ts
FN:18,(anonymous_9)
FN:24,(anonymous_10)
FN:34,(anonymous_11)
FN:40,(anonymous_12)
FN:44,(anonymous_13)
FN:53,(anonymous_14)
FN:61,(anonymous_15)
FNF:7
FNH:0
FNDA:0,(anonymous_9)
FNDA:0,(anonymous_10)
FNDA:0,(anonymous_11)
FNDA:0,(anonymous_12)
FNDA:0,(anonymous_13)
FNDA:0,(anonymous_14)
FNDA:0,(anonymous_15)
DA:1,0
DA:5,0
DA:7,0
DA:8,0
DA:10,0
DA:19,0
DA:20,0
DA:21,0
DA:25,0
DA:26,0
DA:27,0
DA:28,0
DA:31,0
DA:35,0
DA:41,0
DA:45,0
DA:46,0
DA:47,0
DA:54,0
DA:55,0
DA:56,0
DA:58,0
DA:62,0
DA:63,0
LF:24
LH:0
BRDA:25,0,0,0
BRDA:25,1,0,0
BRDA:25,1,1,0
BRDA:27,2,0,0
BRDA:55,3,0,0
BRF:5
BRH:0
end_of_record
TN:
SF:src/lib/gramjs/tl/core/MessageContainer.ts
FN:31,(anonymous_1)
FN:37,(anonymous_2)
FNF:2
FNH:0
FNDA:0,(anonymous_1)
FNDA:0,(anonymous_2)
DA:3,0
DA:5,0
DA:6,0
DA:8,0
DA:13,0
DA:23,0
DA:32,0
DA:33,0
DA:34,0
DA:38,0
DA:39,0
DA:40,0
DA:41,0
DA:42,0
DA:43,0
DA:44,0
DA:45,0
DA:46,0
DA:47,0
DA:48,0
DA:50,0
LF:21
LH:0
BRF:0
BRH:0
end_of_record
TN:
SF:src/lib/gramjs/tl/core/RPCResult.ts
FN:24,(anonymous_1)
FN:36,(anonymous_2)
FNF:2
FNH:0
FNDA:0,(anonymous_1)
FNDA:0,(anonymous_2)
DA:5,0
DA:7,0
DA:9,0
DA:10,0
DA:12,0
DA:29,0
DA:30,0
DA:31,0
DA:32,0
DA:33,0
DA:37,0
DA:38,0
DA:39,0
DA:40,0
DA:46,0
DA:47,0
DA:52,0
DA:56,0
LF:18
LH:0
BRDA:39,0,0,0
BRDA:46,1,0,0
BRF:2
BRH:0
end_of_record
TN:
SF:src/lib/gramjs/tl/core/TLMessage.ts
FN:14,(anonymous_0)
FNF:1
FNH:0
FNDA:0,(anonymous_0)
DA:3,0
DA:4,0
DA:6,0
DA:15,0
DA:16,0
DA:17,0
LF:6
LH:0
BRF:0
BRH:0
end_of_record
TN:
SF:src/lib/gramjs/tl/core/index.ts
FNF:0
FNH:0
DA:1,0
DA:2,0
DA:3,0
DA:4,0
DA:6,0
DA:12,0
DA:13,0
DA:14,0
DA:15,0
LF:9
LH:0
BRF:0
BRH:0
end_of_record
TN:
SF:src/lib/gramjs/updates/UpdatePremiumFloodWait.ts
FN:2,(anonymous_0)
FNF:1
FNH:0
FNDA:0,(anonymous_0)
DA:1,0
DA:2,0
LF:2
LH:0
BRF:0
BRH:0
end_of_record
TN:
SF:src/lib/gramjs/updates/UpdatePts.ts
FN:4,(anonymous_0)
FN:8,(anonymous_1)
FN:13,buildLocalUpdatePts
FNF:3
FNH:0
FNDA:0,(anonymous_0)
FNDA:0,(anonymous_1)
FNDA:0,buildLocalUpdatePts
DA:3,0
DA:4,0
DA:7,0
DA:8,0
DA:13,0
DA:14,0
LF:6
LH:0
BRDA:14,0,0,0
BRDA:14,0,1,0
BRF:2
BRH:0
end_of_record
TN:
SF:src/lib/gramjs/util/Deferred.ts
FN:8,(anonymous_0)
FN:9,(anonymous_1)
FN:17,(anonymous_2)
FNF:3
FNH:0
FNDA:0,(anonymous_0)
FNDA:0,(anonymous_1)
FNDA:0,(anonymous_2)
DA:1,0
DA:9,0
DA:10,0
DA:11,0
DA:18,0
DA:19,0
DA:20,0
LF:7
LH:0
BRF:0
BRH:0
end_of_record
TN:
SF:src/lib/gramjs/util/foreman.ts
FN:10,(anonymous_1)
FN:13,(anonymous_2)
FN:28,(anonymous_3)
FN:37,(anonymous_4)
FNF:4
FNH:0
FNDA:0,(anonymous_1)
FNDA:0,(anonymous_2)
FNDA:0,(anonymous_3)
FNDA:0,(anonymous_4)
DA:1,0
DA:3,0
DA:4,0
DA:6,0
DA:8,0
DA:10,0
DA:14,0
DA:15,0
DA:16,0
DA:17,0
DA:19,0
DA:21,0
DA:24,0
DA:25,0
DA:29,0
DA:30,0
DA:31,0
DA:33,0
DA:38,0
LF:19
LH:0
BRDA:14,0,0,0
BRDA:16,1,0,0
BRDA:16,1,1,0
BRDA:29,2,0,0
BRDA:29,2,1,0
BRDA:30,3,0,0
BRDA:30,3,1,0
BRF:7
BRH:0
end_of_record
TN:
SF:src/lib/gramjs/util/iteratees.ts
FN:11,buildCollectionByKey
FN:12,(anonymous_1)
FN:19,buildCollectionByCallback
FN:23,(anonymous_3)
FN:31,mapValues
FN:35,(anonymous_5)
FN:41,pick
FN:42,(anonymous_7)
FN:48,pickTruthy
FN:49,(anonymous_9)
FN:58,omit
FN:61,(anonymous_11)
FN:66,omitUndefined
FN:67,(anonymous_13)
FN:76,orderBy
FN:81,compareValues
FN:94,(anonymous_16)
FN:100,(anonymous_17)
FN:105,unique
FN:109,uniqueByField
FN:110,(anonymous_20)
FN:113,compact
FN:117,areSortedArraysEqual
FN:122,(anonymous_23)
FN:125,areSortedArraysIntersecting
FN:128,isInsideSortedArrayRange
FN:132,findIntersectionWithSet
FN:133,(anonymous_27)
FN:141,excludeSortedArray
FN:159,split
FN:168,partition
FN:174,(anonymous_31)
FN:179,cloneDeep
FN:188,(anonymous_33)
FN:194,isLiteralObject
FN:198,isObject
FN:203,findLast
FN:215,compareFields
FNF:38
FNH:0
FNDA:0,buildCollectionByKey
FNDA:0,(anonymous_1)
FNDA:0,buildCollectionByCallback
FNDA:0,(anonymous_3)
FNDA:0,mapValues
FNDA:0,(anonymous_5)
FNDA:0,pick
FNDA:0,(anonymous_7)
FNDA:0,pickTruthy
FNDA:0,(anonymous_9)
FNDA:0,omit
FNDA:0,(anonymous_11)
FNDA:0,omitUndefined
FNDA:0,(anonymous_13)
FNDA:0,orderBy
FNDA:0,compareValues
FNDA:0,(anonymous_16)
FNDA:0,(anonymous_17)
FNDA:0,unique
FNDA:0,uniqueByField
FNDA:0,(anonymous_20)
FNDA:0,compact
FNDA:0,areSortedArraysEqual
FNDA:0,(anonymous_23)
FNDA:0,areSortedArraysIntersecting
FNDA:0,isInsideSortedArrayRange
FNDA:0,findIntersectionWithSet
FNDA:0,(anonymous_27)
FNDA:0,excludeSortedArray
FNDA:0,split
FNDA:0,partition
FNDA:0,(anonymous_31)
FNDA:0,cloneDeep
FNDA:0,(anonymous_33)
FNDA:0,isLiteralObject
FNDA:0,isObject
FNDA:0,findLast
FNDA:0,compareFields
DA:11,0
DA:12,0
DA:13,0
DA:15,0
DA:19,0
DA:23,0
DA:24,0
DA:25,0
DA:27,0
DA:31,0
DA:35,0
DA:36,0
DA:37,0
DA:41,0
DA:42,0
DA:43,0
DA:44,0
DA:48,0
DA:49,0
DA:50,0
DA:51,0
DA:54,0
DA:58,0
DA:59,0
DA:60,0
DA:61,0
DA:63,0
DA:66,0
DA:67,0
DA:68,0
DA:69,0
DA:70,0
DA:72,0
DA:76,0
DA:82,0
DA:83,0
DA:85,0
DA:88,0
DA:89,0
DA:90,0
DA:91,0
DA:92,0
DA:94,0
DA:95,0
DA:99,0
DA:100,0
DA:101,0
DA:105,0
DA:106,0
DA:109,0
DA:110,0
DA:113,0
DA:114,0
DA:117,0
DA:118,0
DA:119,0
DA:122,0
DA:125,0
DA:126,0
DA:128,0
DA:129,0
DA:132,0
DA:133,0
DA:141,0
DA:142,0
DA:144,0
DA:146,0
DA:148,0
DA:149,0
DA:150,0
DA:152,0
DA:156,0
DA:159,0
DA:160,0
DA:161,0
DA:162,0
DA:165,0
DA:168,0
DA:171,0
DA:172,0
DA:174,0
DA:176,0
DA:179,0
DA:180,0
DA:181,0
DA:184,0
DA:185,0
DA:188,0
DA:189,0
DA:190,0
DA:194,0
DA:195,0
DA:200,0
DA:203,0
DA:204,0
DA:206,0
DA:207,0
DA:208,0
DA:212,0
DA:215,0
DA:216,0
LF:101
LH:0
BRDA:50,0,0,0
BRDA:69,1,0,0
BRDA:79,2,0,0
BRDA:82,3,0,0
BRDA:82,3,1,0
BRDA:82,4,0,0
BRDA:82,4,1,0
BRDA:83,5,0,0
BRDA:83,5,1,0
BRDA:83,6,0,0
BRDA:83,6,1,0
BRDA:85,7,0,0
BRDA:85,7,1,0
BRDA:88,8,0,0
BRDA:89,9,0,0
BRDA:89,9,1,0
BRDA:95,10,0,0
BRDA:95,10,1,0
BRDA:118,11,0,0
BRDA:126,12,0,0
BRDA:126,12,1,0
BRDA:129,13,0,0
BRDA:129,13,1,0
BRDA:142,14,0,0
BRDA:149,15,0,0
BRDA:149,15,1,0
BRDA:174,16,0,0
BRDA:174,16,1,0
BRDA:180,17,0,0
BRDA:184,18,0,0
BRDA:195,19,0,0
BRDA:195,19,1,0
BRDA:200,20,0,0
BRDA:200,20,1,0
BRDA:207,21,0,0
BRF:35
BRH:0
end_of_record
TN:
SF:src/lib/gramjs/util/serverTime.ts
FN:3,setServerTimeOffset
FN:7,getServerTimeOffset
FN:11,getServerTime
FNF:3
FNH:0
FNDA:0,setServerTimeOffset
FNDA:0,getServerTimeOffset
FNDA:0,getServerTime
DA:1,0
DA:3,0
DA:4,0
DA:7,0
DA:8,0
DA:11,0
DA:12,0
LF:7
LH:0
BRF:0
BRH:0
end_of_record
TN:
SF:src/modules/telegram.ts
FN:17,init
FN:57,requestPhoneCode
FN:63,(anonymous_3)
FN:64,(anonymous_4)
FN:71,requestPassword
FN:77,(anonymous_6)
FN:78,(anonymous_7)
FNF:7
FNH:0
FNDA:0,init
FNDA:0,requestPhoneCode
FNDA:0,(anonymous_3)
FNDA:0,(anonymous_4)
FNDA:0,requestPassword
FNDA:0,(anonymous_6)
FNDA:0,(anonymous_7)
DA:1,0
DA:3,0
DA:5,0
DA:6,0
DA:7,0
DA:8,0
DA:10,0
DA:12,0
DA:17,0
DA:18,0
DA:20,0
DA:21,0
DA:22,0
DA:25,0
DA:27,0
DA:37,0
DA:49,0
DA:50,0
DA:51,0
DA:54,0
DA:58,0
DA:63,0
DA:64,0
DA:65,0
DA:66,0
DA:72,0
DA:77,0
DA:78,0
DA:79,0
DA:80,0
LF:30
LH:0
BRDA:12,0,0,0
BRDA:12,0,1,0
BRDA:20,1,0,0
BRDA:20,2,0,0
BRDA:20,2,1,0
BRDA:20,2,2,0
BRDA:50,3,0,0
BRDA:50,4,0,0
BRDA:50,4,1,0
BRDA:78,5,0,0
BRDA:78,5,1,0
BRF:11
BRH:0
end_of_record
TN:
SF:src/util/callbacks.ts
FN:1,createCallbackManager
FN:4,addCallback
FN:7,(anonymous_2)
FN:12,removeCallback
FN:16,runCallbacks
FN:17,(anonymous_5)
FN:22,hasCallbacks
FNF:7
FNH:0
FNDA:0,createCallbackManager
FNDA:0,addCallback
FNDA:0,(anonymous_2)
FNDA:0,removeCallback
FNDA:0,runCallbacks
FNDA:0,(anonymous_5)
FNDA:0,hasCallbacks
DA:1,0
DA:2,0
DA:5,0
DA:7,0
DA:8,0
DA:13,0
DA:17,0
DA:18,0
DA:23,0
DA:26,0
LF:10
LH:0
BRF:0
BRH:0
end_of_record
TN:
SF:src/util/iteratees.ts
FN:3,buildCollectionByKey
FN:4,(anonymous_1)
FN:11,mapValues
FN:15,(anonymous_3)
FN:21,pick
FN:22,(anonymous_5)
FN:28,omitUndefined
FN:29,(anonymous_7)
FNF:8
FNH:0
FNDA:0,buildCollectionByKey
FNDA:0,(anonymous_1)
FNDA:0,mapValues
FNDA:0,(anonymous_3)
FNDA:0,pick
FNDA:0,(anonymous_5)
FNDA:0,omitUndefined
FNDA:0,(anonymous_7)
DA:3,0
DA:4,0
DA:5,0
DA:7,0
DA:11,0
DA:15,0
DA:16,0
DA:17,0
DA:21,0
DA:22,0
DA:23,0
DA:24,0
DA:28,0
DA:29,0
DA:30,0
DA:31,0
DA:32,0
DA:34,0
LF:18
LH:0
BRDA:31,0,0,0
BRF:1
BRH:0
end_of_record
TN:
SF:src/util/logger.ts
FN:3,logDebug
FN:9,logDebugError
FN:15,logError
FN:20,logInfo
FN:25,logWarning
FNF:5
FNH:0
FNDA:0,logDebug
FNDA:0,logDebugError
FNDA:0,logError
FNDA:0,logInfo
FNDA:0,logWarning
DA:1,0
DA:3,0
DA:4,0
DA:6,0
DA:9,0
DA:10,0
DA:12,0
DA:15,0
DA:17,0
DA:20,0
DA:22,0
DA:25,0
DA:27,0
LF:13
LH:0
BRDA:4,0,0,0
BRDA:10,1,0,0
BRF:2
BRH:0
end_of_record
TN:
SF:src/util/safeExec.ts
FN:6,safeExec
FN:23,safeExecAsync
FNF:2
FNH:0
FNDA:0,safeExec
FNDA:0,safeExecAsync
DA:1,0
DA:6,0
DA:12,0
DA:13,0
DA:15,0
DA:16,0
DA:17,0
DA:19,0
DA:23,0
DA:29,0
DA:30,0
DA:31,0
DA:33,0
DA:34,0
DA:35,0
DA:37,0
LF:16
LH:0
BRDA:10,0,0,0
BRDA:16,1,0,0
BRDA:27,2,0,0
BRDA:34,3,0,0
BRF:4
BRH:0
end_of_record
TN:
SF:src/util/schedulers.ts
FN:1,(anonymous_0)
FN:1,(anonymous_1)
FN:2,(anonymous_2)
FN:5,throttle
FN:14,(anonymous_4)
FN:25,(anonymous_5)
FNF:6
FNH:0
FNDA:0,(anonymous_0)
FNDA:0,(anonymous_1)
FNDA:0,(anonymous_2)
FNDA:0,throttle
FNDA:0,(anonymous_4)
FNDA:0,(anonymous_5)
DA:1,0
DA:2,0
DA:5,0
DA:14,0
DA:15,0
DA:16,0
DA:18,0
DA:19,0
DA:20,0
DA:21,0
DA:25,0
DA:26,0
DA:28,0
DA:29,0
DA:30,0
DA:33,0
DA:34,0
LF:17
LH:0
BRDA:8,0,0,0
BRDA:18,1,0,0
BRDA:19,2,0,0
BRDA:26,3,0,0
BRF:4
BRH:0
end_of_record
TN:
SF:src/util/toNativeBigInt.ts
FN:3,toNativeBigInt
FNF:1
FNH:0
FNDA:0,toNativeBigInt
DA:3,0
DA:4,0
LF:2
LH:0
BRF:0
BRH:0
end_of_record
TN:
SF:src/util/withCache.ts
FN:3,withCache
FN:4,(anonymous_1)
FN:26,buildCacheKey
FN:27,(anonymous_3)
FNF:4
FNH:0
FNDA:0,withCache
FNDA:0,(anonymous_1)
FNDA:0,buildCacheKey
FNDA:0,(anonymous_3)
DA:1,0
DA:3,0
DA:4,0
DA:5,0
DA:6,0
DA:8,0
DA:9,0
DA:10,0
DA:11,0
DA:14,0
DA:15,0
DA:18,0
DA:20,0
DA:22,0
DA:26,0
DA:27,0
DA:28,0
LF:17
LH:0
BRDA:8,0,0,0
BRDA:8,0,1,0
BRDA:10,1,0,0
BRDA:28,2,0,0
BRDA:28,2,1,0
BRF:5
BRH:0
end_of_record
